#
# There is insufficient memory for the Java Runtime Environment to continue.
# Native memory allocation (mmap) failed to map 132120576 bytes for G1 virtual space
# Possible reasons:
#   The system is out of physical RAM or swap space
#   The process is running with CompressedOops enabled, and the Java Heap may be blocking the growth of the native heap
# Possible solutions:
#   Reduce memory load on the system
#   Increase physical memory or swap space
#   Check if swap backing store is full
#   Decrease Java heap size (-Xmx/-Xms)
#   Decrease number of Java threads
#   Decrease Java thread stack sizes (-Xss)
#   Set larger code cache with -XX:ReservedCodeCacheSize=
#   JVM is running with Unscaled Compressed Oops mode in which the Java heap is
#     placed in the first 4GB address space. The Java Heap base address is the
#     maximum limit for the native heap growth. Please use -XX:HeapBaseMinAddress
#     to set the Java Heap base and to place the Java Heap above 4GB virtual address.
# This output file may be truncated or incomplete.
#
#  Out of Memory Error (os_windows.cpp:3469), pid=11912, tid=27208
#
# JRE version:  (17.0.1+12) (build )
# Java VM: Java HotSpot(TM) 64-Bit Server VM (17.0.1+12-LTS-39, mixed mode, sharing, tiered, compressed oops, compressed class ptrs, g1 gc, windows-amd64)
# No core dump will be written. Minidumps are not enabled by default on client versions of Windows
#

---------------  S U M M A R Y ------------

Command Line: -javaagent:C:\Program Files\JetBrains\IntelliJ IDEA Community Edition 2021.2.3\lib\idea_rt.jar=64307:C:\Program Files\JetBrains\IntelliJ IDEA Community Edition 2021.2.3\bin -Dfile.encoding=UTF-8 Menu

Host: 11th Gen Intel(R) Core(TM) i5-1135G7 @ 2.40GHz, 8 cores, 7G,  Windows 10 , 64 bit Build 22621 (10.0.22621.1635)
Time: Sat May 13 00:11:17 2023  Windows 10 , 64 bit Build 22621 (10.0.22621.1635) elapsed time: 0.019592 seconds (0d 0h 0m 0s)

---------------  T H R E A D  ---------------

Current thread (0x000002020df4b360):  JavaThread "Unknown thread" [_thread_in_vm, id=27208, stack(0x0000002563700000,0x0000002563800000)]

Stack: [0x0000002563700000,0x0000002563800000]
Native frames: (J=compiled Java code, j=interpreted, Vv=VM code, C=native code)
V  [jvm.dll+0x66fa1a]
V  [jvm.dll+0x7ce5a4]
V  [jvm.dll+0x7cfd4e]
V  [jvm.dll+0x7d03b3]
V  [jvm.dll+0x242b05]
V  [jvm.dll+0x66ca39]
V  [jvm.dll+0x661502]
V  [jvm.dll+0x30081b]
V  [jvm.dll+0x307da6]
V  [jvm.dll+0x357a1e]
V  [jvm.dll+0x357c4f]
V  [jvm.dll+0x2d7ad8]
V  [jvm.dll+0x2d8a44]
V  [jvm.dll+0x7a01e1]
V  [jvm.dll+0x365791]
V  [jvm.dll+0x77f6cc]
V  [jvm.dll+0x3e812f]
V  [jvm.dll+0x3e9bd1]
C  [jli.dll+0x527b]
C  [ucrtbase.dll+0x29363]
C  [KERNEL32.DLL+0x126ad]
C  [ntdll.dll+0x5a9f8]


---------------  P R O C E S S  ---------------

Threads class SMR info:
_java_thread_list=0x00007ffef9067818, length=0, elements={
}

Java Threads: ( => current thread )

Other Threads:
  0x000002020df880e0 GCTaskThread "GC Thread#0" [stack: 0x0000002563900000,0x0000002563a00000] [id=3268]
  0x000002020df98a40 ConcurrentGCThread "G1 Main Marker" [stack: 0x0000002563a00000,0x0000002563b00000] [id=2212]
  0x000002020df9a5c0 ConcurrentGCThread "G1 Conc#0" [stack: 0x0000002563b00000,0x0000002563c00000] [id=2996]

[error occurred during error reporting (printing all threads), id 0xc0000005, EXCEPTION_ACCESS_VIOLATION (0xc0000005) at pc=0x00007ffef88b84b7]

VM state: not at safepoint (not fully initialized)

VM Mutex/Monitor currently owned by a thread:  ([mutex/lock_event])
[0x000002020df46210] Heap_lock - owner thread: 0x000002020df4b360

Heap address: 0x0000000083a00000, size: 1990 MB, Compressed Oops mode: 32-bit

CDS archive(s) mapped at: [0x0000000000000000-0x0000000000000000-0x0000000000000000), size 0, SharedBaseAddress: 0x0000000800000000, ArchiveRelocationMode: 0.
Narrow klass base: 0x0000000000000000, Narrow klass shift: 0, Narrow klass range: 0x0

GC Precious Log:
<Empty>

Heap:
 garbage-first heap   total 0K, used 0K [0x0000000083a00000, 0x0000000100000000)
  region size 1024K, 0 young (0K), 0 survivors (0K)

[error occurred during error reporting (printing heap information), id 0xc0000005, EXCEPTION_ACCESS_VIOLATION (0xc0000005) at pc=0x00007ffef8c98d89]

GC Heap History (0 events):
No events

Deoptimization events (0 events):
No events

Classes unloaded (0 events):
No events

Classes redefined (0 events):
No events

Internal exceptions (0 events):
No events

VM Operations (0 events):
No events

Events (1 events):
Event: 0.012 Loaded shared library C:\Program Files\Java\jdk-17.0.1\bin\java.dll


Dynamic libraries:
0x00007ff6971f0000 - 0x00007ff697200000 	C:\Program Files\Java\jdk-17.0.1\bin\java.exe
0x00007fff48c10000 - 0x00007fff48e24000 	C:\WINDOWS\SYSTEM32\ntdll.dll
0x00007fff48130000 - 0x00007fff481f2000 	C:\WINDOWS\System32\KERNEL32.DLL
0x00007fff46660000 - 0x00007fff46a03000 	C:\WINDOWS\System32\KERNELBASE.dll
0x00007fff46030000 - 0x00007fff46141000 	C:\WINDOWS\System32\ucrtbase.dll
0x00007fff3dae0000 - 0x00007fff3daf8000 	C:\Program Files\Java\jdk-17.0.1\bin\jli.dll
0x00007fff47600000 - 0x00007fff476ae000 	C:\WINDOWS\System32\ADVAPI32.dll
0x00007fff48a70000 - 0x00007fff48b17000 	C:\WINDOWS\System32\msvcrt.dll
0x00007fff48b20000 - 0x00007fff48bc4000 	C:\WINDOWS\System32\sechost.dll
0x00007fff476b0000 - 0x00007fff477c7000 	C:\WINDOWS\System32\RPCRT4.dll
0x00007fff485a0000 - 0x00007fff4874b000 	C:\WINDOWS\System32\USER32.dll
0x00007fff46630000 - 0x00007fff46656000 	C:\WINDOWS\System32\win32u.dll
0x00007fff47f60000 - 0x00007fff47f89000 	C:\WINDOWS\System32\GDI32.dll
0x00007fff46150000 - 0x00007fff46268000 	C:\WINDOWS\System32\gdi32full.dll
0x00007fff46270000 - 0x00007fff4630a000 	C:\WINDOWS\System32\msvcp_win.dll
0x00007fff3db70000 - 0x00007fff3db8a000 	C:\Program Files\Java\jdk-17.0.1\bin\VCRUNTIME140.dll
0x00007fff29950000 - 0x00007fff29bde000 	C:\WINDOWS\WinSxS\amd64_microsoft.windows.common-controls_6595b64144ccf1df_6.0.22621.1635_none_270f70857386168e\COMCTL32.dll
0x00007fff3d970000 - 0x00007fff3d97a000 	C:\WINDOWS\SYSTEM32\VERSION.dll
0x00007fff473b0000 - 0x00007fff473e1000 	C:\WINDOWS\System32\IMM32.DLL
0x00007fff3dad0000 - 0x00007fff3dadc000 	C:\Program Files\Java\jdk-17.0.1\bin\vcruntime140_1.dll
0x00007fff37af0000 - 0x00007fff37b7d000 	C:\Program Files\Java\jdk-17.0.1\bin\msvcp140.dll
0x00007ffef85d0000 - 0x00007ffef918e000 	C:\Program Files\Java\jdk-17.0.1\bin\server\jvm.dll
0x00007fff48200000 - 0x00007fff48208000 	C:\WINDOWS\System32\PSAPI.DLL
0x00007fff23e70000 - 0x00007fff23e79000 	C:\WINDOWS\SYSTEM32\WSOCK32.dll
0x00007fff477d0000 - 0x00007fff47841000 	C:\WINDOWS\System32\WS2_32.dll
0x00007fff3d980000 - 0x00007fff3d9b4000 	C:\WINDOWS\SYSTEM32\WINMM.dll
0x00007fff45170000 - 0x00007fff45188000 	C:\WINDOWS\SYSTEM32\kernel.appcore.dll
0x00007fff3dac0000 - 0x00007fff3daca000 	C:\Program Files\Java\jdk-17.0.1\bin\jimage.dll
0x00007fff43840000 - 0x00007fff43a6e000 	C:\WINDOWS\SYSTEM32\DBGHELP.DLL
0x00007fff48210000 - 0x00007fff48599000 	C:\WINDOWS\System32\combase.dll
0x00007fff48800000 - 0x00007fff488d7000 	C:\WINDOWS\System32\OLEAUT32.dll
0x00007fff33f20000 - 0x00007fff33f52000 	C:\WINDOWS\SYSTEM32\dbgcore.DLL
0x00007fff464f0000 - 0x00007fff4656b000 	C:\WINDOWS\System32\bcryptPrimitives.dll
0x00007fff3dab0000 - 0x00007fff3dabe000 	C:\Program Files\Java\jdk-17.0.1\bin\instrument.dll
0x00007fff37a70000 - 0x00007fff37a95000 	C:\Program Files\Java\jdk-17.0.1\bin\java.dll

dbghelp: loaded successfully - version: 4.0.5 - missing functions: none
symbol engine: initialized successfully - sym options: 0x614 - pdb path: .;C:\Program Files\Java\jdk-17.0.1\bin;C:\WINDOWS\SYSTEM32;C:\WINDOWS\WinSxS\amd64_microsoft.windows.common-controls_6595b64144ccf1df_6.0.22621.1635_none_270f70857386168e;C:\Program Files\Java\jdk-17.0.1\bin\server

VM Arguments:
jvm_args: -javaagent:C:\Program Files\JetBrains\IntelliJ IDEA Community Edition 2021.2.3\lib\idea_rt.jar=64307:C:\Program Files\JetBrains\IntelliJ IDEA Community Edition 2021.2.3\bin -Dfile.encoding=UTF-8 
java_command: Menu
java_class_path (initial): G:\IntellijProjects\Pacman\out\production\Pacman
Launcher Type: SUN_STANDARD

[Global flags]
     intx CICompilerCount                          = 4                                         {product} {ergonomic}
     uint ConcGCThreads                            = 2                                         {product} {ergonomic}
     uint G1ConcRefinementThreads                  = 8                                         {product} {ergonomic}
   size_t G1HeapRegionSize                         = 1048576                                   {product} {ergonomic}
    uintx GCDrainStackTargetSize                   = 64                                        {product} {ergonomic}
   size_t InitialHeapSize                          = 132120576                                 {product} {ergonomic}
   size_t MarkStackSize                            = 4194304                                   {product} {ergonomic}
   size_t MaxHeapSize                              = 2086666240                                {product} {ergonomic}
   size_t MinHeapDeltaBytes                        = 1048576                                   {product} {ergonomic}
   size_t MinHeapSize                              = 8388608                                   {product} {ergonomic}
    uintx NonNMethodCodeHeapSize                   = 5839372                                {pd product} {ergonomic}
    uintx NonProfiledCodeHeapSize                  = 122909434                              {pd product} {ergonomic}
    uintx ProfiledCodeHeapSize                     = 122909434                              {pd product} {ergonomic}
    uintx ReservedCodeCacheSize                    = 251658240                              {pd product} {ergonomic}
     bool SegmentedCodeCache                       = true                                      {product} {ergonomic}
   size_t SoftMaxHeapSize                          = 2086666240                             {manageable} {ergonomic}
     bool UseCompressedClassPointers               = true                           {product lp64_product} {ergonomic}
     bool UseCompressedOops                        = true                           {product lp64_product} {ergonomic}
     bool UseG1GC                                  = true                                      {product} {ergonomic}
     bool UseLargePagesIndividualAllocation        = false                                  {pd product} {ergonomic}

Logging:
Log output configuration:
 #0: stdout all=warning uptime,level,tags
 #1: stderr all=off uptime,level,tags

Environment Variables:
JAVA_HOME=C:\Program Files\Java\jdk-17.0.1
PATH=C:\Program Files\Common Files\Oracle\Java\javapath;C:\Windows\system32;C:\Windows;C:\Windows\System32\Wbem;C:\Windows\System32\WindowsPowerShell\v1.0\;C:\Windows\System32\OpenSSH\;C:\Program Files\Java\jdk-17.0.1\bin;C:\WINDOWS\system32;C:\WINDOWS;C:\WINDOWS\System32\Wbem;C:\WINDOWS\System32\WindowsPowerShell\v1.0\;C:\WINDOWS\System32\OpenSSH\;C:\Program Files\Git\cmd;C:\Program Files\PuTTY\;C:\Users\HP\AppData\Local\Microsoft\WindowsApps;;C:\Users\HP\AppData\Local\Programs\Microsoft VS Code\bin;C:\Program Files\JetBrains\CLion 2022.3.2\bin;
USERNAME=HP
OS=Windows_NT
PROCESSOR_IDENTIFIER=Intel64 Family 6 Model 140 Stepping 1, GenuineIntel



---------------  S Y S T E M  ---------------

OS:
 Windows 10 , 64 bit Build 22621 (10.0.22621.1635)
OS uptime: 2 days 17:30 hours

CPU: total 8 (initial active 8) (4 cores per cpu, 2 threads per core) family 6 model 140 stepping 1 microcode 0x86, cx8, cmov, fxsr, ht, mmx, 3dnowpref, sse, sse2, sse3, ssse3, sse4.1, sse4.2, popcnt, lzcnt, tsc, tscinvbit, avx, avx2, aes, erms, clmul, bmi1, bmi2, adx, avx512f, avx512dq, avx512cd, avx512bw, avx512vl, sha, fma, vzeroupper, avx512_vpopcntdq, avx512_vpclmulqdq, avx512_vaes, avx512_vnni, clflush, clflushopt, clwb, avx512_vbmi2, avx512_vbmi

Memory: 4k page, system-wide physical 7957M (109M free)
TotalPageFile size 21300M (AvailPageFile size 29M)
current process WorkingSet (physical memory assigned to process): 10M, peak: 11M
current process commit charge ("private bytes"): 60M, peak: 186M

vm_info: Java HotSpot(TM) 64-Bit Server VM (17.0.1+12-LTS-39) for windows-amd64 JRE (17.0.1+12-LTS-39), built on Sep 27 2021 18:41:35 by "mach5one" with MS VC++ 16.8 (VS2019)

END.
