#
# There is insufficient memory for the Java Runtime Environment to continue.
# Native memory allocation (mmap) failed to map 383778816 bytes for G1 virtual space
# Possible reasons:
#   The system is out of physical RAM or swap space
#   The process is running with CompressedOops enabled, and the Java Heap may be blocking the growth of the native heap
# Possible solutions:
#   Reduce memory load on the system
#   Increase physical memory or swap space
#   Check if swap backing store is full
#   Decrease Java heap size (-Xmx/-Xms)
#   Decrease number of Java threads
#   Decrease Java thread stack sizes (-Xss)
#   Set larger code cache with -XX:ReservedCodeCacheSize=
#   JVM is running with Unscaled Compressed Oops mode in which the Java heap is
#     placed in the first 4GB address space. The Java Heap base address is the
#     maximum limit for the native heap growth. Please use -XX:HeapBaseMinAddress
#     to set the Java Heap base and to place the Java Heap above 4GB virtual address.
# This output file may be truncated or incomplete.
#
#  Out of Memory Error (os_windows.cpp:3469), pid=45260, tid=43604
#
# JRE version: Java(TM) SE Runtime Environment (17.0.1+12) (build 17.0.1+12-LTS-39)
# Java VM: Java HotSpot(TM) 64-Bit Server VM (17.0.1+12-LTS-39, mixed mode, sharing, tiered, compressed oops, compressed class ptrs, g1 gc, windows-amd64)
# No core dump will be written. Minidumps are not enabled by default on client versions of Windows
#

---------------  S U M M A R Y ------------

Command Line: -javaagent:C:\Program Files\JetBrains\IntelliJ IDEA Community Edition 2021.2.3\lib\idea_rt.jar=58856:C:\Program Files\JetBrains\IntelliJ IDEA Community Edition 2021.2.3\bin -Dfile.encoding=windows-1251 Pacman

Host: 11th Gen Intel(R) Core(TM) i5-1135G7 @ 2.40GHz, 8 cores, 7G,  Windows 10 , 64 bit Build 22621 (10.0.22621.3374)
Time: Wed May  1 00:23:11 2024  Windows 10 , 64 bit Build 22621 (10.0.22621.3374) elapsed time: 34.720162 seconds (0d 0h 0m 34s)

---------------  T H R E A D  ---------------

Current thread (0x000001c0fd024f40):  VMThread "VM Thread" [stack: 0x0000002f0da00000,0x0000002f0db00000] [id=43604]

Stack: [0x0000002f0da00000,0x0000002f0db00000]
Native frames: (J=compiled Java code, j=interpreted, Vv=VM code, C=native code)
V  [jvm.dll+0x66fa1a]
V  [jvm.dll+0x7ce5a4]
V  [jvm.dll+0x7cfd4e]
V  [jvm.dll+0x7d03b3]
V  [jvm.dll+0x242b05]
V  [jvm.dll+0x66ca39]
V  [jvm.dll+0x661502]
V  [jvm.dll+0x30081b]
V  [jvm.dll+0x307da6]
V  [jvm.dll+0x357a1e]
V  [jvm.dll+0x357c4f]
V  [jvm.dll+0x2d7ad8]
V  [jvm.dll+0x2d5da4]
V  [jvm.dll+0x2d53ac]
V  [jvm.dll+0x319031]
V  [jvm.dll+0x7d484b]
V  [jvm.dll+0x7d5584]
V  [jvm.dll+0x7d5a9c]
V  [jvm.dll+0x7d5e74]
V  [jvm.dll+0x7d5f40]
V  [jvm.dll+0x77e91a]
V  [jvm.dll+0x66e845]
C  [ucrtbase.dll+0x29333]
C  [KERNEL32.DLL+0x1257d]
C  [ntdll.dll+0x5aa48]

VM_Operation (0x0000002f0ebfd100): G1TryInitiateConcMark, mode: safepoint, requested by thread 0x000001c0fd04a6c0


---------------  P R O C E S S  ---------------

Threads class SMR info:
_java_thread_list=0x000001c0fe1d8600, length=21, elements={
0x000001c0fd02a9e0, 0x000001c0fd02b590, 0x000001c0fd0412e0, 0x000001c0fd041e90,
0x000001c0fd047170, 0x000001c0fd048eb0, 0x000001c0fd04c3f0, 0x000001c0fd058bc0,
0x000001c0fd05c4e0, 0x000001c0fd0489e0, 0x000001c0fd049380, 0x000001c0fd04ab90,
0x000001c0fd048040, 0x000001c0fd04b530, 0x000001c0fd049d20, 0x000001c0fd04a6c0,
0x000001c0fd049850, 0x000001c0fd047b70, 0x000001c0fe5352d0, 0x000001c0fe539630,
0x000001c0fe533f90
}

Java Threads: ( => current thread )
  0x000001c0fd02a9e0 JavaThread "Reference Handler" daemon [_thread_blocked, id=42556, stack(0x0000002f0db00000,0x0000002f0dc00000)]
  0x000001c0fd02b590 JavaThread "Finalizer" daemon [_thread_blocked, id=11388, stack(0x0000002f0dc00000,0x0000002f0dd00000)]
  0x000001c0fd0412e0 JavaThread "Signal Dispatcher" daemon [_thread_blocked, id=54748, stack(0x0000002f0dd00000,0x0000002f0de00000)]
  0x000001c0fd041e90 JavaThread "Attach Listener" daemon [_thread_blocked, id=48872, stack(0x0000002f0de00000,0x0000002f0df00000)]
  0x000001c0fd047170 JavaThread "Service Thread" daemon [_thread_blocked, id=13696, stack(0x0000002f0df00000,0x0000002f0e000000)]
  0x000001c0fd048eb0 JavaThread "Monitor Deflation Thread" daemon [_thread_blocked, id=11864, stack(0x0000002f0e000000,0x0000002f0e100000)]
  0x000001c0fd04c3f0 JavaThread "C2 CompilerThread0" daemon [_thread_blocked, id=25992, stack(0x0000002f0e100000,0x0000002f0e200000)]
  0x000001c0fd058bc0 JavaThread "C1 CompilerThread0" daemon [_thread_blocked, id=43288, stack(0x0000002f0e200000,0x0000002f0e300000)]
  0x000001c0fd05c4e0 JavaThread "Sweeper thread" daemon [_thread_blocked, id=22948, stack(0x0000002f0e300000,0x0000002f0e400000)]
  0x000001c0fd0489e0 JavaThread "Common-Cleaner" daemon [_thread_blocked, id=28104, stack(0x0000002f0e400000,0x0000002f0e500000)]
  0x000001c0fd049380 JavaThread "Monitor Ctrl-Break" daemon [_thread_in_native, id=53924, stack(0x0000002f0e500000,0x0000002f0e600000)]
  0x000001c0fd04ab90 JavaThread "Notification Thread" daemon [_thread_blocked, id=56032, stack(0x0000002f0e600000,0x0000002f0e700000)]
  0x000001c0fd048040 JavaThread "Java2D Disposer" daemon [_thread_blocked, id=41940, stack(0x0000002f0e800000,0x0000002f0e900000)]
  0x000001c0fd04b530 JavaThread "AWT-Shutdown" [_thread_blocked, id=15820, stack(0x0000002f0e900000,0x0000002f0ea00000)]
  0x000001c0fd049d20 JavaThread "AWT-Windows" daemon [_thread_in_native, id=19816, stack(0x0000002f0ea00000,0x0000002f0eb00000)]
  0x000001c0fd04a6c0 JavaThread "AWT-EventQueue-0" [_thread_blocked, id=51536, stack(0x0000002f0eb00000,0x0000002f0ec00000)]
  0x000001c0fd049850 JavaThread "DestroyJavaVM" [_thread_blocked, id=55992, stack(0x0000002f0d400000,0x0000002f0d500000)]
  0x000001c0fd047b70 JavaThread "TimerQueue" daemon [_thread_blocked, id=25708, stack(0x0000002f0f000000,0x0000002f0f100000)]
  0x000001c0fe5352d0 JavaThread "Thread-0" [_thread_blocked, id=38596, stack(0x0000002f0fa00000,0x0000002f0fb00000)]
  0x000001c0fe539630 JavaThread "Thread-1" [_thread_blocked, id=53500, stack(0x0000002f0fb00000,0x0000002f0fc00000)]
  0x000001c0fe533f90 JavaThread "Thread-2" [_thread_blocked, id=36876, stack(0x0000002f0fc00000,0x0000002f0fd00000)]

Other Threads:
=>0x000001c0fd024f40 VMThread "VM Thread" [stack: 0x0000002f0da00000,0x0000002f0db00000] [id=43604]
  0x000001c0df172cf0 WatcherThread [stack: 0x0000002f0e700000,0x0000002f0e800000] [id=44132]
  0x000001c0df14de20 GCTaskThread "GC Thread#0" [stack: 0x0000002f0d500000,0x0000002f0d600000] [id=52468]
  0x000001c0fe5090e0 GCTaskThread "GC Thread#1" [stack: 0x0000002f0f100000,0x0000002f0f200000] [id=52204]
  0x000001c0fdc3b600 GCTaskThread "GC Thread#2" [stack: 0x0000002f0f200000,0x0000002f0f300000] [id=9380]
  0x000001c0fdc3b8b0 GCTaskThread "GC Thread#3" [stack: 0x0000002f0f300000,0x0000002f0f400000] [id=46192]
  0x000001c0fdc3bb60 GCTaskThread "GC Thread#4" [stack: 0x0000002f0f400000,0x0000002f0f500000] [id=49376]
  0x000001c08013bed0 GCTaskThread "GC Thread#5" [stack: 0x0000002f0f500000,0x0000002f0f600000] [id=46216]
  0x000001c0fd0c2240 GCTaskThread "GC Thread#6" [stack: 0x0000002f0f600000,0x0000002f0f700000] [id=12480]
  0x000001c0fd0c24f0 GCTaskThread "GC Thread#7" [stack: 0x0000002f0f700000,0x0000002f0f800000] [id=42908]
  0x000001c0df160640 ConcurrentGCThread "G1 Main Marker" [stack: 0x0000002f0d600000,0x0000002f0d700000] [id=288]
  0x000001c0df1617f0 ConcurrentGCThread "G1 Conc#0" [stack: 0x0000002f0d700000,0x0000002f0d800000] [id=44024]
  0x000001c0fd0c27a0 ConcurrentGCThread "G1 Conc#1" [stack: 0x0000002f0f900000,0x0000002f0fa00000] [id=8500]
  0x000001c0df1ddfb0 ConcurrentGCThread "G1 Refine#0" [stack: 0x0000002f0d800000,0x0000002f0d900000] [id=55308]
  0x000001c0df1de9d0 ConcurrentGCThread "G1 Service" [stack: 0x0000002f0d900000,0x0000002f0da00000] [id=52040]

Threads with active compile tasks:

VM state: at safepoint (normal execution)

VM Mutex/Monitor currently owned by a thread:  ([mutex/lock_event])
[0x000001c0df10cf20] Threads_lock - owner thread: 0x000001c0fd024f40
[0x000001c0df10d040] Heap_lock - owner thread: 0x000001c0fd04a6c0

Heap address: 0x0000000083a00000, size: 1990 MB, Compressed Oops mode: 32-bit

CDS archive(s) mapped at: [0x0000000800000000-0x0000000800bc0000-0x0000000800bc0000), size 12320768, SharedBaseAddress: 0x0000000800000000, ArchiveRelocationMode: 0.
Compressed class space mapped at: 0x0000000800c00000-0x0000000840c00000, reserved size: 1073741824
Narrow klass base: 0x0000000800000000, Narrow klass shift: 0, Narrow klass range: 0x100000000

GC Precious Log:
 CPUs: 8 total, 8 available
 Memory: 7957M
 Large Page Support: Disabled
 NUMA Support: Disabled
 Compressed Oops: Enabled (32-bit)
 Heap Region Size: 1M
 Heap Min Capacity: 8M
 Heap Initial Capacity: 126M
 Heap Max Capacity: 1990M
 Pre-touch: Disabled
 Parallel Workers: 8
 Concurrent Workers: 2
 Concurrent Refinement Workers: 8
 Periodic GC: Disabled

Heap:
 garbage-first heap   total 187392K, used 82161K [0x0000000083a00000, 0x0000000100000000)
  region size 1024K, 1 young (1024K), 1 survivors (1024K)
 Metaspace       used 11688K, committed 11904K, reserved 1064960K
  class space    used 1291K, committed 1408K, reserved 1048576K

Heap Regions: E=young(eden), S=young(survivor), O=old, HS=humongous(starts), HC=humongous(continues), CS=collection set, F=free, OA=open archive, CA=closed archive, TAMS=top-at-mark-start (previous, next)
|   0|0x0000000083a00000, 0x0000000083b00000, 0x0000000083b00000|100%|HS|  |TAMS 0x0000000083b00000, 0x0000000083b00000| Complete 
|   1|0x0000000083b00000, 0x0000000083c00000, 0x0000000083c00000|100%|HC|  |TAMS 0x0000000083c00000, 0x0000000083c00000| Complete 
|   2|0x0000000083c00000, 0x0000000083d00000, 0x0000000083d00000|100%|HS|  |TAMS 0x0000000083d00000, 0x0000000083d00000| Complete 
|   3|0x0000000083d00000, 0x0000000083e00000, 0x0000000083e00000|100%|HC|  |TAMS 0x0000000083e00000, 0x0000000083e00000| Complete 
|   4|0x0000000083e00000, 0x0000000083f00000, 0x0000000083f00000|100%|HC|  |TAMS 0x0000000083f00000, 0x0000000083f00000| Complete 
|   5|0x0000000083f00000, 0x0000000084000000, 0x0000000084000000|100%|HC|  |TAMS 0x0000000084000000, 0x0000000084000000| Complete 
|   6|0x0000000084000000, 0x0000000084100000, 0x0000000084100000|100%|HS|  |TAMS 0x0000000084100000, 0x0000000084100000| Complete 
|   7|0x0000000084100000, 0x0000000084200000, 0x0000000084200000|100%|HC|  |TAMS 0x0000000084200000, 0x0000000084200000| Complete 
|   8|0x0000000084200000, 0x0000000084300000, 0x0000000084300000|100%|HS|  |TAMS 0x0000000084300000, 0x0000000084300000| Complete 
|   9|0x0000000084300000, 0x0000000084400000, 0x0000000084400000|100%|HS|  |TAMS 0x0000000084400000, 0x0000000084400000| Complete 
|  10|0x0000000084400000, 0x0000000084500000, 0x0000000084500000|100%|HC|  |TAMS 0x0000000084500000, 0x0000000084500000| Complete 
|  11|0x0000000084500000, 0x0000000084600000, 0x0000000084600000|100%|HC|  |TAMS 0x0000000084600000, 0x0000000084600000| Complete 
|  12|0x0000000084600000, 0x0000000084700000, 0x0000000084700000|100%|HC|  |TAMS 0x0000000084700000, 0x0000000084700000| Complete 
|  13|0x0000000084700000, 0x0000000084800000, 0x0000000084800000|100%|HC|  |TAMS 0x0000000084800000, 0x0000000084800000| Complete 
|  14|0x0000000084800000, 0x0000000084900000, 0x0000000084900000|100%|HC|  |TAMS 0x0000000084900000, 0x0000000084900000| Complete 
|  15|0x0000000084900000, 0x0000000084a00000, 0x0000000084a00000|100%|HC|  |TAMS 0x0000000084a00000, 0x0000000084a00000| Complete 
|  16|0x0000000084a00000, 0x0000000084b00000, 0x0000000084b00000|100%|HC|  |TAMS 0x0000000084b00000, 0x0000000084b00000| Complete 
|  17|0x0000000084b00000, 0x0000000084c00000, 0x0000000084c00000|100%|HC|  |TAMS 0x0000000084c00000, 0x0000000084c00000| Complete 
|  18|0x0000000084c00000, 0x0000000084d00000, 0x0000000084d00000|100%|HC|  |TAMS 0x0000000084d00000, 0x0000000084d00000| Complete 
|  19|0x0000000084d00000, 0x0000000084e00000, 0x0000000084e00000|100%|HC|  |TAMS 0x0000000084e00000, 0x0000000084e00000| Complete 
|  20|0x0000000084e00000, 0x0000000084f00000, 0x0000000084f00000|100%|HC|  |TAMS 0x0000000084f00000, 0x0000000084f00000| Complete 
|  21|0x0000000084f00000, 0x0000000085000000, 0x0000000085000000|100%|HC|  |TAMS 0x0000000085000000, 0x0000000085000000| Complete 
|  22|0x0000000085000000, 0x0000000085100000, 0x0000000085100000|100%|HC|  |TAMS 0x0000000085100000, 0x0000000085100000| Complete 
|  23|0x0000000085100000, 0x0000000085200000, 0x0000000085200000|100%|HC|  |TAMS 0x0000000085200000, 0x0000000085200000| Complete 
|  24|0x0000000085200000, 0x0000000085300000, 0x0000000085300000|100%|HC|  |TAMS 0x0000000085300000, 0x0000000085300000| Complete 
|  25|0x0000000085300000, 0x0000000085400000, 0x0000000085400000|100%|HC|  |TAMS 0x0000000085400000, 0x0000000085400000| Complete 
|  26|0x0000000085400000, 0x0000000085500000, 0x0000000085500000|100%| O|  |TAMS 0x0000000085500000, 0x0000000085500000| Untracked 
|  27|0x0000000085500000, 0x0000000085600000, 0x0000000085600000|100%| O|  |TAMS 0x0000000085600000, 0x0000000085600000| Untracked 
|  28|0x0000000085600000, 0x0000000085700000, 0x0000000085700000|100%|HS|  |TAMS 0x0000000085700000, 0x0000000085700000| Complete 
|  29|0x0000000085700000, 0x0000000085800000, 0x0000000085800000|100%|HS|  |TAMS 0x0000000085800000, 0x0000000085800000| Complete 
|  30|0x0000000085800000, 0x0000000085900000, 0x0000000085900000|100%|HC|  |TAMS 0x0000000085900000, 0x0000000085900000| Complete 
|  31|0x0000000085900000, 0x0000000085a00000, 0x0000000085a00000|100%|HS|  |TAMS 0x0000000085a00000, 0x0000000085a00000| Complete 
|  32|0x0000000085a00000, 0x0000000085b00000, 0x0000000085b00000|100%|HC|  |TAMS 0x0000000085b00000, 0x0000000085b00000| Complete 
|  33|0x0000000085b00000, 0x0000000085c00000, 0x0000000085c00000|100%|HC|  |TAMS 0x0000000085c00000, 0x0000000085c00000| Complete 
|  34|0x0000000085c00000, 0x0000000085d00000, 0x0000000085d00000|100%| O|  |TAMS 0x0000000085d00000, 0x0000000085d00000| Untracked 
|  35|0x0000000085d00000, 0x0000000085d8d600, 0x0000000085e00000| 55%| O|  |TAMS 0x0000000085d8d600, 0x0000000085d8d600| Untracked 
|  36|0x0000000085e00000, 0x0000000085e00000, 0x0000000085f00000|  0%| F|  |TAMS 0x0000000085e00000, 0x0000000085e00000| Untracked 
|  37|0x0000000085f00000, 0x0000000086000000, 0x0000000086000000|100%|HS|  |TAMS 0x0000000086000000, 0x0000000086000000| Complete 
|  38|0x0000000086000000, 0x0000000086100000, 0x0000000086100000|100%|HS|  |TAMS 0x0000000086100000, 0x0000000086100000| Complete 
|  39|0x0000000086100000, 0x0000000086200000, 0x0000000086200000|100%|HC|  |TAMS 0x0000000086200000, 0x0000000086200000| Complete 
|  40|0x0000000086200000, 0x0000000086300000, 0x0000000086300000|100%|HC|  |TAMS 0x0000000086300000, 0x0000000086300000| Complete 
|  41|0x0000000086300000, 0x0000000086400000, 0x0000000086400000|100%|HC|  |TAMS 0x0000000086400000, 0x0000000086400000| Complete 
|  42|0x0000000086400000, 0x0000000086500000, 0x0000000086500000|100%|HC|  |TAMS 0x0000000086500000, 0x0000000086500000| Complete 
|  43|0x0000000086500000, 0x0000000086600000, 0x0000000086600000|100%|HS|  |TAMS 0x0000000086600000, 0x0000000086600000| Complete 
|  44|0x0000000086600000, 0x0000000086700000, 0x0000000086700000|100%|HC|  |TAMS 0x0000000086700000, 0x0000000086700000| Complete 
|  45|0x0000000086700000, 0x0000000086800000, 0x0000000086800000|100%|HC|  |TAMS 0x0000000086800000, 0x0000000086800000| Complete 
|  46|0x0000000086800000, 0x0000000086900000, 0x0000000086900000|100%|HC|  |TAMS 0x0000000086900000, 0x0000000086900000| Complete 
|  47|0x0000000086900000, 0x0000000086a00000, 0x0000000086a00000|100%|HC|  |TAMS 0x0000000086a00000, 0x0000000086a00000| Complete 
|  48|0x0000000086a00000, 0x0000000086b00000, 0x0000000086b00000|100%|HS|  |TAMS 0x0000000086b00000, 0x0000000086b00000| Complete 
|  49|0x0000000086b00000, 0x0000000086c00000, 0x0000000086c00000|100%|HC|  |TAMS 0x0000000086c00000, 0x0000000086c00000| Complete 
|  50|0x0000000086c00000, 0x0000000086d00000, 0x0000000086d00000|100%|HC|  |TAMS 0x0000000086d00000, 0x0000000086d00000| Complete 
|  51|0x0000000086d00000, 0x0000000086e00000, 0x0000000086e00000|100%|HC|  |TAMS 0x0000000086e00000, 0x0000000086e00000| Complete 
|  52|0x0000000086e00000, 0x0000000086f00000, 0x0000000086f00000|100%|HC|  |TAMS 0x0000000086f00000, 0x0000000086f00000| Complete 
|  53|0x0000000086f00000, 0x0000000087000000, 0x0000000087000000|100%|HS|  |TAMS 0x0000000087000000, 0x0000000087000000| Complete 
|  54|0x0000000087000000, 0x0000000087100000, 0x0000000087100000|100%|HC|  |TAMS 0x0000000087100000, 0x0000000087100000| Complete 
|  55|0x0000000087100000, 0x0000000087200000, 0x0000000087200000|100%|HC|  |TAMS 0x0000000087200000, 0x0000000087200000| Complete 
|  56|0x0000000087200000, 0x0000000087300000, 0x0000000087300000|100%|HC|  |TAMS 0x0000000087300000, 0x0000000087300000| Complete 
|  57|0x0000000087300000, 0x0000000087400000, 0x0000000087400000|100%|HC|  |TAMS 0x0000000087400000, 0x0000000087400000| Complete 
|  58|0x0000000087400000, 0x0000000087500000, 0x0000000087500000|100%|HS|  |TAMS 0x0000000087500000, 0x0000000087500000| Complete 
|  59|0x0000000087500000, 0x0000000087600000, 0x0000000087600000|100%|HC|  |TAMS 0x0000000087600000, 0x0000000087600000| Complete 
|  60|0x0000000087600000, 0x0000000087700000, 0x0000000087700000|100%|HC|  |TAMS 0x0000000087700000, 0x0000000087700000| Complete 
|  61|0x0000000087700000, 0x0000000087800000, 0x0000000087800000|100%|HC|  |TAMS 0x0000000087800000, 0x0000000087800000| Complete 
|  62|0x0000000087800000, 0x0000000087900000, 0x0000000087900000|100%|HC|  |TAMS 0x0000000087900000, 0x0000000087900000| Complete 
|  63|0x0000000087900000, 0x0000000087a00000, 0x0000000087a00000|100%|HC|  |TAMS 0x0000000087a00000, 0x0000000087a00000| Complete 
|  64|0x0000000087a00000, 0x0000000087b00000, 0x0000000087b00000|100%|HC|  |TAMS 0x0000000087b00000, 0x0000000087b00000| Complete 
|  65|0x0000000087b00000, 0x0000000087c00000, 0x0000000087c00000|100%|HC|  |TAMS 0x0000000087c00000, 0x0000000087c00000| Complete 
|  66|0x0000000087c00000, 0x0000000087d00000, 0x0000000087d00000|100%|HC|  |TAMS 0x0000000087d00000, 0x0000000087d00000| Complete 
|  67|0x0000000087d00000, 0x0000000087e00000, 0x0000000087e00000|100%|HC|  |TAMS 0x0000000087e00000, 0x0000000087e00000| Complete 
|  68|0x0000000087e00000, 0x0000000087f00000, 0x0000000087f00000|100%|HC|  |TAMS 0x0000000087f00000, 0x0000000087f00000| Complete 
|  69|0x0000000087f00000, 0x0000000088000000, 0x0000000088000000|100%|HC|  |TAMS 0x0000000088000000, 0x0000000088000000| Complete 
|  70|0x0000000088000000, 0x0000000088100000, 0x0000000088100000|100%|HC|  |TAMS 0x0000000088100000, 0x0000000088100000| Complete 
|  71|0x0000000088100000, 0x0000000088200000, 0x0000000088200000|100%|HC|  |TAMS 0x0000000088200000, 0x0000000088200000| Complete 
|  72|0x0000000088200000, 0x0000000088300000, 0x0000000088300000|100%|HC|  |TAMS 0x0000000088300000, 0x0000000088300000| Complete 
|  73|0x0000000088300000, 0x0000000088400000, 0x0000000088400000|100%|HS|  |TAMS 0x0000000088300000, 0x0000000088400000| Complete 
|  74|0x0000000088400000, 0x0000000088500000, 0x0000000088500000|100%|HC|  |TAMS 0x0000000088400000, 0x0000000088500000| Complete 
|  75|0x0000000088500000, 0x0000000088600000, 0x0000000088600000|100%|HC|  |TAMS 0x0000000088500000, 0x0000000088600000| Complete 
|  76|0x0000000088600000, 0x0000000088600000, 0x0000000088700000|  0%| F|  |TAMS 0x0000000088600000, 0x0000000088600000| Untracked 
|  77|0x0000000088700000, 0x0000000088700000, 0x0000000088800000|  0%| F|  |TAMS 0x0000000088700000, 0x0000000088700000| Untracked 
|  78|0x0000000088800000, 0x0000000088800000, 0x0000000088900000|  0%| F|  |TAMS 0x0000000088800000, 0x0000000088800000| Untracked 
|  79|0x0000000088900000, 0x0000000088a00000, 0x0000000088a00000|100%|HS|  |TAMS 0x0000000088900000, 0x0000000088a00000| Complete 
|  80|0x0000000088a00000, 0x0000000088b00000, 0x0000000088b00000|100%|HC|  |TAMS 0x0000000088a00000, 0x0000000088b00000| Complete 
|  81|0x0000000088b00000, 0x0000000088c00000, 0x0000000088c00000|100%|HC|  |TAMS 0x0000000088b00000, 0x0000000088c00000| Complete 
|  82|0x0000000088c00000, 0x0000000088c00000, 0x0000000088d00000|  0%| F|  |TAMS 0x0000000088c00000, 0x0000000088c00000| Untracked 
|  83|0x0000000088d00000, 0x0000000088d00000, 0x0000000088e00000|  0%| F|  |TAMS 0x0000000088d00000, 0x0000000088d00000| Untracked 
|  84|0x0000000088e00000, 0x0000000088e00000, 0x0000000088f00000|  0%| F|  |TAMS 0x0000000088e00000, 0x0000000088e00000| Untracked 
|  85|0x0000000088f00000, 0x0000000089000000, 0x0000000089000000|100%| O|  |TAMS 0x0000000089000000, 0x0000000089000000| Untracked 
|  86|0x0000000089000000, 0x0000000089100000, 0x0000000089100000|100%| O|  |TAMS 0x0000000089100000, 0x0000000089100000| Untracked 
|  87|0x0000000089100000, 0x0000000089100000, 0x0000000089200000|  0%| F|  |TAMS 0x0000000089100000, 0x0000000089100000| Untracked 
|  88|0x0000000089200000, 0x0000000089200000, 0x0000000089300000|  0%| F|  |TAMS 0x0000000089200000, 0x0000000089200000| Untracked 
|  89|0x0000000089300000, 0x0000000089300000, 0x0000000089400000|  0%| F|  |TAMS 0x0000000089300000, 0x0000000089300000| Untracked 
|  90|0x0000000089400000, 0x0000000089400000, 0x0000000089500000|  0%| F|  |TAMS 0x0000000089400000, 0x0000000089400000| Untracked 
|  91|0x0000000089500000, 0x0000000089500000, 0x0000000089600000|  0%| F|  |TAMS 0x0000000089500000, 0x0000000089500000| Untracked 
|  92|0x0000000089600000, 0x0000000089600000, 0x0000000089700000|  0%| F|  |TAMS 0x0000000089600000, 0x0000000089600000| Untracked 
|  93|0x0000000089700000, 0x0000000089700000, 0x0000000089800000|  0%| F|  |TAMS 0x0000000089700000, 0x0000000089700000| Untracked 
|  94|0x0000000089800000, 0x0000000089800000, 0x0000000089900000|  0%| F|  |TAMS 0x0000000089800000, 0x0000000089800000| Untracked 
|  95|0x0000000089900000, 0x0000000089900000, 0x0000000089a00000|  0%| F|  |TAMS 0x0000000089900000, 0x0000000089900000| Untracked 
|  96|0x0000000089a00000, 0x0000000089a00000, 0x0000000089b00000|  0%| F|  |TAMS 0x0000000089a00000, 0x0000000089a00000| Untracked 
|  97|0x0000000089b00000, 0x0000000089b00000, 0x0000000089c00000|  0%| F|  |TAMS 0x0000000089b00000, 0x0000000089b00000| Untracked 
|  98|0x0000000089c00000, 0x0000000089c00000, 0x0000000089d00000|  0%| F|  |TAMS 0x0000000089c00000, 0x0000000089c00000| Untracked 
|  99|0x0000000089d00000, 0x0000000089d00000, 0x0000000089e00000|  0%| F|  |TAMS 0x0000000089d00000, 0x0000000089d00000| Untracked 
| 100|0x0000000089e00000, 0x0000000089e00000, 0x0000000089f00000|  0%| F|  |TAMS 0x0000000089e00000, 0x0000000089e00000| Untracked 
| 101|0x0000000089f00000, 0x0000000089f00000, 0x000000008a000000|  0%| F|  |TAMS 0x0000000089f00000, 0x0000000089f00000| Untracked 
| 102|0x000000008a000000, 0x000000008a000000, 0x000000008a100000|  0%| F|  |TAMS 0x000000008a000000, 0x000000008a000000| Untracked 
| 103|0x000000008a100000, 0x000000008a100000, 0x000000008a200000|  0%| F|  |TAMS 0x000000008a100000, 0x000000008a100000| Untracked 
| 104|0x000000008a200000, 0x000000008a200000, 0x000000008a300000|  0%| F|  |TAMS 0x000000008a200000, 0x000000008a200000| Untracked 
| 105|0x000000008a300000, 0x000000008a300000, 0x000000008a400000|  0%| F|  |TAMS 0x000000008a300000, 0x000000008a300000| Untracked 
| 106|0x000000008a400000, 0x000000008a400000, 0x000000008a500000|  0%| F|  |TAMS 0x000000008a400000, 0x000000008a400000| Untracked 
| 107|0x000000008a500000, 0x000000008a500000, 0x000000008a600000|  0%| F|  |TAMS 0x000000008a500000, 0x000000008a500000| Untracked 
| 108|0x000000008a600000, 0x000000008a600000, 0x000000008a700000|  0%| F|  |TAMS 0x000000008a600000, 0x000000008a600000| Untracked 
| 109|0x000000008a700000, 0x000000008a700000, 0x000000008a800000|  0%| F|  |TAMS 0x000000008a700000, 0x000000008a700000| Untracked 
| 110|0x000000008a800000, 0x000000008a800000, 0x000000008a900000|  0%| F|  |TAMS 0x000000008a800000, 0x000000008a800000| Untracked 
| 111|0x000000008a900000, 0x000000008a900000, 0x000000008aa00000|  0%| F|  |TAMS 0x000000008a900000, 0x000000008a900000| Untracked 
| 112|0x000000008aa00000, 0x000000008aa00000, 0x000000008ab00000|  0%| F|  |TAMS 0x000000008aa00000, 0x000000008aa00000| Untracked 
| 113|0x000000008ab00000, 0x000000008ab00000, 0x000000008ac00000|  0%| F|  |TAMS 0x000000008ab00000, 0x000000008ab00000| Untracked 
| 114|0x000000008ac00000, 0x000000008ac00000, 0x000000008ad00000|  0%| F|  |TAMS 0x000000008ac00000, 0x000000008ac00000| Untracked 
| 115|0x000000008ad00000, 0x000000008ad00000, 0x000000008ae00000|  0%| F|  |TAMS 0x000000008ad00000, 0x000000008ad00000| Untracked 
| 116|0x000000008ae00000, 0x000000008ae00000, 0x000000008af00000|  0%| F|  |TAMS 0x000000008ae00000, 0x000000008ae00000| Untracked 
| 117|0x000000008af00000, 0x000000008af00000, 0x000000008b000000|  0%| F|  |TAMS 0x000000008af00000, 0x000000008af00000| Untracked 
| 118|0x000000008b000000, 0x000000008b000000, 0x000000008b100000|  0%| F|  |TAMS 0x000000008b000000, 0x000000008b000000| Untracked 
| 119|0x000000008b100000, 0x000000008b100000, 0x000000008b200000|  0%| F|  |TAMS 0x000000008b100000, 0x000000008b100000| Untracked 
| 120|0x000000008b200000, 0x000000008b200000, 0x000000008b300000|  0%| F|  |TAMS 0x000000008b200000, 0x000000008b200000| Untracked 
| 121|0x000000008b300000, 0x000000008b300000, 0x000000008b400000|  0%| F|  |TAMS 0x000000008b300000, 0x000000008b300000| Untracked 
| 122|0x000000008b400000, 0x000000008b400000, 0x000000008b500000|  0%| F|  |TAMS 0x000000008b400000, 0x000000008b400000| Untracked 
| 123|0x000000008b500000, 0x000000008b500000, 0x000000008b600000|  0%| F|  |TAMS 0x000000008b500000, 0x000000008b500000| Untracked 
| 124|0x000000008b600000, 0x000000008b600000, 0x000000008b700000|  0%| F|  |TAMS 0x000000008b600000, 0x000000008b600000| Untracked 
| 125|0x000000008b700000, 0x000000008b700000, 0x000000008b800000|  0%| F|  |TAMS 0x000000008b700000, 0x000000008b700000| Untracked 
| 126|0x000000008b800000, 0x000000008b800000, 0x000000008b900000|  0%| F|  |TAMS 0x000000008b800000, 0x000000008b800000| Untracked 
| 127|0x000000008b900000, 0x000000008b900000, 0x000000008ba00000|  0%| F|  |TAMS 0x000000008b900000, 0x000000008b900000| Untracked 
| 128|0x000000008ba00000, 0x000000008ba00000, 0x000000008bb00000|  0%| F|  |TAMS 0x000000008ba00000, 0x000000008ba00000| Untracked 
| 129|0x000000008bb00000, 0x000000008bb00000, 0x000000008bc00000|  0%| F|  |TAMS 0x000000008bb00000, 0x000000008bb00000| Untracked 
| 130|0x000000008bc00000, 0x000000008bc00000, 0x000000008bd00000|  0%| F|  |TAMS 0x000000008bc00000, 0x000000008bc00000| Untracked 
| 131|0x000000008bd00000, 0x000000008bd00000, 0x000000008be00000|  0%| F|  |TAMS 0x000000008bd00000, 0x000000008bd00000| Untracked 
| 132|0x000000008be00000, 0x000000008be00000, 0x000000008bf00000|  0%| F|  |TAMS 0x000000008be00000, 0x000000008be00000| Untracked 
| 133|0x000000008bf00000, 0x000000008bf00000, 0x000000008c000000|  0%| F|  |TAMS 0x000000008bf00000, 0x000000008bf00000| Untracked 
| 134|0x000000008c000000, 0x000000008c000000, 0x000000008c100000|  0%| F|  |TAMS 0x000000008c000000, 0x000000008c000000| Untracked 
| 135|0x000000008c100000, 0x000000008c100000, 0x000000008c200000|  0%| F|  |TAMS 0x000000008c100000, 0x000000008c100000| Untracked 
| 136|0x000000008c200000, 0x000000008c200000, 0x000000008c300000|  0%| F|  |TAMS 0x000000008c200000, 0x000000008c200000| Untracked 
| 137|0x000000008c300000, 0x000000008c300000, 0x000000008c400000|  0%| F|  |TAMS 0x000000008c300000, 0x000000008c300000| Untracked 
| 138|0x000000008c400000, 0x000000008c400000, 0x000000008c500000|  0%| F|  |TAMS 0x000000008c400000, 0x000000008c400000| Untracked 
| 139|0x000000008c500000, 0x000000008c500000, 0x000000008c600000|  0%| F|  |TAMS 0x000000008c500000, 0x000000008c500000| Untracked 
| 140|0x000000008c600000, 0x000000008c600000, 0x000000008c700000|  0%| F|  |TAMS 0x000000008c600000, 0x000000008c600000| Untracked 
| 141|0x000000008c700000, 0x000000008c700000, 0x000000008c800000|  0%| F|  |TAMS 0x000000008c700000, 0x000000008c700000| Untracked 
| 142|0x000000008c800000, 0x000000008c800000, 0x000000008c900000|  0%| F|  |TAMS 0x000000008c800000, 0x000000008c800000| Untracked 
| 143|0x000000008c900000, 0x000000008c900000, 0x000000008ca00000|  0%| F|  |TAMS 0x000000008c900000, 0x000000008c900000| Untracked 
| 144|0x000000008ca00000, 0x000000008ca00000, 0x000000008cb00000|  0%| F|  |TAMS 0x000000008ca00000, 0x000000008ca00000| Untracked 
| 145|0x000000008cb00000, 0x000000008cb00000, 0x000000008cc00000|  0%| F|  |TAMS 0x000000008cb00000, 0x000000008cb00000| Untracked 
| 146|0x000000008cc00000, 0x000000008cc00000, 0x000000008cd00000|  0%| F|  |TAMS 0x000000008cc00000, 0x000000008cc00000| Untracked 
| 147|0x000000008cd00000, 0x000000008cd00000, 0x000000008ce00000|  0%| F|  |TAMS 0x000000008cd00000, 0x000000008cd00000| Untracked 
| 148|0x000000008ce00000, 0x000000008ce00000, 0x000000008cf00000|  0%| F|  |TAMS 0x000000008ce00000, 0x000000008ce00000| Untracked 
| 149|0x000000008cf00000, 0x000000008cf00000, 0x000000008d000000|  0%| F|  |TAMS 0x000000008cf00000, 0x000000008cf00000| Untracked 
| 150|0x000000008d000000, 0x000000008d000000, 0x000000008d100000|  0%| F|  |TAMS 0x000000008d000000, 0x000000008d000000| Untracked 
| 151|0x000000008d100000, 0x000000008d100000, 0x000000008d200000|  0%| F|  |TAMS 0x000000008d100000, 0x000000008d100000| Untracked 
| 152|0x000000008d200000, 0x000000008d200000, 0x000000008d300000|  0%| F|  |TAMS 0x000000008d200000, 0x000000008d200000| Untracked 
| 153|0x000000008d300000, 0x000000008d300000, 0x000000008d400000|  0%| F|  |TAMS 0x000000008d300000, 0x000000008d300000| Untracked 
| 154|0x000000008d400000, 0x000000008d400000, 0x000000008d500000|  0%| F|  |TAMS 0x000000008d400000, 0x000000008d400000| Untracked 
| 155|0x000000008d500000, 0x000000008d500000, 0x000000008d600000|  0%| F|  |TAMS 0x000000008d500000, 0x000000008d500000| Untracked 
| 156|0x000000008d600000, 0x000000008d600000, 0x000000008d700000|  0%| F|  |TAMS 0x000000008d600000, 0x000000008d600000| Untracked 
| 157|0x000000008d700000, 0x000000008d700000, 0x000000008d800000|  0%| F|  |TAMS 0x000000008d700000, 0x000000008d700000| Untracked 
| 158|0x000000008d800000, 0x000000008d800000, 0x000000008d900000|  0%| F|  |TAMS 0x000000008d800000, 0x000000008d800000| Untracked 
| 159|0x000000008d900000, 0x000000008d900000, 0x000000008da00000|  0%| F|  |TAMS 0x000000008d900000, 0x000000008d900000| Untracked 
| 160|0x000000008da00000, 0x000000008da00000, 0x000000008db00000|  0%| F|  |TAMS 0x000000008da00000, 0x000000008da00000| Untracked 
| 161|0x000000008db00000, 0x000000008db00000, 0x000000008dc00000|  0%| F|  |TAMS 0x000000008db00000, 0x000000008db00000| Untracked 
| 162|0x000000008dc00000, 0x000000008dc00000, 0x000000008dd00000|  0%| F|  |TAMS 0x000000008dc00000, 0x000000008dc00000| Untracked 
| 163|0x000000008dd00000, 0x000000008dd00000, 0x000000008de00000|  0%| F|  |TAMS 0x000000008dd00000, 0x000000008dd00000| Untracked 
| 164|0x000000008de00000, 0x000000008de00000, 0x000000008df00000|  0%| F|  |TAMS 0x000000008de00000, 0x000000008de00000| Untracked 
| 165|0x000000008df00000, 0x000000008df00000, 0x000000008e000000|  0%| F|  |TAMS 0x000000008df00000, 0x000000008df00000| Untracked 
| 166|0x000000008e000000, 0x000000008e000000, 0x000000008e100000|  0%| F|  |TAMS 0x000000008e000000, 0x000000008e000000| Untracked 
| 167|0x000000008e100000, 0x000000008e100000, 0x000000008e200000|  0%| F|  |TAMS 0x000000008e100000, 0x000000008e100000| Untracked 
| 168|0x000000008e200000, 0x000000008e200000, 0x000000008e300000|  0%| F|  |TAMS 0x000000008e200000, 0x000000008e200000| Untracked 
| 169|0x000000008e300000, 0x000000008e300000, 0x000000008e400000|  0%| F|  |TAMS 0x000000008e300000, 0x000000008e300000| Untracked 
| 170|0x000000008e400000, 0x000000008e400000, 0x000000008e500000|  0%| F|  |TAMS 0x000000008e400000, 0x000000008e400000| Untracked 
| 171|0x000000008e500000, 0x000000008e500000, 0x000000008e600000|  0%| F|  |TAMS 0x000000008e500000, 0x000000008e500000| Untracked 
| 172|0x000000008e600000, 0x000000008e600000, 0x000000008e700000|  0%| F|  |TAMS 0x000000008e600000, 0x000000008e600000| Untracked 
| 173|0x000000008e700000, 0x000000008e700000, 0x000000008e800000|  0%| F|  |TAMS 0x000000008e700000, 0x000000008e700000| Untracked 
| 174|0x000000008e800000, 0x000000008e800000, 0x000000008e900000|  0%| F|  |TAMS 0x000000008e800000, 0x000000008e800000| Untracked 
| 175|0x000000008e900000, 0x000000008e900000, 0x000000008ea00000|  0%| F|  |TAMS 0x000000008e900000, 0x000000008e900000| Untracked 
| 176|0x000000008ea00000, 0x000000008ea00000, 0x000000008eb00000|  0%| F|  |TAMS 0x000000008ea00000, 0x000000008ea00000| Untracked 
| 177|0x000000008eb00000, 0x000000008eb00000, 0x000000008ec00000|  0%| F|  |TAMS 0x000000008eb00000, 0x000000008eb00000| Untracked 
| 178|0x000000008ec00000, 0x000000008ec00000, 0x000000008ed00000|  0%| F|  |TAMS 0x000000008ec00000, 0x000000008ec00000| Untracked 
| 179|0x000000008ed00000, 0x000000008edaf0e8, 0x000000008ee00000| 68%| S|CS|TAMS 0x000000008ed00000, 0x000000008ed00000| Complete 
| 180|0x000000008ee00000, 0x000000008ee00000, 0x000000008ef00000|  0%| F|  |TAMS 0x000000008ee00000, 0x000000008ee00000| Untracked 
| 181|0x000000008ef00000, 0x000000008ef00000, 0x000000008f000000|  0%| F|  |TAMS 0x000000008ef00000, 0x000000008ef00000| Untracked 
| 182|0x000000008f000000, 0x000000008f000000, 0x000000008f100000|  0%| F|  |TAMS 0x000000008f000000, 0x000000008f000000| Untracked 

Card table byte_map: [0x000001c0f6030000,0x000001c0f6420000] _byte_map_base: 0x000001c0f5c13000

Marking Bits (Prev, Next): (CMBitMap*) 0x000001c0df14e470, (CMBitMap*) 0x000001c0df14e430
 Prev Bits: [0x000001c0f8730000, 0x000001c0fa648000)
 Next Bits: [0x000001c0f6810000, 0x000001c0f8728000)

Polling page: 0x000001c0dd0f0000

Metaspace:

Usage:
  Non-class:     10.15 MB used.
      Class:      1.26 MB used.
       Both:     11.41 MB used.

Virtual space:
  Non-class space:       16.00 MB reserved,      10.25 MB ( 64%) committed,  2 nodes.
      Class space:        1.00 GB reserved,       1.38 MB ( <1%) committed,  1 nodes.
             Both:        1.02 GB reserved,      11.62 MB (  1%) committed. 

Chunk freelists:
   Non-Class:  968.00 KB
       Class:  2.60 MB
        Both:  3.55 MB

MaxMetaspaceSize: unlimited
CompressedClassSpaceSize: 1.00 GB
Initial GC threshold: 21.00 MB
Current GC threshold: 21.00 MB
CDS: on
MetaspaceReclaimPolicy: balanced
 - commit_granule_bytes: 65536.
 - commit_granule_words: 8192.
 - virtual_space_node_default_size: 1048576.
 - enlarge_chunks_in_place: 1.
 - new_chunks_are_fully_committed: 0.
 - uncommit_free_chunks: 1.
 - use_allocation_guard: 0.
 - handle_deallocations: 1.


Internal statistics:

num_allocs_failed_limit: 0.
num_arena_births: 148.
num_arena_deaths: 0.
num_vsnodes_births: 3.
num_vsnodes_deaths: 0.
num_space_committed: 186.
num_space_uncommitted: 0.
num_chunks_returned_to_freelist: 0.
num_chunks_taken_from_freelist: 233.
num_chunk_merges: 0.
num_chunk_splits: 121.
num_chunks_enlarged: 31.
num_purges: 0.
num_inconsistent_stats: 0.

CodeHeap 'non-profiled nmethods': size=120000Kb used=1570Kb max_used=1570Kb free=118429Kb
 bounds [0x000001c0ee3e0000, 0x000001c0ee650000, 0x000001c0f5910000]
CodeHeap 'profiled nmethods': size=120000Kb used=4002Kb max_used=4002Kb free=115997Kb
 bounds [0x000001c0e6eb0000, 0x000001c0e72a0000, 0x000001c0ee3e0000]
CodeHeap 'non-nmethods': size=5760Kb used=1310Kb max_used=1369Kb free=4449Kb
 bounds [0x000001c0e6910000, 0x000001c0e6b80000, 0x000001c0e6eb0000]
 total_blobs=2841 nmethods=2210 adapters=542
 compilation: enabled
              stopped_count=0, restarted_count=0
 full_count=0

Compilation events (20 events):
Event: 33.861 Thread 0x000001c0fd058bc0 2210       3       java.awt.Container::recursiveShowHeavyweightChildren (85 bytes)
Event: 33.862 Thread 0x000001c0fd058bc0 nmethod 2210 0x000001c0e7295490 code [0x000001c0e7295760, 0x000001c0e7296b58]
Event: 33.862 Thread 0x000001c0fd058bc0 2211       3       javax.swing.table.DefaultTableCellRenderer::setForeground (11 bytes)
Event: 33.863 Thread 0x000001c0fd058bc0 nmethod 2211 0x000001c0e7297090 code [0x000001c0e7297240, 0x000001c0e72973e8]
Event: 33.863 Thread 0x000001c0fd058bc0 2212       3       javax.swing.table.DefaultTableCellRenderer::setBackground (11 bytes)
Event: 33.863 Thread 0x000001c0fd058bc0 nmethod 2212 0x000001c0e7297490 code [0x000001c0e7297640, 0x000001c0e72977e8]
Event: 33.912 Thread 0x000001c0fd058bc0 2213       1       sun.awt.image.IntegerInterleavedRaster::getDataStorage (5 bytes)
Event: 33.912 Thread 0x000001c0fd058bc0 nmethod 2213 0x000001c0ee568190 code [0x000001c0ee568320, 0x000001c0ee5683f8]
Event: 33.912 Thread 0x000001c0fd058bc0 2214       1       sun.awt.image.IntegerInterleavedRaster::getScanlineStride (5 bytes)
Event: 33.912 Thread 0x000001c0fd058bc0 nmethod 2214 0x000001c0ee568490 code [0x000001c0ee568620, 0x000001c0ee5686f8]
Event: 33.952 Thread 0x000001c0fd058bc0 2215       3       java.awt.Rectangle::getBounds (24 bytes)
Event: 33.952 Thread 0x000001c0fd058bc0 nmethod 2215 0x000001c0e7297890 code [0x000001c0e7297a40, 0x000001c0e7297d58]
Event: 33.954 Thread 0x000001c0fd058bc0 2216       3       java.util.concurrent.locks.AbstractQueuedSynchronizer$Node::setStatusRelaxed (12 bytes)
Event: 33.954 Thread 0x000001c0fd058bc0 nmethod 2216 0x000001c0e7297e90 code [0x000001c0e7298020, 0x000001c0e7298138]
Event: 34.572 Thread 0x000001c0fd058bc0 2217       3       java.util.concurrent.locks.AbstractQueuedSynchronizer$Node::setPrevRelaxed (12 bytes)
Event: 34.573 Thread 0x000001c0fd058bc0 nmethod 2217 0x000001c0e7298210 code [0x000001c0e72983a0, 0x000001c0e72984f8]
Event: 34.573 Thread 0x000001c0fd058bc0 2218       3       java.util.concurrent.locks.AbstractQueuedSynchronizer::casTail (13 bytes)
Event: 34.573 Thread 0x000001c0fd058bc0 nmethod 2218 0x000001c0e7298590 code [0x000001c0e7298720, 0x000001c0e7298898]
Event: 34.574 Thread 0x000001c0fd058bc0 2219       1       sun.font.GlyphList::getNumGlyphs (5 bytes)
Event: 34.574 Thread 0x000001c0fd058bc0 nmethod 2219 0x000001c0ee568790 code [0x000001c0ee568920, 0x000001c0ee5689f8]

GC Heap History (20 events):
Event: 21.150 GC heap after
{Heap after GC invocations=7 (full 0):
 garbage-first heap   total 129024K, used 87765K [0x0000000083a00000, 0x0000000100000000)
  region size 1024K, 1 young (1024K), 1 survivors (1024K)
 Metaspace       used 11621K, committed 11840K, reserved 1064960K
  class space    used 1290K, committed 1408K, reserved 1048576K
}
Event: 21.395 GC heap before
{Heap before GC invocations=7 (full 0):
 garbage-first heap   total 129024K, used 87765K [0x0000000083a00000, 0x0000000100000000)
  region size 1024K, 2 young (2048K), 1 survivors (1024K)
 Metaspace       used 11622K, committed 11840K, reserved 1064960K
  class space    used 1290K, committed 1408K, reserved 1048576K
}
Event: 21.397 GC heap after
{Heap after GC invocations=8 (full 0):
 garbage-first heap   total 129024K, used 75493K [0x0000000083a00000, 0x0000000100000000)
  region size 1024K, 1 young (1024K), 1 survivors (1024K)
 Metaspace       used 11622K, committed 11840K, reserved 1064960K
  class space    used 1290K, committed 1408K, reserved 1048576K
}
Event: 31.650 GC heap before
{Heap before GC invocations=9 (full 0):
 garbage-first heap   total 140288K, used 133861K [0x0000000083a00000, 0x0000000100000000)
  region size 1024K, 20 young (20480K), 1 survivors (1024K)
 Metaspace       used 11684K, committed 11904K, reserved 1064960K
  class space    used 1291K, committed 1408K, reserved 1048576K
}
Event: 31.652 GC heap after
{Heap after GC invocations=10 (full 0):
 garbage-first heap   total 140288K, used 115884K [0x0000000083a00000, 0x0000000100000000)
  region size 1024K, 1 young (1024K), 1 survivors (1024K)
 Metaspace       used 11684K, committed 11904K, reserved 1064960K
  class space    used 1291K, committed 1408K, reserved 1048576K
}
Event: 33.200 GC heap before
{Heap before GC invocations=10 (full 0):
 garbage-first heap   total 140288K, used 134316K [0x0000000083a00000, 0x0000000100000000)
  region size 1024K, 5 young (5120K), 1 survivors (1024K)
 Metaspace       used 11686K, committed 11904K, reserved 1064960K
  class space    used 1291K, committed 1408K, reserved 1048576K
}
Event: 33.201 GC heap after
{Heap after GC invocations=11 (full 0):
 garbage-first heap   total 140288K, used 91309K [0x0000000083a00000, 0x0000000100000000)
  region size 1024K, 1 young (1024K), 1 survivors (1024K)
 Metaspace       used 11686K, committed 11904K, reserved 1064960K
  class space    used 1291K, committed 1408K, reserved 1048576K
}
Event: 33.202 GC heap before
{Heap before GC invocations=11 (full 0):
 garbage-first heap   total 140288K, used 94381K [0x0000000083a00000, 0x0000000100000000)
  region size 1024K, 2 young (2048K), 1 survivors (1024K)
 Metaspace       used 11686K, committed 11904K, reserved 1064960K
  class space    used 1291K, committed 1408K, reserved 1048576K
}
Event: 33.203 GC heap after
{Heap after GC invocations=12 (full 0):
 garbage-first heap   total 140288K, used 79009K [0x0000000083a00000, 0x0000000100000000)
  region size 1024K, 1 young (1024K), 1 survivors (1024K)
 Metaspace       used 11686K, committed 11904K, reserved 1064960K
  class space    used 1291K, committed 1408K, reserved 1048576K
}
Event: 33.225 GC heap before
{Heap before GC invocations=13 (full 0):
 garbage-first heap   total 140288K, used 82081K [0x0000000083a00000, 0x0000000100000000)
  region size 1024K, 2 young (2048K), 1 survivors (1024K)
 Metaspace       used 11686K, committed 11904K, reserved 1064960K
  class space    used 1291K, committed 1408K, reserved 1048576K
}
Event: 33.226 GC heap after
{Heap after GC invocations=14 (full 0):
 garbage-first heap   total 187392K, used 82093K [0x0000000083a00000, 0x0000000100000000)
  region size 1024K, 1 young (1024K), 1 survivors (1024K)
 Metaspace       used 11686K, committed 11904K, reserved 1064960K
  class space    used 1291K, committed 1408K, reserved 1048576K
}
Event: 33.909 GC heap before
{Heap before GC invocations=14 (full 0):
 garbage-first heap   total 187392K, used 89261K [0x0000000083a00000, 0x0000000100000000)
  region size 1024K, 3 young (3072K), 1 survivors (1024K)
 Metaspace       used 11688K, committed 11904K, reserved 1064960K
  class space    used 1291K, committed 1408K, reserved 1048576K
}
Event: 33.910 GC heap after
{Heap after GC invocations=15 (full 0):
 garbage-first heap   total 187392K, used 82127K [0x0000000083a00000, 0x0000000100000000)
  region size 1024K, 1 young (1024K), 1 survivors (1024K)
 Metaspace       used 11688K, committed 11904K, reserved 1064960K
  class space    used 1291K, committed 1408K, reserved 1048576K
}
Event: 33.911 GC heap before
{Heap before GC invocations=15 (full 0):
 garbage-first heap   total 187392K, used 85199K [0x0000000083a00000, 0x0000000100000000)
  region size 1024K, 2 young (2048K), 1 survivors (1024K)
 Metaspace       used 11688K, committed 11904K, reserved 1064960K
  class space    used 1291K, committed 1408K, reserved 1048576K
}
Event: 33.912 GC heap after
{Heap after GC invocations=16 (full 0):
 garbage-first heap   total 187392K, used 79051K [0x0000000083a00000, 0x0000000100000000)
  region size 1024K, 1 young (1024K), 1 survivors (1024K)
 Metaspace       used 11688K, committed 11904K, reserved 1064960K
  class space    used 1291K, committed 1408K, reserved 1048576K
}
Event: 33.929 GC heap before
{Heap before GC invocations=16 (full 0):
 garbage-first heap   total 187392K, used 82123K [0x0000000083a00000, 0x0000000100000000)
  region size 1024K, 2 young (2048K), 1 survivors (1024K)
 Metaspace       used 11688K, committed 11904K, reserved 1064960K
  class space    used 1291K, committed 1408K, reserved 1048576K
}
Event: 33.930 GC heap after
{Heap after GC invocations=17 (full 0):
 garbage-first heap   total 187392K, used 82115K [0x0000000083a00000, 0x0000000100000000)
  region size 1024K, 1 young (1024K), 1 survivors (1024K)
 Metaspace       used 11688K, committed 11904K, reserved 1064960K
  class space    used 1291K, committed 1408K, reserved 1048576K
}
Event: 33.931 GC heap before
{Heap before GC invocations=17 (full 0):
 garbage-first heap   total 187392K, used 85187K [0x0000000083a00000, 0x0000000100000000)
  region size 1024K, 2 young (2048K), 1 survivors (1024K)
 Metaspace       used 11688K, committed 11904K, reserved 1064960K
  class space    used 1291K, committed 1408K, reserved 1048576K
}
Event: 33.932 GC heap after
{Heap after GC invocations=18 (full 0):
 garbage-first heap   total 187392K, used 79073K [0x0000000083a00000, 0x0000000100000000)
  region size 1024K, 1 young (1024K), 1 survivors (1024K)
 Metaspace       used 11688K, committed 11904K, reserved 1064960K
  class space    used 1291K, committed 1408K, reserved 1048576K
}
Event: 34.710 GC heap before
{Heap before GC invocations=18 (full 0):
 garbage-first heap   total 187392K, used 83169K [0x0000000083a00000, 0x0000000100000000)
  region size 1024K, 3 young (3072K), 1 survivors (1024K)
 Metaspace       used 11688K, committed 11904K, reserved 1064960K
  class space    used 1291K, committed 1408K, reserved 1048576K
}

Deoptimization events (20 events):
Event: 16.926 Thread 0x000001c0fd04a6c0 DEOPT PACKING pc=0x000001c0ee4c9c5c sp=0x0000002f0ebfd1e0
Event: 16.926 Thread 0x000001c0fd04a6c0 DEOPT UNPACKING pc=0x000001c0e6965c23 sp=0x0000002f0ebfd198 mode 2
Event: 16.927 Thread 0x000001c0fd04a6c0 Uncommon trap: trap_request=0xffffffde fr.pc=0x000001c0ee4e32ec relative=0x00000000000046ac
Event: 16.927 Thread 0x000001c0fd04a6c0 Uncommon trap: reason=class_check action=maybe_recompile pc=0x000001c0ee4e32ec method=sun.java2d.SurfaceData.getTransparency()I @ 4 c2
Event: 16.927 Thread 0x000001c0fd04a6c0 DEOPT PACKING pc=0x000001c0ee4e32ec sp=0x0000002f0ebfd630
Event: 16.927 Thread 0x000001c0fd04a6c0 DEOPT UNPACKING pc=0x000001c0e6965c23 sp=0x0000002f0ebfcf38 mode 2
Event: 17.611 Thread 0x000001c0fd04a6c0 Uncommon trap: trap_request=0xffffffde fr.pc=0x000001c0ee4e32ec relative=0x00000000000046ac
Event: 17.611 Thread 0x000001c0fd04a6c0 Uncommon trap: reason=class_check action=maybe_recompile pc=0x000001c0ee4e32ec method=sun.java2d.SurfaceData.getTransparency()I @ 4 c2
Event: 17.611 Thread 0x000001c0fd04a6c0 DEOPT PACKING pc=0x000001c0ee4e32ec sp=0x0000002f0ebfd630
Event: 17.612 Thread 0x000001c0fd04a6c0 DEOPT UNPACKING pc=0x000001c0e6965c23 sp=0x0000002f0ebfcf38 mode 2
Event: 18.257 Thread 0x000001c0fd04a6c0 Uncommon trap: trap_request=0xffffffde fr.pc=0x000001c0ee4e32ec relative=0x00000000000046ac
Event: 18.257 Thread 0x000001c0fd04a6c0 Uncommon trap: reason=class_check action=maybe_recompile pc=0x000001c0ee4e32ec method=sun.java2d.SurfaceData.getTransparency()I @ 4 c2
Event: 18.257 Thread 0x000001c0fd04a6c0 DEOPT PACKING pc=0x000001c0ee4e32ec sp=0x0000002f0ebfd700
Event: 18.257 Thread 0x000001c0fd04a6c0 DEOPT UNPACKING pc=0x000001c0e6965c23 sp=0x0000002f0ebfd008 mode 2
Event: 18.977 Thread 0x000001c0fd04a6c0 Uncommon trap: trap_request=0xffffffde fr.pc=0x000001c0ee4e32ec relative=0x00000000000046ac
Event: 18.977 Thread 0x000001c0fd04a6c0 Uncommon trap: reason=class_check action=maybe_recompile pc=0x000001c0ee4e32ec method=sun.java2d.SurfaceData.getTransparency()I @ 4 c2
Event: 18.977 Thread 0x000001c0fd04a6c0 DEOPT PACKING pc=0x000001c0ee4e32ec sp=0x0000002f0ebfd700
Event: 18.977 Thread 0x000001c0fd04a6c0 DEOPT UNPACKING pc=0x000001c0e6965c23 sp=0x0000002f0ebfd008 mode 2
Event: 21.395 Thread 0x000001c0fd04a6c0 DEOPT PACKING pc=0x000001c0e723b101 sp=0x0000002f0ebfd500
Event: 21.395 Thread 0x000001c0fd04a6c0 DEOPT UNPACKING pc=0x000001c0e6966763 sp=0x0000002f0ebfc9e0 mode 0

Classes unloaded (0 events):
No events

Classes redefined (0 events):
No events

Internal exceptions (16 events):
Event: 0.124 Thread 0x000001c0fd049380 Exception <a 'java/lang/NoSuchMethodError'{0x000000008b6f0700}: 'java.lang.Object java.lang.invoke.DirectMethodHandle$Holder.invokeStaticInit(java.lang.Object)'> (0x000000008b6f0700) 
thrown [t:\workspace\open\src\hotspot\share\interpreter\linkResolver.cpp, line 766]
Event: 0.127 Thread 0x000001c0df1128c0 Exception <a 'java/lang/ClassNotFoundException'{0x000000008b6b96a8}: sun/awt/resources/spi/awtProvider> (0x000000008b6b96a8) 
thrown [t:\workspace\open\src\hotspot\share\classfile\systemDictionary.cpp, line 256]
Event: 0.133 Thread 0x000001c0fd049380 Exception <a 'java/lang/NoSuchMethodError'{0x000000008b6fde48}: 'void java.lang.invoke.DirectMethodHandle$Holder.invokeStatic(java.lang.Object, java.lang.Object)'> (0x000000008b6fde48) 
thrown [t:\workspace\open\src\hotspot\share\interpreter\linkResolver.cpp, line 766]
Event: 0.157 Thread 0x000001c0df1128c0 Exception <a 'java/io/FileNotFoundException'{0x000000008b5998d8}> (0x000000008b5998d8) 
thrown [t:\workspace\open\src\hotspot\share\prims\jni.cpp, line 516]
Event: 0.165 Thread 0x000001c0df1128c0 Exception <a 'java/io/FileNotFoundException'{0x000000008b5c6ac0}> (0x000000008b5c6ac0) 
thrown [t:\workspace\open\src\hotspot\share\prims\jni.cpp, line 516]
Event: 0.256 Thread 0x000001c0fd04a6c0 Exception <a 'java/lang/NoSuchMethodError'{0x000000008b33e668}: 'void java.lang.invoke.DirectMethodHandle$Holder.invokeSpecial(java.lang.Object, java.lang.Object, java.lang.Object)'> (0x000000008b33e668) 
thrown [t:\workspace\open\src\hotspot\share\interpreter\linkResolver.cpp, line 766]
Event: 0.264 Thread 0x000001c0fd04a6c0 Exception <a 'java/lang/NoSuchMethodError'{0x000000008b368840}: 'java.lang.Object java.lang.invoke.DirectMethodHandle$Holder.newInvokeSpecial(java.lang.Object, java.lang.Object, java.lang.Object, java.lang.Object, java.lang.Object)'> (0x000000008b368840) 
thrown [t:\workspace\open\src\hotspot\share\interpreter\linkResolver.cpp, line 766]
Event: 0.265 Thread 0x000001c0fd04a6c0 Exception <a 'java/lang/NoSuchMethodError'{0x000000008b374208}: 'java.lang.Object java.lang.invoke.DirectMethodHandle$Holder.invokeStatic(java.lang.Object, int, java.lang.Object, java.lang.Object, java.lang.Object, java.lang.Object)'> (0x000000008b374208) 
thrown [t:\workspace\open\src\hotspot\share\interpreter\linkResolver.cpp, line 766]
Event: 0.269 Thread 0x000001c0fd04a6c0 Exception <a 'java/lang/NoSuchMethodError'{0x000000008b20fd88}: 'java.lang.Object java.lang.invoke.DirectMethodHandle$Holder.invokeStatic(java.lang.Object, int, java.lang.Object)'> (0x000000008b20fd88) 
thrown [t:\workspace\open\src\hotspot\share\interpreter\linkResolver.cpp, line 766]
Event: 0.292 Thread 0x000001c0fd04a6c0 Exception <a 'java/lang/ClassNotFoundException'{0x000000008b2c79a0}: com/sun/swing/internal/plaf/metal/resources/spi/metalProvider> (0x000000008b2c79a0) 
thrown [t:\workspace\open\src\hotspot\share\classfile\systemDictionary.cpp, line 256]
Event: 0.293 Thread 0x000001c0fd04a6c0 Exception <a 'java/lang/ClassNotFoundException'{0x000000008b2cb7a8}: com/sun/swing/internal/plaf/basic/resources/spi/basicProvider> (0x000000008b2cb7a8) 
thrown [t:\workspace\open\src\hotspot\share\classfile\systemDictionary.cpp, line 256]
Event: 0.313 Thread 0x000001c0fd04b060 Exception <a 'java/lang/NoSuchMethodError'{0x000000008b2fbc08}: 'java.lang.Object java.lang.invoke.DirectMethodHandle$Holder.newInvokeSpecial(java.lang.Object, java.lang.Object, java.lang.Object, int, int, int, int, int)'> (0x000000008b2fbc08) 
thrown [t:\workspace\open\src\hotspot\share\interpreter\linkResolver.cpp, line 766]
Event: 0.350 Thread 0x000001c0fd049d20 Exception <a 'java/lang/NoSuchMethodError'{0x000000008b485a28}: 'void java.lang.invoke.DirectMethodHandle$Holder.invokeVirtual(java.lang.Object, java.lang.Object)'> (0x000000008b485a28) 
thrown [t:\workspace\open\src\hotspot\share\interpreter\linkResolver.cpp, line 766]
Event: 0.365 Thread 0x000001c0fd04a6c0 Exception <a 'java/lang/NoSuchMethodError'{0x000000008af09960}: 'void java.lang.invoke.DirectMethodHandle$Holder.invokeStaticInit(java.lang.Object)'> (0x000000008af09960) 
thrown [t:\workspace\open\src\hotspot\share\interpreter\linkResolver.cpp, line 766]
Event: 0.622 Thread 0x000001c0fd04a6c0 Exception <a 'java/lang/NoSuchMethodError'{0x000000008afc0220}: static LScore;.<clinit>()V> (0x000000008afc0220) 
thrown [t:\workspace\open\src\hotspot\share\prims\jni.cpp, line 1107]
Event: 1.655 Thread 0x000001c0fd04a6c0 Exception <a 'java/lang/NoSuchMethodError'{0x000000008abda530}: 'int java.lang.invoke.DirectMethodHandle$Holder.invokeStatic(java.lang.Object)'> (0x000000008abda530) 
thrown [t:\workspace\open\src\hotspot\share\interpreter\linkResolver.cpp, line 766]

VM Operations (20 events):
Event: 32.662 Executing VM operation: Cleanup done
Event: 33.200 Executing VM operation: G1CollectForAllocation
Event: 33.201 Executing VM operation: G1CollectForAllocation done
Event: 33.202 Executing VM operation: G1TryInitiateConcMark
Event: 33.203 Executing VM operation: G1TryInitiateConcMark done
Event: 33.209 Executing VM operation: G1Concurrent
Event: 33.209 Executing VM operation: G1Concurrent done
Event: 33.211 Executing VM operation: G1Concurrent
Event: 33.212 Executing VM operation: G1Concurrent done
Event: 33.225 Executing VM operation: G1TryInitiateConcMark
Event: 33.226 Executing VM operation: G1TryInitiateConcMark done
Event: 33.909 Executing VM operation: G1TryInitiateConcMark
Event: 33.910 Executing VM operation: G1TryInitiateConcMark done
Event: 33.911 Executing VM operation: G1TryInitiateConcMark
Event: 33.912 Executing VM operation: G1TryInitiateConcMark done
Event: 33.929 Executing VM operation: G1TryInitiateConcMark
Event: 33.930 Executing VM operation: G1TryInitiateConcMark done
Event: 33.931 Executing VM operation: G1TryInitiateConcMark
Event: 33.932 Executing VM operation: G1TryInitiateConcMark done
Event: 34.710 Executing VM operation: G1TryInitiateConcMark

Events (20 events):
Event: 7.018 loading class javax/swing/JTable$PrintMode
Event: 7.018 loading class javax/swing/JTable$PrintMode done
Event: 7.781 Thread 0x000001c0fdfd0590 Thread exited: 0x000001c0fdfd0590
Event: 9.713 Thread 0x000001c0fdfd0420 Thread added: 0x000001c0fdfd0420
Event: 10.404 Thread 0x000001c0fdfd0420 Thread exited: 0x000001c0fdfd0420
Event: 10.407 Thread 0x000001c0fdfd0420 Thread added: 0x000001c0fdfd0420
Event: 11.112 Thread 0x000001c0fdfd0420 Thread exited: 0x000001c0fdfd0420
Event: 11.193 Thread 0x000001c080249ee0 Thread added: 0x000001c080249ee0
Event: 11.823 Thread 0x000001c080249ee0 Thread exited: 0x000001c080249ee0
Event: 11.884 Thread 0x000001c0fd04b060 Thread exited: 0x000001c0fd04b060
Event: 12.526 loading class java/lang/Math$RandomNumberGeneratorHolder
Event: 12.526 loading class java/lang/Math$RandomNumberGeneratorHolder done
Event: 16.926 loading class sun/java2d/loops/MaskBlit$General
Event: 16.926 loading class sun/java2d/loops/GraphicsPrimitive$GeneralBinaryOp
Event: 16.926 loading class sun/java2d/loops/GraphicsPrimitive$GeneralBinaryOp done
Event: 16.926 loading class sun/java2d/loops/MaskBlit$General done
Event: 21.130 Thread 0x000001c0825302b0 Thread added: 0x000001c0825302b0
Event: 21.284 Thread 0x000001c0825302b0 Thread exited: 0x000001c0825302b0
Event: 21.454 loading class javax/swing/RowSorter
Event: 21.455 loading class javax/swing/RowSorter done


Dynamic libraries:
0x00007ff72e1b0000 - 0x00007ff72e1c0000 	C:\Program Files\Java\jdk-17.0.1\bin\java.exe
0x00007ffc0aeb0000 - 0x00007ffc0b0c6000 	C:\WINDOWS\SYSTEM32\ntdll.dll
0x00007ffc09600000 - 0x00007ffc096c4000 	C:\WINDOWS\System32\KERNEL32.DLL
0x00007ffc081d0000 - 0x00007ffc08577000 	C:\WINDOWS\System32\KERNELBASE.dll
0x00007ffc08ac0000 - 0x00007ffc08bd1000 	C:\WINDOWS\System32\ucrtbase.dll
0x00007ffbfcba0000 - 0x00007ffbfcbb8000 	C:\Program Files\Java\jdk-17.0.1\bin\jli.dll
0x00007ffbfcb80000 - 0x00007ffbfcb9a000 	C:\Program Files\Java\jdk-17.0.1\bin\VCRUNTIME140.dll
0x00007ffc0a850000 - 0x00007ffc0a902000 	C:\WINDOWS\System32\ADVAPI32.dll
0x00007ffc09330000 - 0x00007ffc093d7000 	C:\WINDOWS\System32\msvcrt.dll
0x00007ffc09040000 - 0x00007ffc090e8000 	C:\WINDOWS\System32\sechost.dll
0x00007ffc089f0000 - 0x00007ffc08a18000 	C:\WINDOWS\System32\bcrypt.dll
0x00007ffc08c50000 - 0x00007ffc08d65000 	C:\WINDOWS\System32\RPCRT4.dll
0x00007ffc09180000 - 0x00007ffc0932e000 	C:\WINDOWS\System32\USER32.dll
0x00007ffc08890000 - 0x00007ffc088b6000 	C:\WINDOWS\System32\win32u.dll
0x00007ffc090f0000 - 0x00007ffc09119000 	C:\WINDOWS\System32\GDI32.dll
0x00007ffc08580000 - 0x00007ffc08699000 	C:\WINDOWS\System32\gdi32full.dll
0x00007ffc08a20000 - 0x00007ffc08aba000 	C:\WINDOWS\System32\msvcp_win.dll
0x00007ffbe5830000 - 0x00007ffbe5ac3000 	C:\WINDOWS\WinSxS\amd64_microsoft.windows.common-controls_6595b64144ccf1df_6.0.22621.3235_none_270f74e173860f98\COMCTL32.dll
0x00007ffbfe0b0000 - 0x00007ffbfe0ba000 	C:\WINDOWS\SYSTEM32\VERSION.dll
0x00007ffc0ae30000 - 0x00007ffc0ae61000 	C:\WINDOWS\System32\IMM32.DLL
0x00007ffc00ee0000 - 0x00007ffc00eec000 	C:\Program Files\Java\jdk-17.0.1\bin\vcruntime140_1.dll
0x00007ffbe4a00000 - 0x00007ffbe4a8d000 	C:\Program Files\Java\jdk-17.0.1\bin\msvcp140.dll
0x00007ffb90030000 - 0x00007ffb90bee000 	C:\Program Files\Java\jdk-17.0.1\bin\server\jvm.dll
0x00007ffc09030000 - 0x00007ffc09038000 	C:\WINDOWS\System32\PSAPI.DLL
0x00007ffbfe0c0000 - 0x00007ffbfe0f4000 	C:\WINDOWS\SYSTEM32\WINMM.dll
0x00007ffbfc670000 - 0x00007ffbfc679000 	C:\WINDOWS\SYSTEM32\WSOCK32.dll
0x00007ffc096d0000 - 0x00007ffc09741000 	C:\WINDOWS\System32\WS2_32.dll
0x00007ffc07210000 - 0x00007ffc07228000 	C:\WINDOWS\SYSTEM32\kernel.appcore.dll
0x00007ffbff0f0000 - 0x00007ffbff0fa000 	C:\Program Files\Java\jdk-17.0.1\bin\jimage.dll
0x00007ffc05af0000 - 0x00007ffc05d23000 	C:\WINDOWS\SYSTEM32\DBGHELP.DLL
0x00007ffc099e0000 - 0x00007ffc09d68000 	C:\WINDOWS\System32\combase.dll
0x00007ffc0a5f0000 - 0x00007ffc0a6c7000 	C:\WINDOWS\System32\OLEAUT32.dll
0x00007ffbfccd0000 - 0x00007ffbfcd02000 	C:\WINDOWS\SYSTEM32\dbgcore.DLL
0x00007ffc086a0000 - 0x00007ffc08719000 	C:\WINDOWS\System32\bcryptPrimitives.dll
0x00007ffbfc830000 - 0x00007ffbfc83e000 	C:\Program Files\Java\jdk-17.0.1\bin\instrument.dll
0x00007ffbfc2c0000 - 0x00007ffbfc2e5000 	C:\Program Files\Java\jdk-17.0.1\bin\java.dll
0x00007ffbcf3a0000 - 0x00007ffbcf476000 	C:\Program Files\Java\jdk-17.0.1\bin\svml.dll
0x00007ffc09d70000 - 0x00007ffc0a5cc000 	C:\WINDOWS\System32\SHELL32.dll
0x00007ffc06130000 - 0x00007ffc06a29000 	C:\WINDOWS\SYSTEM32\windows.storage.dll
0x00007ffc05ff0000 - 0x00007ffc0612e000 	C:\WINDOWS\SYSTEM32\wintypes.dll
0x00007ffc09750000 - 0x00007ffc09843000 	C:\WINDOWS\System32\SHCORE.dll
0x00007ffc09120000 - 0x00007ffc0917e000 	C:\WINDOWS\System32\shlwapi.dll
0x00007ffc08100000 - 0x00007ffc08121000 	C:\WINDOWS\SYSTEM32\profapi.dll
0x00007ffbfc2a0000 - 0x00007ffbfc2b8000 	C:\Program Files\Java\jdk-17.0.1\bin\zip.dll
0x00007ffbfc1b0000 - 0x00007ffbfc1c9000 	C:\Program Files\Java\jdk-17.0.1\bin\net.dll
0x00007ffbff850000 - 0x00007ffbff986000 	C:\WINDOWS\SYSTEM32\WINHTTP.dll
0x00007ffc07680000 - 0x00007ffc076e9000 	C:\WINDOWS\system32\mswsock.dll
0x00007ffbf8890000 - 0x00007ffbf88a5000 	C:\Program Files\Java\jdk-17.0.1\bin\nio.dll
0x00007ffbfc0a0000 - 0x00007ffbfc0ba000 	C:\Program Files\JetBrains\IntelliJ IDEA Community Edition 2021.2.3\bin\breakgen64.dll
0x00007ffbc2d70000 - 0x00007ffbc2eff000 	C:\Program Files\Java\jdk-17.0.1\bin\awt.dll
0x00007ffc029c0000 - 0x00007ffc02a57000 	C:\WINDOWS\SYSTEM32\apphelp.dll
0x00007ffc05110000 - 0x00007ffc051bb000 	C:\WINDOWS\system32\uxtheme.dll
0x00007ffc0a6f0000 - 0x00007ffc0a843000 	C:\WINDOWS\System32\MSCTF.dll
0x00007ffc09450000 - 0x00007ffc095f5000 	C:\WINDOWS\System32\ole32.dll
0x00007ffc05380000 - 0x00007ffc053ab000 	C:\WINDOWS\system32\DWMAPI.DLL
0x00007ffbbf060000 - 0x00007ffbbf160000 	C:\WINDOWS\system32\opengl32.dll
0x00007ffbfc230000 - 0x00007ffbfc25d000 	C:\WINDOWS\SYSTEM32\GLU32.dll
0x00007ffc05220000 - 0x00007ffc05259000 	C:\WINDOWS\SYSTEM32\dxcore.dll
0x00007ffbc5bf0000 - 0x00007ffbc5c79000 	C:\Program Files\Java\jdk-17.0.1\bin\freetype.dll
0x00007ffbbff30000 - 0x00007ffbbffd8000 	C:\Program Files\Java\jdk-17.0.1\bin\fontmanager.dll
0x00007ffbf5d90000 - 0x00007ffbf5eda000 	C:\WINDOWS\SYSTEM32\textinputframework.dll
0x00007ffc026c0000 - 0x00007ffc027f4000 	C:\WINDOWS\SYSTEM32\CoreMessaging.dll
0x00007ffbf48f0000 - 0x00007ffbf4c5c000 	C:\WINDOWS\SYSTEM32\CoreUIComponents.dll
0x00007ffc07900000 - 0x00007ffc0790c000 	C:\WINDOWS\SYSTEM32\CRYPTBASE.DLL
0x00007ffc09930000 - 0x00007ffc099e0000 	C:\WINDOWS\System32\clbcatq.dll
0x00007ffc013d0000 - 0x00007ffc01580000 	C:\WINDOWS\SYSTEM32\WindowsCodecs.dll
0x00007ffbde6b0000 - 0x00007ffbde70e000 	C:\WINDOWS\system32\dataexchange.dll
0x00007ffbf2680000 - 0x00007ffbf290e000 	C:\WINDOWS\system32\twinapi.appcore.dll

dbghelp: loaded successfully - version: 4.0.5 - missing functions: none
symbol engine: initialized successfully - sym options: 0x614 - pdb path: .;C:\Program Files\Java\jdk-17.0.1\bin;C:\WINDOWS\SYSTEM32;C:\WINDOWS\WinSxS\amd64_microsoft.windows.common-controls_6595b64144ccf1df_6.0.22621.3235_none_270f74e173860f98;C:\Program Files\Java\jdk-17.0.1\bin\server;C:\Program Files\JetBrains\IntelliJ IDEA Community Edition 2021.2.3\bin

VM Arguments:
jvm_args: -javaagent:C:\Program Files\JetBrains\IntelliJ IDEA Community Edition 2021.2.3\lib\idea_rt.jar=58856:C:\Program Files\JetBrains\IntelliJ IDEA Community Edition 2021.2.3\bin -Dfile.encoding=windows-1251 
java_command: Pacman
java_class_path (initial): G:\IntellijProjects\GUI_DZ_2223L_PRO2_GR14c_s28610_INTELLIJ\Pacman\out\production\Pacman
Launcher Type: SUN_STANDARD

[Global flags]
     intx CICompilerCount                          = 4                                         {product} {ergonomic}
     uint ConcGCThreads                            = 2                                         {product} {ergonomic}
     uint G1ConcRefinementThreads                  = 8                                         {product} {ergonomic}
   size_t G1HeapRegionSize                         = 1048576                                   {product} {ergonomic}
    uintx GCDrainStackTargetSize                   = 64                                        {product} {ergonomic}
   size_t InitialHeapSize                          = 132120576                                 {product} {ergonomic}
   size_t MarkStackSize                            = 4194304                                   {product} {ergonomic}
   size_t MaxHeapSize                              = 2086666240                                {product} {ergonomic}
   size_t MaxNewSize                               = 1251999744                                {product} {ergonomic}
   size_t MinHeapDeltaBytes                        = 1048576                                   {product} {ergonomic}
   size_t MinHeapSize                              = 8388608                                   {product} {ergonomic}
    uintx NonNMethodCodeHeapSize                   = 5839372                                {pd product} {ergonomic}
    uintx NonProfiledCodeHeapSize                  = 122909434                              {pd product} {ergonomic}
    uintx ProfiledCodeHeapSize                     = 122909434                              {pd product} {ergonomic}
    uintx ReservedCodeCacheSize                    = 251658240                              {pd product} {ergonomic}
     bool SegmentedCodeCache                       = true                                      {product} {ergonomic}
   size_t SoftMaxHeapSize                          = 2086666240                             {manageable} {ergonomic}
     bool UseCompressedClassPointers               = true                           {product lp64_product} {ergonomic}
     bool UseCompressedOops                        = true                           {product lp64_product} {ergonomic}
     bool UseG1GC                                  = true                                      {product} {ergonomic}
     bool UseLargePagesIndividualAllocation        = false                                  {pd product} {ergonomic}

Logging:
Log output configuration:
 #0: stdout all=warning uptime,level,tags
 #1: stderr all=off uptime,level,tags

Environment Variables:
JAVA_HOME=C:\Program Files\Java\jdk-17.0.1
PATH=C:\Program Files\Common Files\Oracle\Java\javapath;C:\Windows\system32;C:\Windows;C:\Windows\System32\Wbem;C:\Windows\System32\WindowsPowerShell\v1.0\;C:\Windows\System32\OpenSSH\;C:\Program Files\Java\jdk-17.0.1\bin;C:\WINDOWS\system32;C:\WINDOWS;C:\WINDOWS\System32\Wbem;C:\WINDOWS\System32\WindowsPowerShell\v1.0\;C:\WINDOWS\System32\OpenSSH\;C:\Program Files\Git\cmd;C:\Program Files\PuTTY\;C:\Program Files\nodejs\;C:\Program Files\dotnet\;C:\Users\HP\AppData\Local\Programs\Python\Launcher\;C:\Users\HP\AppData\Local\Microsoft\WindowsApps;;C:\Users\HP\AppData\Local\Programs\Microsoft VS Code\bin;C:\Program Files\JetBrains\CLion 2022.3.2\bin;;C:\Program Files\JetBrains\DataGrip 2023.1.2\bin;;C:\Users\HP\AppData\Roaming\npm;C:\Program Files\JetBrains\PyCharm 2023.3.4\bin;;C:\Program Files\JetBrains\JetBrains Rider 2023.3.4\bin;
USERNAME=HP
OS=Windows_NT
PROCESSOR_IDENTIFIER=Intel64 Family 6 Model 140 Stepping 1, GenuineIntel



---------------  S Y S T E M  ---------------

OS:
 Windows 10 , 64 bit Build 22621 (10.0.22621.3374)
OS uptime: 20 days 20:16 hours

CPU: total 8 (initial active 8) (4 cores per cpu, 2 threads per core) family 6 model 140 stepping 1 microcode 0xac, cx8, cmov, fxsr, ht, mmx, 3dnowpref, sse, sse2, sse3, ssse3, sse4.1, sse4.2, popcnt, lzcnt, tsc, tscinvbit, avx, avx2, aes, erms, clmul, bmi1, bmi2, adx, avx512f, avx512dq, avx512cd, avx512bw, avx512vl, sha, fma, vzeroupper, avx512_vpopcntdq, avx512_vpclmulqdq, avx512_vaes, avx512_vnni, clflush, clflushopt, clwb, avx512_vbmi2, avx512_vbmi

Memory: 4k page, system-wide physical 7957M (920M free)
TotalPageFile size 21300M (AvailPageFile size 158M)
current process WorkingSet (physical memory assigned to process): 215M, peak: 224M
current process commit charge ("private bytes"): 303M, peak: 669M

vm_info: Java HotSpot(TM) 64-Bit Server VM (17.0.1+12-LTS-39) for windows-amd64 JRE (17.0.1+12-LTS-39), built on Sep 27 2021 18:41:35 by "mach5one" with MS VC++ 16.8 (VS2019)

END.
