#
# There is insufficient memory for the Java Runtime Environment to continue.
# Native memory allocation (mmap) failed to map 341835776 bytes for G1 virtual space
# Possible reasons:
#   The system is out of physical RAM or swap space
#   The process is running with CompressedOops enabled, and the Java Heap may be blocking the growth of the native heap
# Possible solutions:
#   Reduce memory load on the system
#   Increase physical memory or swap space
#   Check if swap backing store is full
#   Decrease Java heap size (-Xmx/-Xms)
#   Decrease number of Java threads
#   Decrease Java thread stack sizes (-Xss)
#   Set larger code cache with -XX:ReservedCodeCacheSize=
#   JVM is running with Unscaled Compressed Oops mode in which the Java heap is
#     placed in the first 4GB address space. The Java Heap base address is the
#     maximum limit for the native heap growth. Please use -XX:HeapBaseMinAddress
#     to set the Java Heap base and to place the Java Heap above 4GB virtual address.
# This output file may be truncated or incomplete.
#
#  Out of Memory Error (os_windows.cpp:3469), pid=31768, tid=38200
#
# JRE version: Java(TM) SE Runtime Environment (17.0.1+12) (build 17.0.1+12-LTS-39)
# Java VM: Java HotSpot(TM) 64-Bit Server VM (17.0.1+12-LTS-39, mixed mode, sharing, tiered, compressed oops, compressed class ptrs, g1 gc, windows-amd64)
# No core dump will be written. Minidumps are not enabled by default on client versions of Windows
#

---------------  S U M M A R Y ------------

Command Line: -javaagent:C:\Program Files\JetBrains\IntelliJ IDEA Community Edition 2021.2.3\lib\idea_rt.jar=54758:C:\Program Files\JetBrains\IntelliJ IDEA Community Edition 2021.2.3\bin -Dfile.encoding=windows-1251 Pacman

Host: 11th Gen Intel(R) Core(TM) i5-1135G7 @ 2.40GHz, 8 cores, 7G,  Windows 10 , 64 bit Build 22621 (10.0.22621.3374)
Time: Tue Apr 30 15:47:43 2024  Windows 10 , 64 bit Build 22621 (10.0.22621.3374) elapsed time: 81.247928 seconds (0d 0h 1m 21s)

---------------  T H R E A D  ---------------

Current thread (0x000002782abb3de0):  VMThread "VM Thread" [stack: 0x000000a514e00000,0x000000a514f00000] [id=38200]

Stack: [0x000000a514e00000,0x000000a514f00000]
Native frames: (J=compiled Java code, j=interpreted, Vv=VM code, C=native code)
V  [jvm.dll+0x66fa1a]
V  [jvm.dll+0x7ce5a4]
V  [jvm.dll+0x7cfd4e]
V  [jvm.dll+0x7d03b3]
V  [jvm.dll+0x242b05]
V  [jvm.dll+0x66ca39]
V  [jvm.dll+0x661502]
V  [jvm.dll+0x30081b]
V  [jvm.dll+0x307da6]
V  [jvm.dll+0x357a1e]
V  [jvm.dll+0x357c4f]
V  [jvm.dll+0x2d7ad8]
V  [jvm.dll+0x2d5da4]
V  [jvm.dll+0x2d53ac]
V  [jvm.dll+0x319031]
V  [jvm.dll+0x7d484b]
V  [jvm.dll+0x7d5584]
V  [jvm.dll+0x7d5a9c]
V  [jvm.dll+0x7d5e74]
V  [jvm.dll+0x7d5f40]
V  [jvm.dll+0x77e91a]
V  [jvm.dll+0x66e845]
C  [ucrtbase.dll+0x29333]
C  [KERNEL32.DLL+0x1257d]
C  [ntdll.dll+0x5aa48]

VM_Operation (0x000000a515ffcc50): G1TryInitiateConcMark, mode: safepoint, requested by thread 0x000002782bb4d640


---------------  P R O C E S S  ---------------

Threads class SMR info:
_java_thread_list=0x000002782c8c4850, length=20, elements={
0x000002782abb9790, 0x000002782abba250, 0x000002782abd2280, 0x000002782abd2d40,
0x000002782abd7d30, 0x000002782abd85f0, 0x000002782abec820, 0x000002782ac0d1e0,
0x000002782ac1fad0, 0x000002782b8a89c0, 0x000002782b978070, 0x000002782b978750,
0x000002782bb44ce0, 0x000002782bb47e50, 0x000002782bb48fc0, 0x000002782bb4d640,
0x000002780acc19c0, 0x000002782ccdc9c0, 0x000002782ccdce90, 0x000002782ccdd360
}

Java Threads: ( => current thread )
  0x000002782abb9790 JavaThread "Reference Handler" daemon [_thread_blocked, id=49408, stack(0x000000a514f00000,0x000000a515000000)]
  0x000002782abba250 JavaThread "Finalizer" daemon [_thread_blocked, id=36668, stack(0x000000a515000000,0x000000a515100000)]
  0x000002782abd2280 JavaThread "Signal Dispatcher" daemon [_thread_blocked, id=17016, stack(0x000000a515100000,0x000000a515200000)]
  0x000002782abd2d40 JavaThread "Attach Listener" daemon [_thread_blocked, id=24484, stack(0x000000a515200000,0x000000a515300000)]
  0x000002782abd7d30 JavaThread "Service Thread" daemon [_thread_blocked, id=4976, stack(0x000000a515300000,0x000000a515400000)]
  0x000002782abd85f0 JavaThread "Monitor Deflation Thread" daemon [_thread_blocked, id=30960, stack(0x000000a515400000,0x000000a515500000)]
  0x000002782abec820 JavaThread "C2 CompilerThread0" daemon [_thread_blocked, id=26744, stack(0x000000a515500000,0x000000a515600000)]
  0x000002782ac0d1e0 JavaThread "C1 CompilerThread0" daemon [_thread_blocked, id=20612, stack(0x000000a515600000,0x000000a515700000)]
  0x000002782ac1fad0 JavaThread "Sweeper thread" daemon [_thread_blocked, id=45624, stack(0x000000a515700000,0x000000a515800000)]
  0x000002782b8a89c0 JavaThread "Common-Cleaner" daemon [_thread_blocked, id=56556, stack(0x000000a515800000,0x000000a515900000)]
  0x000002782b978070 JavaThread "Monitor Ctrl-Break" daemon [_thread_in_native, id=57012, stack(0x000000a515900000,0x000000a515a00000)]
  0x000002782b978750 JavaThread "Notification Thread" daemon [_thread_blocked, id=9540, stack(0x000000a515a00000,0x000000a515b00000)]
  0x000002782bb44ce0 JavaThread "Java2D Disposer" daemon [_thread_blocked, id=36024, stack(0x000000a515c00000,0x000000a515d00000)]
  0x000002782bb47e50 JavaThread "AWT-Shutdown" [_thread_blocked, id=34972, stack(0x000000a515d00000,0x000000a515e00000)]
  0x000002782bb48fc0 JavaThread "AWT-Windows" daemon [_thread_blocked, id=11840, stack(0x000000a515e00000,0x000000a515f00000)]
  0x000002782bb4d640 JavaThread "AWT-EventQueue-0" [_thread_blocked, id=55768, stack(0x000000a515f00000,0x000000a516000000)]
  0x000002780acc19c0 JavaThread "DestroyJavaVM" [_thread_blocked, id=57332, stack(0x000000a514800000,0x000000a514900000)]
  0x000002782ccdc9c0 JavaThread "TimerQueue" daemon [_thread_blocked, id=25284, stack(0x000000a516500000,0x000000a516600000)]
  0x000002782ccdce90 JavaThread "Thread-0" [_thread_blocked, id=3940, stack(0x000000a516d00000,0x000000a516e00000)]
  0x000002782ccdd360 JavaThread "Thread-1" [_thread_blocked, id=15836, stack(0x000000a516e00000,0x000000a516f00000)]

Other Threads:
=>0x000002782abb3de0 VMThread "VM Thread" [stack: 0x000000a514e00000,0x000000a514f00000] [id=38200]
  0x000002780ad2a550 WatcherThread [stack: 0x000000a515b00000,0x000000a515c00000] [id=45944]
  0x000002780ad01050 GCTaskThread "GC Thread#0" [stack: 0x000000a514900000,0x000000a514a00000] [id=22708]
  0x000002782d35bfe0 GCTaskThread "GC Thread#1" [stack: 0x000000a516100000,0x000000a516200000] [id=16356]
  0x000002782c657960 GCTaskThread "GC Thread#2" [stack: 0x000000a516600000,0x000000a516700000] [id=8736]
  0x000002782c972b60 GCTaskThread "GC Thread#3" [stack: 0x000000a516700000,0x000000a516800000] [id=44976]
  0x000002782c972e10 GCTaskThread "GC Thread#4" [stack: 0x000000a516800000,0x000000a516900000] [id=52724]
  0x000002782bbd53f0 GCTaskThread "GC Thread#5" [stack: 0x000000a516900000,0x000000a516a00000] [id=54612]
  0x000002782b8d7ea0 GCTaskThread "GC Thread#6" [stack: 0x000000a516a00000,0x000000a516b00000] [id=28044]
  0x000002782b8d8150 GCTaskThread "GC Thread#7" [stack: 0x000000a516b00000,0x000000a516c00000] [id=44272]
  0x000002780ad11760 ConcurrentGCThread "G1 Main Marker" [stack: 0x000000a514a00000,0x000000a514b00000] [id=29404]
  0x000002780ad12080 ConcurrentGCThread "G1 Conc#0" [stack: 0x000000a514b00000,0x000000a514c00000] [id=33084]
  0x000002782ca7afb0 ConcurrentGCThread "G1 Conc#1" [stack: 0x000000a516000000,0x000000a516100000] [id=2736]
  0x000002780ad8e150 ConcurrentGCThread "G1 Refine#0" [stack: 0x000000a514c00000,0x000000a514d00000] [id=19444]
  0x000002780ad8ea80 ConcurrentGCThread "G1 Service" [stack: 0x000000a514d00000,0x000000a514e00000] [id=6012]

Threads with active compile tasks:
C2 CompilerThread0    81267 2756       4       sun.java2d.pipe.DrawImage::scaleImage (68 bytes)

VM state: at safepoint (normal execution)

VM Mutex/Monitor currently owned by a thread:  ([mutex/lock_event])
[0x000002780acbdfd0] Threads_lock - owner thread: 0x000002782abb3de0
[0x000002780acbe570] Heap_lock - owner thread: 0x000002782bb4d640

Heap address: 0x0000000083a00000, size: 1990 MB, Compressed Oops mode: 32-bit

CDS archive(s) mapped at: [0x0000000800000000-0x0000000800bc0000-0x0000000800bc0000), size 12320768, SharedBaseAddress: 0x0000000800000000, ArchiveRelocationMode: 0.
Compressed class space mapped at: 0x0000000800c00000-0x0000000840c00000, reserved size: 1073741824
Narrow klass base: 0x0000000800000000, Narrow klass shift: 0, Narrow klass range: 0x100000000

GC Precious Log:
 CPUs: 8 total, 8 available
 Memory: 7957M
 Large Page Support: Disabled
 NUMA Support: Disabled
 Compressed Oops: Enabled (32-bit)
 Heap Region Size: 1M
 Heap Min Capacity: 8M
 Heap Initial Capacity: 126M
 Heap Max Capacity: 1990M
 Pre-touch: Disabled
 Parallel Workers: 8
 Concurrent Workers: 2
 Concurrent Refinement Workers: 8
 Periodic GC: Disabled

Heap:
 garbage-first heap   total 166912K, used 77397K [0x0000000083a00000, 0x0000000100000000)
  region size 1024K, 4 young (4096K), 4 survivors (4096K)
 Metaspace       used 12009K, committed 12288K, reserved 1064960K
  class space    used 1286K, committed 1408K, reserved 1048576K

Heap Regions: E=young(eden), S=young(survivor), O=old, HS=humongous(starts), HC=humongous(continues), CS=collection set, F=free, OA=open archive, CA=closed archive, TAMS=top-at-mark-start (previous, next)
|   0|0x0000000083a00000, 0x0000000083b00000, 0x0000000083b00000|100%|HS|  |TAMS 0x0000000083b00000, 0x0000000083b00000| Complete 
|   1|0x0000000083b00000, 0x0000000083c00000, 0x0000000083c00000|100%|HC|  |TAMS 0x0000000083c00000, 0x0000000083c00000| Complete 
|   2|0x0000000083c00000, 0x0000000083d00000, 0x0000000083d00000|100%|HS|  |TAMS 0x0000000083d00000, 0x0000000083d00000| Complete 
|   3|0x0000000083d00000, 0x0000000083e00000, 0x0000000083e00000|100%|HC|  |TAMS 0x0000000083e00000, 0x0000000083e00000| Complete 
|   4|0x0000000083e00000, 0x0000000083f00000, 0x0000000083f00000|100%|HC|  |TAMS 0x0000000083f00000, 0x0000000083f00000| Complete 
|   5|0x0000000083f00000, 0x0000000084000000, 0x0000000084000000|100%|HC|  |TAMS 0x0000000084000000, 0x0000000084000000| Complete 
|   6|0x0000000084000000, 0x0000000084100000, 0x0000000084100000|100%|HS|  |TAMS 0x0000000084100000, 0x0000000084100000| Complete 
|   7|0x0000000084100000, 0x0000000084200000, 0x0000000084200000|100%|HC|  |TAMS 0x0000000084200000, 0x0000000084200000| Complete 
|   8|0x0000000084200000, 0x0000000084300000, 0x0000000084300000|100%|HS|  |TAMS 0x0000000084300000, 0x0000000084300000| Complete 
|   9|0x0000000084300000, 0x0000000084400000, 0x0000000084400000|100%|HS|  |TAMS 0x0000000084400000, 0x0000000084400000| Complete 
|  10|0x0000000084400000, 0x0000000084500000, 0x0000000084500000|100%|HC|  |TAMS 0x0000000084500000, 0x0000000084500000| Complete 
|  11|0x0000000084500000, 0x0000000084600000, 0x0000000084600000|100%|HC|  |TAMS 0x0000000084600000, 0x0000000084600000| Complete 
|  12|0x0000000084600000, 0x0000000084700000, 0x0000000084700000|100%|HC|  |TAMS 0x0000000084700000, 0x0000000084700000| Complete 
|  13|0x0000000084700000, 0x0000000084800000, 0x0000000084800000|100%|HC|  |TAMS 0x0000000084800000, 0x0000000084800000| Complete 
|  14|0x0000000084800000, 0x0000000084900000, 0x0000000084900000|100%|HC|  |TAMS 0x0000000084900000, 0x0000000084900000| Complete 
|  15|0x0000000084900000, 0x0000000084a00000, 0x0000000084a00000|100%|HC|  |TAMS 0x0000000084a00000, 0x0000000084a00000| Complete 
|  16|0x0000000084a00000, 0x0000000084b00000, 0x0000000084b00000|100%|HC|  |TAMS 0x0000000084b00000, 0x0000000084b00000| Complete 
|  17|0x0000000084b00000, 0x0000000084c00000, 0x0000000084c00000|100%|HC|  |TAMS 0x0000000084c00000, 0x0000000084c00000| Complete 
|  18|0x0000000084c00000, 0x0000000084d00000, 0x0000000084d00000|100%|HC|  |TAMS 0x0000000084d00000, 0x0000000084d00000| Complete 
|  19|0x0000000084d00000, 0x0000000084e00000, 0x0000000084e00000|100%|HC|  |TAMS 0x0000000084e00000, 0x0000000084e00000| Complete 
|  20|0x0000000084e00000, 0x0000000084f00000, 0x0000000084f00000|100%|HC|  |TAMS 0x0000000084f00000, 0x0000000084f00000| Complete 
|  21|0x0000000084f00000, 0x0000000085000000, 0x0000000085000000|100%|HC|  |TAMS 0x0000000085000000, 0x0000000085000000| Complete 
|  22|0x0000000085000000, 0x0000000085100000, 0x0000000085100000|100%|HC|  |TAMS 0x0000000085100000, 0x0000000085100000| Complete 
|  23|0x0000000085100000, 0x0000000085200000, 0x0000000085200000|100%|HC|  |TAMS 0x0000000085200000, 0x0000000085200000| Complete 
|  24|0x0000000085200000, 0x0000000085300000, 0x0000000085300000|100%|HC|  |TAMS 0x0000000085300000, 0x0000000085300000| Complete 
|  25|0x0000000085300000, 0x0000000085400000, 0x0000000085400000|100%|HC|  |TAMS 0x0000000085400000, 0x0000000085400000| Complete 
|  26|0x0000000085400000, 0x0000000085500000, 0x0000000085500000|100%| O|  |TAMS 0x0000000085500000, 0x0000000085500000| Untracked 
|  27|0x0000000085500000, 0x0000000085600000, 0x0000000085600000|100%| O|  |TAMS 0x0000000085600000, 0x0000000085600000| Untracked 
|  28|0x0000000085600000, 0x0000000085700000, 0x0000000085700000|100%|HS|  |TAMS 0x0000000085700000, 0x0000000085700000| Complete 
|  29|0x0000000085700000, 0x0000000085800000, 0x0000000085800000|100%|HS|  |TAMS 0x0000000085800000, 0x0000000085800000| Complete 
|  30|0x0000000085800000, 0x0000000085900000, 0x0000000085900000|100%|HC|  |TAMS 0x0000000085900000, 0x0000000085900000| Complete 
|  31|0x0000000085900000, 0x0000000085a00000, 0x0000000085a00000|100%| O|  |TAMS 0x0000000085a00000, 0x0000000085a00000| Untracked 
|  32|0x0000000085a00000, 0x0000000085b00000, 0x0000000085b00000|100%| O|  |TAMS 0x0000000085a00000, 0x0000000085b00000| Untracked 
|  33|0x0000000085b00000, 0x0000000085c00000, 0x0000000085c00000|100%| O|  |TAMS 0x0000000085c00000, 0x0000000085c00000| Untracked 
|  34|0x0000000085c00000, 0x0000000085d00000, 0x0000000085d00000|100%|HS|  |TAMS 0x0000000085d00000, 0x0000000085d00000| Complete 
|  35|0x0000000085d00000, 0x0000000085e00000, 0x0000000085e00000|100%|HC|  |TAMS 0x0000000085e00000, 0x0000000085e00000| Complete 
|  36|0x0000000085e00000, 0x0000000085f00000, 0x0000000085f00000|100%|HC|  |TAMS 0x0000000085f00000, 0x0000000085f00000| Complete 
|  37|0x0000000085f00000, 0x0000000086000000, 0x0000000086000000|100%|HS|  |TAMS 0x0000000086000000, 0x0000000086000000| Complete 
|  38|0x0000000086000000, 0x0000000086100000, 0x0000000086100000|100%|HS|  |TAMS 0x0000000086100000, 0x0000000086100000| Complete 
|  39|0x0000000086100000, 0x0000000086200000, 0x0000000086200000|100%|HC|  |TAMS 0x0000000086200000, 0x0000000086200000| Complete 
|  40|0x0000000086200000, 0x0000000086300000, 0x0000000086300000|100%|HC|  |TAMS 0x0000000086300000, 0x0000000086300000| Complete 
|  41|0x0000000086300000, 0x0000000086400000, 0x0000000086400000|100%|HC|  |TAMS 0x0000000086400000, 0x0000000086400000| Complete 
|  42|0x0000000086400000, 0x0000000086500000, 0x0000000086500000|100%|HC|  |TAMS 0x0000000086500000, 0x0000000086500000| Complete 
|  43|0x0000000086500000, 0x0000000086600000, 0x0000000086600000|100%|HS|  |TAMS 0x0000000086600000, 0x0000000086600000| Complete 
|  44|0x0000000086600000, 0x0000000086700000, 0x0000000086700000|100%|HC|  |TAMS 0x0000000086700000, 0x0000000086700000| Complete 
|  45|0x0000000086700000, 0x0000000086800000, 0x0000000086800000|100%|HC|  |TAMS 0x0000000086800000, 0x0000000086800000| Complete 
|  46|0x0000000086800000, 0x0000000086900000, 0x0000000086900000|100%|HC|  |TAMS 0x0000000086900000, 0x0000000086900000| Complete 
|  47|0x0000000086900000, 0x0000000086a00000, 0x0000000086a00000|100%|HC|  |TAMS 0x0000000086a00000, 0x0000000086a00000| Complete 
|  48|0x0000000086a00000, 0x0000000086b00000, 0x0000000086b00000|100%|HS|  |TAMS 0x0000000086b00000, 0x0000000086b00000| Complete 
|  49|0x0000000086b00000, 0x0000000086c00000, 0x0000000086c00000|100%|HC|  |TAMS 0x0000000086c00000, 0x0000000086c00000| Complete 
|  50|0x0000000086c00000, 0x0000000086d00000, 0x0000000086d00000|100%|HC|  |TAMS 0x0000000086d00000, 0x0000000086d00000| Complete 
|  51|0x0000000086d00000, 0x0000000086e00000, 0x0000000086e00000|100%|HC|  |TAMS 0x0000000086e00000, 0x0000000086e00000| Complete 
|  52|0x0000000086e00000, 0x0000000086f00000, 0x0000000086f00000|100%|HC|  |TAMS 0x0000000086f00000, 0x0000000086f00000| Complete 
|  53|0x0000000086f00000, 0x0000000087000000, 0x0000000087000000|100%|HS|  |TAMS 0x0000000087000000, 0x0000000087000000| Complete 
|  54|0x0000000087000000, 0x0000000087100000, 0x0000000087100000|100%|HC|  |TAMS 0x0000000087100000, 0x0000000087100000| Complete 
|  55|0x0000000087100000, 0x0000000087200000, 0x0000000087200000|100%|HC|  |TAMS 0x0000000087200000, 0x0000000087200000| Complete 
|  56|0x0000000087200000, 0x0000000087300000, 0x0000000087300000|100%|HC|  |TAMS 0x0000000087300000, 0x0000000087300000| Complete 
|  57|0x0000000087300000, 0x0000000087400000, 0x0000000087400000|100%|HC|  |TAMS 0x0000000087400000, 0x0000000087400000| Complete 
|  58|0x0000000087400000, 0x0000000087500000, 0x0000000087500000|100%| O|  |TAMS 0x0000000087500000, 0x0000000087500000| Untracked 
|  59|0x0000000087500000, 0x0000000087600000, 0x0000000087600000|100%| O|  |TAMS 0x0000000087600000, 0x0000000087600000| Untracked 
|  60|0x0000000087600000, 0x0000000087700000, 0x0000000087700000|100%| O|  |TAMS 0x0000000087700000, 0x0000000087700000| Untracked 
|  61|0x0000000087700000, 0x0000000087800000, 0x0000000087800000|100%| O|  |TAMS 0x0000000087783000, 0x0000000087800000| Untracked 
|  62|0x0000000087800000, 0x0000000087900000, 0x0000000087900000|100%| O|  |TAMS 0x0000000087800000, 0x0000000087900000| Untracked 
|  63|0x0000000087900000, 0x0000000087a00000, 0x0000000087a00000|100%|HS|  |TAMS 0x0000000087900000, 0x0000000087a00000| Complete 
|  64|0x0000000087a00000, 0x0000000087b00000, 0x0000000087b00000|100%|HC|  |TAMS 0x0000000087a00000, 0x0000000087b00000| Complete 
|  65|0x0000000087b00000, 0x0000000087c00000, 0x0000000087c00000|100%|HC|  |TAMS 0x0000000087b00000, 0x0000000087c00000| Complete 
|  66|0x0000000087c00000, 0x0000000087c00000, 0x0000000087d00000|  0%| F|  |TAMS 0x0000000087c00000, 0x0000000087c00000| Untracked 
|  67|0x0000000087d00000, 0x0000000087d00000, 0x0000000087e00000|  0%| F|  |TAMS 0x0000000087d00000, 0x0000000087d00000| Untracked 
|  68|0x0000000087e00000, 0x0000000087e00000, 0x0000000087f00000|  0%| F|  |TAMS 0x0000000087e00000, 0x0000000087e00000| Untracked 
|  69|0x0000000087f00000, 0x0000000088000000, 0x0000000088000000|100%|HS|  |TAMS 0x0000000087f00000, 0x0000000088000000| Complete 
|  70|0x0000000088000000, 0x0000000088100000, 0x0000000088100000|100%|HC|  |TAMS 0x0000000088000000, 0x0000000088100000| Complete 
|  71|0x0000000088100000, 0x0000000088200000, 0x0000000088200000|100%|HC|  |TAMS 0x0000000088100000, 0x0000000088200000| Complete 
|  72|0x0000000088200000, 0x0000000088300000, 0x0000000088300000|100%| O|  |TAMS 0x0000000088200000, 0x0000000088300000| Untracked 
|  73|0x0000000088300000, 0x0000000088300000, 0x0000000088400000|  0%| F|  |TAMS 0x0000000088300000, 0x0000000088300000| Untracked 
|  74|0x0000000088400000, 0x0000000088400000, 0x0000000088500000|  0%| F|  |TAMS 0x0000000088400000, 0x0000000088400000| Untracked 
|  75|0x0000000088500000, 0x0000000088500000, 0x0000000088600000|  0%| F|  |TAMS 0x0000000088500000, 0x0000000088500000| Untracked 
|  76|0x0000000088600000, 0x0000000088700000, 0x0000000088700000|100%| O|  |TAMS 0x0000000088600000, 0x0000000088700000| Untracked 
|  77|0x0000000088700000, 0x0000000088797400, 0x0000000088800000| 59%| O|  |TAMS 0x0000000088700000, 0x0000000088797400| Untracked 
|  78|0x0000000088800000, 0x0000000088800000, 0x0000000088900000|  0%| F|  |TAMS 0x0000000088800000, 0x0000000088800000| Untracked 
|  79|0x0000000088900000, 0x0000000088900000, 0x0000000088a00000|  0%| F|  |TAMS 0x0000000088900000, 0x0000000088900000| Untracked 
|  80|0x0000000088a00000, 0x0000000088a00000, 0x0000000088b00000|  0%| F|  |TAMS 0x0000000088a00000, 0x0000000088a00000| Untracked 
|  81|0x0000000088b00000, 0x0000000088b00000, 0x0000000088c00000|  0%| F|  |TAMS 0x0000000088b00000, 0x0000000088b00000| Untracked 
|  82|0x0000000088c00000, 0x0000000088c00000, 0x0000000088d00000|  0%| F|  |TAMS 0x0000000088c00000, 0x0000000088c00000| Untracked 
|  83|0x0000000088d00000, 0x0000000088d00000, 0x0000000088e00000|  0%| F|  |TAMS 0x0000000088d00000, 0x0000000088d00000| Untracked 
|  84|0x0000000088e00000, 0x0000000088e00000, 0x0000000088f00000|  0%| F|  |TAMS 0x0000000088e00000, 0x0000000088e00000| Untracked 
|  85|0x0000000088f00000, 0x0000000088f00000, 0x0000000089000000|  0%| F|  |TAMS 0x0000000088f00000, 0x0000000088f00000| Untracked 
|  86|0x0000000089000000, 0x0000000089000000, 0x0000000089100000|  0%| F|  |TAMS 0x0000000089000000, 0x0000000089000000| Untracked 
|  87|0x0000000089100000, 0x0000000089100000, 0x0000000089200000|  0%| F|  |TAMS 0x0000000089100000, 0x0000000089100000| Untracked 
|  88|0x0000000089200000, 0x0000000089200000, 0x0000000089300000|  0%| F|  |TAMS 0x0000000089200000, 0x0000000089200000| Untracked 
|  89|0x0000000089300000, 0x0000000089300000, 0x0000000089400000|  0%| F|  |TAMS 0x0000000089300000, 0x0000000089300000| Untracked 
|  90|0x0000000089400000, 0x0000000089400000, 0x0000000089500000|  0%| F|  |TAMS 0x0000000089400000, 0x0000000089400000| Untracked 
|  91|0x0000000089500000, 0x0000000089500000, 0x0000000089600000|  0%| F|  |TAMS 0x0000000089500000, 0x0000000089500000| Untracked 
|  92|0x0000000089600000, 0x0000000089600000, 0x0000000089700000|  0%| F|  |TAMS 0x0000000089600000, 0x0000000089600000| Untracked 
|  93|0x0000000089700000, 0x0000000089700000, 0x0000000089800000|  0%| F|  |TAMS 0x0000000089700000, 0x0000000089700000| Untracked 
|  94|0x0000000089800000, 0x0000000089800000, 0x0000000089900000|  0%| F|  |TAMS 0x0000000089800000, 0x0000000089800000| Untracked 
|  95|0x0000000089900000, 0x0000000089900000, 0x0000000089a00000|  0%| F|  |TAMS 0x0000000089900000, 0x0000000089900000| Untracked 
|  96|0x0000000089a00000, 0x0000000089a00000, 0x0000000089b00000|  0%| F|  |TAMS 0x0000000089a00000, 0x0000000089a00000| Untracked 
|  97|0x0000000089b00000, 0x0000000089b00000, 0x0000000089c00000|  0%| F|  |TAMS 0x0000000089b00000, 0x0000000089b00000| Untracked 
|  98|0x0000000089c00000, 0x0000000089c00000, 0x0000000089d00000|  0%| F|  |TAMS 0x0000000089c00000, 0x0000000089c00000| Untracked 
|  99|0x0000000089d00000, 0x0000000089d00000, 0x0000000089e00000|  0%| F|  |TAMS 0x0000000089d00000, 0x0000000089d00000| Untracked 
| 100|0x0000000089e00000, 0x0000000089e00000, 0x0000000089f00000|  0%| F|  |TAMS 0x0000000089e00000, 0x0000000089e00000| Untracked 
| 101|0x0000000089f00000, 0x0000000089f00000, 0x000000008a000000|  0%| F|  |TAMS 0x0000000089f00000, 0x0000000089f00000| Untracked 
| 102|0x000000008a000000, 0x000000008a000000, 0x000000008a100000|  0%| F|  |TAMS 0x000000008a000000, 0x000000008a000000| Untracked 
| 103|0x000000008a100000, 0x000000008a100000, 0x000000008a200000|  0%| F|  |TAMS 0x000000008a100000, 0x000000008a100000| Untracked 
| 104|0x000000008a200000, 0x000000008a200000, 0x000000008a300000|  0%| F|  |TAMS 0x000000008a200000, 0x000000008a200000| Untracked 
| 105|0x000000008a300000, 0x000000008a300000, 0x000000008a400000|  0%| F|  |TAMS 0x000000008a300000, 0x000000008a300000| Untracked 
| 106|0x000000008a400000, 0x000000008a400000, 0x000000008a500000|  0%| F|  |TAMS 0x000000008a400000, 0x000000008a400000| Untracked 
| 107|0x000000008a500000, 0x000000008a500000, 0x000000008a600000|  0%| F|  |TAMS 0x000000008a500000, 0x000000008a500000| Untracked 
| 108|0x000000008a600000, 0x000000008a600000, 0x000000008a700000|  0%| F|  |TAMS 0x000000008a600000, 0x000000008a600000| Untracked 
| 109|0x000000008a700000, 0x000000008a700000, 0x000000008a800000|  0%| F|  |TAMS 0x000000008a700000, 0x000000008a700000| Untracked 
| 110|0x000000008a800000, 0x000000008a800000, 0x000000008a900000|  0%| F|  |TAMS 0x000000008a800000, 0x000000008a800000| Untracked 
| 111|0x000000008a900000, 0x000000008a900000, 0x000000008aa00000|  0%| F|  |TAMS 0x000000008a900000, 0x000000008a900000| Untracked 
| 112|0x000000008aa00000, 0x000000008aa00000, 0x000000008ab00000|  0%| F|  |TAMS 0x000000008aa00000, 0x000000008aa00000| Untracked 
| 113|0x000000008ab00000, 0x000000008ab00000, 0x000000008ac00000|  0%| F|  |TAMS 0x000000008ab00000, 0x000000008ab00000| Untracked 
| 114|0x000000008ac00000, 0x000000008ac00000, 0x000000008ad00000|  0%| F|  |TAMS 0x000000008ac00000, 0x000000008ac00000| Untracked 
| 115|0x000000008ad00000, 0x000000008ad00000, 0x000000008ae00000|  0%| F|  |TAMS 0x000000008ad00000, 0x000000008ad00000| Untracked 
| 116|0x000000008ae00000, 0x000000008ae00000, 0x000000008af00000|  0%| F|  |TAMS 0x000000008ae00000, 0x000000008ae00000| Untracked 
| 117|0x000000008af00000, 0x000000008af00000, 0x000000008b000000|  0%| F|  |TAMS 0x000000008af00000, 0x000000008af00000| Untracked 
| 118|0x000000008b000000, 0x000000008b000000, 0x000000008b100000|  0%| F|  |TAMS 0x000000008b000000, 0x000000008b000000| Untracked 
| 119|0x000000008b100000, 0x000000008b100000, 0x000000008b200000|  0%| F|  |TAMS 0x000000008b100000, 0x000000008b100000| Untracked 
| 120|0x000000008b200000, 0x000000008b200000, 0x000000008b300000|  0%| F|  |TAMS 0x000000008b200000, 0x000000008b200000| Untracked 
| 121|0x000000008b300000, 0x000000008b300000, 0x000000008b400000|  0%| F|  |TAMS 0x000000008b300000, 0x000000008b300000| Untracked 
| 122|0x000000008b400000, 0x000000008b400000, 0x000000008b500000|  0%| F|  |TAMS 0x000000008b400000, 0x000000008b400000| Untracked 
| 123|0x000000008b500000, 0x000000008b500000, 0x000000008b600000|  0%| F|  |TAMS 0x000000008b500000, 0x000000008b500000| Untracked 
| 124|0x000000008b600000, 0x000000008b600000, 0x000000008b700000|  0%| F|  |TAMS 0x000000008b600000, 0x000000008b600000| Untracked 
| 125|0x000000008b700000, 0x000000008b700000, 0x000000008b800000|  0%| F|  |TAMS 0x000000008b700000, 0x000000008b700000| Untracked 
| 126|0x000000008b800000, 0x000000008b800000, 0x000000008b900000|  0%| F|  |TAMS 0x000000008b800000, 0x000000008b800000| Untracked 
| 127|0x000000008b900000, 0x000000008b900000, 0x000000008ba00000|  0%| F|  |TAMS 0x000000008b900000, 0x000000008b900000| Untracked 
| 128|0x000000008ba00000, 0x000000008ba00000, 0x000000008bb00000|  0%| F|  |TAMS 0x000000008ba00000, 0x000000008ba00000| Untracked 
| 129|0x000000008bb00000, 0x000000008bb00000, 0x000000008bc00000|  0%| F|  |TAMS 0x000000008bb00000, 0x000000008bb00000| Untracked 
| 130|0x000000008bc00000, 0x000000008bc00000, 0x000000008bd00000|  0%| F|  |TAMS 0x000000008bc00000, 0x000000008bc00000| Untracked 
| 131|0x000000008bd00000, 0x000000008bd00000, 0x000000008be00000|  0%| F|  |TAMS 0x000000008bd00000, 0x000000008bd00000| Untracked 
| 132|0x000000008be00000, 0x000000008be00000, 0x000000008bf00000|  0%| F|  |TAMS 0x000000008be00000, 0x000000008be00000| Untracked 
| 133|0x000000008bf00000, 0x000000008bf00000, 0x000000008c000000|  0%| F|  |TAMS 0x000000008bf00000, 0x000000008bf00000| Untracked 
| 134|0x000000008c000000, 0x000000008c000000, 0x000000008c100000|  0%| F|  |TAMS 0x000000008c000000, 0x000000008c000000| Untracked 
| 135|0x000000008c100000, 0x000000008c100000, 0x000000008c200000|  0%| F|  |TAMS 0x000000008c100000, 0x000000008c100000| Untracked 
| 136|0x000000008c200000, 0x000000008c200000, 0x000000008c300000|  0%| F|  |TAMS 0x000000008c200000, 0x000000008c200000| Untracked 
| 137|0x000000008c300000, 0x000000008c300000, 0x000000008c400000|  0%| F|  |TAMS 0x000000008c300000, 0x000000008c300000| Untracked 
| 138|0x000000008c400000, 0x000000008c400000, 0x000000008c500000|  0%| F|  |TAMS 0x000000008c400000, 0x000000008c400000| Untracked 
| 139|0x000000008c500000, 0x000000008c500000, 0x000000008c600000|  0%| F|  |TAMS 0x000000008c500000, 0x000000008c500000| Untracked 
| 140|0x000000008c600000, 0x000000008c600000, 0x000000008c700000|  0%| F|  |TAMS 0x000000008c600000, 0x000000008c600000| Untracked 
| 141|0x000000008c700000, 0x000000008c700000, 0x000000008c800000|  0%| F|  |TAMS 0x000000008c700000, 0x000000008c700000| Untracked 
| 142|0x000000008c800000, 0x000000008c800000, 0x000000008c900000|  0%| F|  |TAMS 0x000000008c800000, 0x000000008c800000| Untracked 
| 143|0x000000008c900000, 0x000000008c900000, 0x000000008ca00000|  0%| F|  |TAMS 0x000000008c900000, 0x000000008c900000| Untracked 
| 144|0x000000008ca00000, 0x000000008ca00000, 0x000000008cb00000|  0%| F|  |TAMS 0x000000008ca00000, 0x000000008ca00000| Untracked 
| 145|0x000000008cb00000, 0x000000008cb00000, 0x000000008cc00000|  0%| F|  |TAMS 0x000000008cb00000, 0x000000008cb00000| Untracked 
| 146|0x000000008cc00000, 0x000000008cc00000, 0x000000008cd00000|  0%| F|  |TAMS 0x000000008cc00000, 0x000000008cc00000| Untracked 
| 147|0x000000008cd00000, 0x000000008cd00000, 0x000000008ce00000|  0%| F|  |TAMS 0x000000008cd00000, 0x000000008cd00000| Untracked 
| 148|0x000000008ce00000, 0x000000008ce00000, 0x000000008cf00000|  0%| F|  |TAMS 0x000000008ce00000, 0x000000008ce00000| Untracked 
| 149|0x000000008cf00000, 0x000000008cf00000, 0x000000008d000000|  0%| F|  |TAMS 0x000000008cf00000, 0x000000008cf00000| Untracked 
| 150|0x000000008d000000, 0x000000008d000000, 0x000000008d100000|  0%| F|  |TAMS 0x000000008d000000, 0x000000008d000000| Untracked 
| 151|0x000000008d100000, 0x000000008d100000, 0x000000008d200000|  0%| F|  |TAMS 0x000000008d100000, 0x000000008d100000| Untracked 
| 152|0x000000008d200000, 0x000000008d200000, 0x000000008d300000|  0%| F|  |TAMS 0x000000008d200000, 0x000000008d200000| Untracked 
| 153|0x000000008d300000, 0x000000008d3fe080, 0x000000008d400000| 99%| S|CS|TAMS 0x000000008d300000, 0x000000008d300000| Complete 
| 154|0x000000008d400000, 0x000000008d500000, 0x000000008d500000|100%| S|CS|TAMS 0x000000008d400000, 0x000000008d400000| Complete 
| 155|0x000000008d500000, 0x000000008d600000, 0x000000008d600000|100%| S|CS|TAMS 0x000000008d500000, 0x000000008d500000| Complete 
| 156|0x000000008d600000, 0x000000008d700000, 0x000000008d700000|100%| S|CS|TAMS 0x000000008d600000, 0x000000008d600000| Complete 
| 157|0x000000008d700000, 0x000000008d700000, 0x000000008d800000|  0%| F|  |TAMS 0x000000008d700000, 0x000000008d700000| Untracked 
| 158|0x000000008d800000, 0x000000008d800000, 0x000000008d900000|  0%| F|  |TAMS 0x000000008d800000, 0x000000008d800000| Untracked 
| 159|0x000000008d900000, 0x000000008d900000, 0x000000008da00000|  0%| F|  |TAMS 0x000000008d900000, 0x000000008d900000| Untracked 
| 160|0x000000008da00000, 0x000000008da00000, 0x000000008db00000|  0%| F|  |TAMS 0x000000008da00000, 0x000000008da00000| Untracked 
| 161|0x000000008db00000, 0x000000008db00000, 0x000000008dc00000|  0%| F|  |TAMS 0x000000008db00000, 0x000000008db00000| Untracked 
| 162|0x000000008dc00000, 0x000000008dc00000, 0x000000008dd00000|  0%| F|  |TAMS 0x000000008dc00000, 0x000000008dc00000| Untracked 

Card table byte_map: [0x0000027823b30000,0x0000027823f20000] _byte_map_base: 0x0000027823713000

Marking Bits (Prev, Next): (CMBitMap*) 0x000002780ad015b0, (CMBitMap*) 0x000002780ad01570
 Prev Bits: [0x0000027826230000, 0x0000027828148000)
 Next Bits: [0x0000027824310000, 0x0000027826228000)

Polling page: 0x000002780ad90000

Metaspace:

Usage:
  Non-class:     10.47 MB used.
      Class:      1.26 MB used.
       Both:     11.73 MB used.

Virtual space:
  Non-class space:       16.00 MB reserved,      10.62 MB ( 66%) committed,  2 nodes.
      Class space:        1.00 GB reserved,       1.38 MB ( <1%) committed,  1 nodes.
             Both:        1.02 GB reserved,      12.00 MB (  1%) committed. 

Chunk freelists:
   Non-Class:  1001.00 KB
       Class:  2.62 MB
        Both:  3.59 MB

MaxMetaspaceSize: unlimited
CompressedClassSpaceSize: 1.00 GB
Initial GC threshold: 21.00 MB
Current GC threshold: 21.00 MB
CDS: on
MetaspaceReclaimPolicy: balanced
 - commit_granule_bytes: 65536.
 - commit_granule_words: 8192.
 - virtual_space_node_default_size: 1048576.
 - enlarge_chunks_in_place: 1.
 - new_chunks_are_fully_committed: 0.
 - uncommit_free_chunks: 1.
 - use_allocation_guard: 0.
 - handle_deallocations: 1.


Internal statistics:

num_allocs_failed_limit: 0.
num_arena_births: 148.
num_arena_deaths: 0.
num_vsnodes_births: 3.
num_vsnodes_deaths: 0.
num_space_committed: 192.
num_space_uncommitted: 0.
num_chunks_returned_to_freelist: 0.
num_chunks_taken_from_freelist: 243.
num_chunk_merges: 0.
num_chunk_splits: 123.
num_chunks_enlarged: 28.
num_purges: 0.
num_inconsistent_stats: 0.

CodeHeap 'non-profiled nmethods': size=120000Kb used=2016Kb max_used=2016Kb free=117983Kb
 bounds [0x000002781b7a0000, 0x000002781ba10000, 0x0000027822cd0000]
CodeHeap 'profiled nmethods': size=120000Kb used=5170Kb max_used=5170Kb free=114829Kb
 bounds [0x0000027814270000, 0x0000027814780000, 0x000002781b7a0000]
CodeHeap 'non-nmethods': size=5760Kb used=1315Kb max_used=1373Kb free=4444Kb
 bounds [0x0000027813cd0000, 0x0000027813f40000, 0x0000027814270000]
 total_blobs=3389 nmethods=2759 adapters=542
 compilation: enabled
              stopped_count=0, restarted_count=0
 full_count=0

Compilation events (20 events):
Event: 80.622 Thread 0x000002782ac0d1e0 nmethod 2752 0x0000027814775290 code [0x0000027814775440, 0x00000278147757d8]
Event: 80.948 Thread 0x000002782abec820 2753   !   4       sun.java2d.SunGraphics2D::drawImage (202 bytes)
Event: 80.955 Thread 0x000002782ac0d1e0 2755       3       sun.java2d.SurfaceData::getSourceSurfaceData (110 bytes)
Event: 80.956 Thread 0x000002782ac0d1e0 nmethod 2755 0x0000027814775910 code [0x0000027814775b60, 0x0000027814776608]
Event: 81.186 Thread 0x000002782abec820 nmethod 2753 0x000002781b983410 code [0x000002781b983c20, 0x000002781b990a78]
Event: 81.187 Thread 0x000002782abec820 2754       4       GameBoard$GameBoardCellRenderer::chooseImage (232 bytes)
Event: 81.188 Thread 0x000002782abec820 nmethod 2754 0x000002781b997890 code [0x000002781b997a20, 0x000002781b997c78]
Event: 81.188 Thread 0x000002782abec820 2757       4       sun.java2d.SurfaceData::markDirty (8 bytes)
Event: 81.188 Thread 0x000002782abec820 nmethod 2757 0x000002781b997e90 code [0x000002781b998000, 0x000002781b9980d8]
Event: 81.188 Thread 0x000002782abec820 2756       4       sun.java2d.pipe.DrawImage::scaleImage (68 bytes)
Event: 81.205 Thread 0x000002782ac0d1e0 2761   !   3       javax.swing.RepaintManager::paintDirtyRegions (196 bytes)
Event: 81.206 Thread 0x000002782ac0d1e0 nmethod 2761 0x0000027814776990 code [0x0000027814776da0, 0x00000278147787f8]
Event: 81.207 Thread 0x000002782ac0d1e0 2759   !   3       javax.swing.RepaintManager::prePaintDirtyRegions (91 bytes)
Event: 81.209 Thread 0x000002782ac0d1e0 nmethod 2759 0x0000027814779590 code [0x00000278147797c0, 0x000002781477a068]
Event: 81.209 Thread 0x000002782ac0d1e0 2758   !   3       javax.swing.RepaintManager::validateInvalidComponents (107 bytes)
Event: 81.210 Thread 0x000002782ac0d1e0 nmethod 2758 0x000002781477a290 code [0x000002781477a5c0, 0x000002781477b7f8]
Event: 81.210 Thread 0x000002782ac0d1e0 2762       3       java.util.IdentityHashMap::nextKeyIndex (15 bytes)
Event: 81.210 Thread 0x000002782ac0d1e0 nmethod 2762 0x000002781477bf90 code [0x000002781477c120, 0x000002781477c258]
Event: 81.210 Thread 0x000002782ac0d1e0 2760   !   3       javax.swing.RepaintManager::paintDirtyRegions (50 bytes)
Event: 81.210 Thread 0x000002782ac0d1e0 nmethod 2760 0x000002781477c310 code [0x000002781477c4e0, 0x000002781477c898]

GC Heap History (20 events):
Event: 51.118 GC heap after
{Heap after GC invocations=14 (full 0):
 garbage-first heap   total 166912K, used 65749K [0x0000000083a00000, 0x0000000100000000)
  region size 1024K, 4 young (4096K), 4 survivors (4096K)
 Metaspace       used 11867K, committed 12096K, reserved 1064960K
  class space    used 1286K, committed 1408K, reserved 1048576K
}
Event: 59.569 GC heap before
{Heap before GC invocations=14 (full 0):
 garbage-first heap   total 166912K, used 142549K [0x0000000083a00000, 0x0000000100000000)
  region size 1024K, 79 young (80896K), 4 survivors (4096K)
 Metaspace       used 11936K, committed 12160K, reserved 1064960K
  class space    used 1286K, committed 1408K, reserved 1048576K
}
Event: 59.572 GC heap after
{Heap after GC invocations=15 (full 0):
 garbage-first heap   total 166912K, used 67245K [0x0000000083a00000, 0x0000000100000000)
  region size 1024K, 6 young (6144K), 6 survivors (6144K)
 Metaspace       used 11936K, committed 12160K, reserved 1064960K
  class space    used 1286K, committed 1408K, reserved 1048576K
}
Event: 67.772 GC heap before
{Heap before GC invocations=15 (full 0):
 garbage-first heap   total 166912K, used 141997K [0x0000000083a00000, 0x0000000100000000)
  region size 1024K, 79 young (80896K), 6 survivors (6144K)
 Metaspace       used 11987K, committed 12224K, reserved 1064960K
  class space    used 1286K, committed 1408K, reserved 1048576K
}
Event: 67.775 GC heap after
{Heap after GC invocations=16 (full 0):
 garbage-first heap   total 166912K, used 68675K [0x0000000083a00000, 0x0000000100000000)
  region size 1024K, 7 young (7168K), 7 survivors (7168K)
 Metaspace       used 11987K, committed 12224K, reserved 1064960K
  class space    used 1286K, committed 1408K, reserved 1048576K
}
Event: 74.886 GC heap before
{Heap before GC invocations=16 (full 0):
 garbage-first heap   total 166912K, used 141379K [0x0000000083a00000, 0x0000000100000000)
  region size 1024K, 78 young (79872K), 7 survivors (7168K)
 Metaspace       used 11995K, committed 12224K, reserved 1064960K
  class space    used 1286K, committed 1408K, reserved 1048576K
}
Event: 74.889 GC heap after
{Heap after GC invocations=17 (full 0):
 garbage-first heap   total 166912K, used 70222K [0x0000000083a00000, 0x0000000100000000)
  region size 1024K, 7 young (7168K), 7 survivors (7168K)
 Metaspace       used 11995K, committed 12224K, reserved 1064960K
  class space    used 1286K, committed 1408K, reserved 1048576K
}
Event: 80.606 GC heap before
{Heap before GC invocations=17 (full 0):
 garbage-first heap   total 166912K, used 126542K [0x0000000083a00000, 0x0000000100000000)
  region size 1024K, 54 young (55296K), 7 survivors (7168K)
 Metaspace       used 12006K, committed 12224K, reserved 1064960K
  class space    used 1286K, committed 1408K, reserved 1048576K
}
Event: 80.609 GC heap after
{Heap after GC invocations=18 (full 0):
 garbage-first heap   total 166912K, used 80394K [0x0000000083a00000, 0x0000000100000000)
  region size 1024K, 7 young (7168K), 7 survivors (7168K)
 Metaspace       used 12006K, committed 12224K, reserved 1064960K
  class space    used 1286K, committed 1408K, reserved 1048576K
}
Event: 80.609 GC heap before
{Heap before GC invocations=18 (full 0):
 garbage-first heap   total 166912K, used 83466K [0x0000000083a00000, 0x0000000100000000)
  region size 1024K, 8 young (8192K), 7 survivors (7168K)
 Metaspace       used 12006K, committed 12224K, reserved 1064960K
  class space    used 1286K, committed 1408K, reserved 1048576K
}
Event: 80.612 GC heap after
{Heap after GC invocations=19 (full 0):
 garbage-first heap   total 166912K, used 74333K [0x0000000083a00000, 0x0000000100000000)
  region size 1024K, 4 young (4096K), 4 survivors (4096K)
 Metaspace       used 12006K, committed 12224K, reserved 1064960K
  class space    used 1286K, committed 1408K, reserved 1048576K
}
Event: 80.938 GC heap before
{Heap before GC invocations=19 (full 0):
 garbage-first heap   total 166912K, used 78429K [0x0000000083a00000, 0x0000000100000000)
  region size 1024K, 6 young (6144K), 4 survivors (4096K)
 Metaspace       used 12006K, committed 12224K, reserved 1064960K
  class space    used 1286K, committed 1408K, reserved 1048576K
}
Event: 80.940 GC heap after
{Heap after GC invocations=20 (full 0):
 garbage-first heap   total 166912K, used 77222K [0x0000000083a00000, 0x0000000100000000)
  region size 1024K, 4 young (4096K), 4 survivors (4096K)
 Metaspace       used 12006K, committed 12224K, reserved 1064960K
  class space    used 1286K, committed 1408K, reserved 1048576K
}
Event: 80.940 GC heap before
{Heap before GC invocations=20 (full 0):
 garbage-first heap   total 166912K, used 80294K [0x0000000083a00000, 0x0000000100000000)
  region size 1024K, 5 young (5120K), 4 survivors (4096K)
 Metaspace       used 12006K, committed 12224K, reserved 1064960K
  class space    used 1286K, committed 1408K, reserved 1048576K
}
Event: 80.942 GC heap after
{Heap after GC invocations=21 (full 0):
 garbage-first heap   total 166912K, used 74427K [0x0000000083a00000, 0x0000000100000000)
  region size 1024K, 5 young (5120K), 5 survivors (5120K)
 Metaspace       used 12006K, committed 12224K, reserved 1064960K
  class space    used 1286K, committed 1408K, reserved 1048576K
}
Event: 81.006 GC heap before
{Heap before GC invocations=21 (full 0):
 garbage-first heap   total 166912K, used 78523K [0x0000000083a00000, 0x0000000100000000)
  region size 1024K, 7 young (7168K), 5 survivors (5120K)
 Metaspace       used 12006K, committed 12224K, reserved 1064960K
  class space    used 1286K, committed 1408K, reserved 1048576K
}
Event: 81.007 GC heap after
{Heap after GC invocations=22 (full 0):
 garbage-first heap   total 166912K, used 77305K [0x0000000083a00000, 0x0000000100000000)
  region size 1024K, 4 young (4096K), 4 survivors (4096K)
 Metaspace       used 12006K, committed 12224K, reserved 1064960K
  class space    used 1286K, committed 1408K, reserved 1048576K
}
Event: 81.008 GC heap before
{Heap before GC invocations=22 (full 0):
 garbage-first heap   total 166912K, used 80377K [0x0000000083a00000, 0x0000000100000000)
  region size 1024K, 5 young (5120K), 4 survivors (4096K)
 Metaspace       used 12006K, committed 12224K, reserved 1064960K
  class space    used 1286K, committed 1408K, reserved 1048576K
}
Event: 81.010 GC heap after
{Heap after GC invocations=23 (full 0):
 garbage-first heap   total 166912K, used 74325K [0x0000000083a00000, 0x0000000100000000)
  region size 1024K, 4 young (4096K), 4 survivors (4096K)
 Metaspace       used 12006K, committed 12224K, reserved 1064960K
  class space    used 1286K, committed 1408K, reserved 1048576K
}
Event: 81.242 GC heap before
{Heap before GC invocations=23 (full 0):
 garbage-first heap   total 166912K, used 78421K [0x0000000083a00000, 0x0000000100000000)
  region size 1024K, 6 young (6144K), 4 survivors (4096K)
 Metaspace       used 12009K, committed 12288K, reserved 1064960K
  class space    used 1286K, committed 1408K, reserved 1048576K
}

Deoptimization events (20 events):
Event: 80.236 Thread 0x000002782bb4d640 DEOPT PACKING pc=0x000002781b8a0b78 sp=0x000000a515ffd530
Event: 80.236 Thread 0x000002782bb4d640 DEOPT UNPACKING pc=0x0000027813d25c23 sp=0x000000a515ffce38 mode 2
Event: 80.606 Thread 0x000002782bb4d640 Uncommon trap: trap_request=0xffffff45 fr.pc=0x000002781b8f4d80 relative=0x00000000000002c0
Event: 80.606 Thread 0x000002782bb4d640 Uncommon trap: reason=unstable_if action=reinterpret pc=0x000002781b8f4d80 method=GameBoard$GameBoardCellRenderer.chooseImage(S)Ljava/awt/Image; @ 1 c2
Event: 80.606 Thread 0x000002782bb4d640 DEOPT PACKING pc=0x000002781b8f4d80 sp=0x000000a515ffd700
Event: 80.606 Thread 0x000002782bb4d640 DEOPT UNPACKING pc=0x0000027813d25c23 sp=0x000000a515ffd628 mode 2
Event: 80.606 Thread 0x000002782bb4d640 Uncommon trap: trap_request=0xffffffde fr.pc=0x000002781b8a0b78 relative=0x00000000000046b8
Event: 80.606 Thread 0x000002782bb4d640 Uncommon trap: reason=class_check action=maybe_recompile pc=0x000002781b8a0b78 method=sun.java2d.SurfaceData.getTransparency()I @ 4 c2
Event: 80.606 Thread 0x000002782bb4d640 DEOPT PACKING pc=0x000002781b8a0b78 sp=0x000000a515ffd530
Event: 80.606 Thread 0x000002782bb4d640 DEOPT UNPACKING pc=0x0000027813d25c23 sp=0x000000a515ffce38 mode 2
Event: 80.938 Thread 0x000002782bb4d640 Uncommon trap: trap_request=0xffffff45 fr.pc=0x000002781b887ddc relative=0x00000000000001dc
Event: 80.938 Thread 0x000002782bb4d640 Uncommon trap: reason=unstable_if action=reinterpret pc=0x000002781b887ddc method=GameBoard$GameBoardCellRenderer.chooseImage(S)Ljava/awt/Image; @ 1 c2
Event: 80.938 Thread 0x000002782bb4d640 DEOPT PACKING pc=0x000002781b887ddc sp=0x000000a515ffd6e0
Event: 80.938 Thread 0x000002782bb4d640 DEOPT UNPACKING pc=0x0000027813d25c23 sp=0x000000a515ffd670 mode 2
Event: 80.938 Thread 0x000002782bb4d640 Uncommon trap: trap_request=0xffffffde fr.pc=0x000002781b8a0b78 relative=0x00000000000046b8
Event: 80.938 Thread 0x000002782bb4d640 Uncommon trap: reason=class_check action=maybe_recompile pc=0x000002781b8a0b78 method=sun.java2d.SurfaceData.getTransparency()I @ 4 c2
Event: 80.938 Thread 0x000002782bb4d640 DEOPT PACKING pc=0x000002781b8a0b78 sp=0x000000a515ffd530
Event: 80.938 Thread 0x000002782bb4d640 DEOPT UNPACKING pc=0x0000027813d25c23 sp=0x000000a515ffce38 mode 2
Event: 80.993 Thread 0x000002782bb4d640 DEOPT PACKING pc=0x0000027814772681 sp=0x000000a515ffcba0
Event: 80.993 Thread 0x000002782bb4d640 DEOPT UNPACKING pc=0x0000027813d26763 sp=0x000000a515ffc080 mode 0

Classes unloaded (0 events):
No events

Classes redefined (0 events):
No events

Internal exceptions (16 events):
Event: 0.105 Thread 0x000002782b978070 Exception <a 'java/lang/NoSuchMethodError'{0x000000008b6f06f0}: 'java.lang.Object java.lang.invoke.DirectMethodHandle$Holder.invokeStaticInit(java.lang.Object)'> (0x000000008b6f06f0) 
thrown [t:\workspace\open\src\hotspot\share\interpreter\linkResolver.cpp, line 766]
Event: 0.114 Thread 0x000002780acc19c0 Exception <a 'java/lang/ClassNotFoundException'{0x000000008b6b96c0}: sun/awt/resources/spi/awtProvider> (0x000000008b6b96c0) 
thrown [t:\workspace\open\src\hotspot\share\classfile\systemDictionary.cpp, line 256]
Event: 0.115 Thread 0x000002782b978070 Exception <a 'java/lang/NoSuchMethodError'{0x000000008b6fde38}: 'void java.lang.invoke.DirectMethodHandle$Holder.invokeStatic(java.lang.Object, java.lang.Object)'> (0x000000008b6fde38) 
thrown [t:\workspace\open\src\hotspot\share\interpreter\linkResolver.cpp, line 766]
Event: 0.134 Thread 0x000002780acc19c0 Exception <a 'java/io/FileNotFoundException'{0x000000008b599940}> (0x000000008b599940) 
thrown [t:\workspace\open\src\hotspot\share\prims\jni.cpp, line 516]
Event: 0.139 Thread 0x000002780acc19c0 Exception <a 'java/io/FileNotFoundException'{0x000000008b5c6ac0}> (0x000000008b5c6ac0) 
thrown [t:\workspace\open\src\hotspot\share\prims\jni.cpp, line 516]
Event: 0.275 Thread 0x000002782bb4d640 Exception <a 'java/lang/NoSuchMethodError'{0x000000008b33e668}: 'void java.lang.invoke.DirectMethodHandle$Holder.invokeSpecial(java.lang.Object, java.lang.Object, java.lang.Object)'> (0x000000008b33e668) 
thrown [t:\workspace\open\src\hotspot\share\interpreter\linkResolver.cpp, line 766]
Event: 0.285 Thread 0x000002782bb4d640 Exception <a 'java/lang/NoSuchMethodError'{0x000000008b368840}: 'java.lang.Object java.lang.invoke.DirectMethodHandle$Holder.newInvokeSpecial(java.lang.Object, java.lang.Object, java.lang.Object, java.lang.Object, java.lang.Object)'> (0x000000008b368840) 
thrown [t:\workspace\open\src\hotspot\share\interpreter\linkResolver.cpp, line 766]
Event: 0.286 Thread 0x000002782bb4d640 Exception <a 'java/lang/NoSuchMethodError'{0x000000008b374208}: 'java.lang.Object java.lang.invoke.DirectMethodHandle$Holder.invokeStatic(java.lang.Object, int, java.lang.Object, java.lang.Object, java.lang.Object, java.lang.Object)'> (0x000000008b374208) 
thrown [t:\workspace\open\src\hotspot\share\interpreter\linkResolver.cpp, line 766]
Event: 0.290 Thread 0x000002782bb4d640 Exception <a 'java/lang/NoSuchMethodError'{0x000000008b20fd88}: 'java.lang.Object java.lang.invoke.DirectMethodHandle$Holder.invokeStatic(java.lang.Object, int, java.lang.Object)'> (0x000000008b20fd88) 
thrown [t:\workspace\open\src\hotspot\share\interpreter\linkResolver.cpp, line 766]
Event: 0.308 Thread 0x000002782bb4d640 Exception <a 'java/lang/ClassNotFoundException'{0x000000008b2c79a0}: com/sun/swing/internal/plaf/metal/resources/spi/metalProvider> (0x000000008b2c79a0) 
thrown [t:\workspace\open\src\hotspot\share\classfile\systemDictionary.cpp, line 256]
Event: 0.309 Thread 0x000002782bb4d640 Exception <a 'java/lang/ClassNotFoundException'{0x000000008b2cb7a8}: com/sun/swing/internal/plaf/basic/resources/spi/basicProvider> (0x000000008b2cb7a8) 
thrown [t:\workspace\open\src\hotspot\share\classfile\systemDictionary.cpp, line 256]
Event: 0.331 Thread 0x000002782bbbf7b0 Exception <a 'java/lang/NoSuchMethodError'{0x000000008b2fbc08}: 'java.lang.Object java.lang.invoke.DirectMethodHandle$Holder.newInvokeSpecial(java.lang.Object, java.lang.Object, java.lang.Object, int, int, int, int, int)'> (0x000000008b2fbc08) 
thrown [t:\workspace\open\src\hotspot\share\interpreter\linkResolver.cpp, line 766]
Event: 0.365 Thread 0x000002782bb48fc0 Exception <a 'java/lang/NoSuchMethodError'{0x000000008b485a28}: 'void java.lang.invoke.DirectMethodHandle$Holder.invokeVirtual(java.lang.Object, java.lang.Object)'> (0x000000008b485a28) 
thrown [t:\workspace\open\src\hotspot\share\interpreter\linkResolver.cpp, line 766]
Event: 0.393 Thread 0x000002782bb4d640 Exception <a 'java/lang/NoSuchMethodError'{0x000000008af09960}: 'void java.lang.invoke.DirectMethodHandle$Holder.invokeStaticInit(java.lang.Object)'> (0x000000008af09960) 
thrown [t:\workspace\open\src\hotspot\share\interpreter\linkResolver.cpp, line 766]
Event: 0.623 Thread 0x000002782bb4d640 Exception <a 'java/lang/NoSuchMethodError'{0x000000008afc01b8}: static LScore;.<clinit>()V> (0x000000008afc01b8) 
thrown [t:\workspace\open\src\hotspot\share\prims\jni.cpp, line 1107]
Event: 2.206 Thread 0x000002782bb4d640 Exception <a 'java/lang/NoSuchMethodError'{0x000000008abe2a70}: 'int java.lang.invoke.DirectMethodHandle$Holder.invokeStatic(java.lang.Object)'> (0x000000008abe2a70) 
thrown [t:\workspace\open\src\hotspot\share\interpreter\linkResolver.cpp, line 766]

VM Operations (20 events):
Event: 75.892 Executing VM operation: Cleanup done
Event: 78.920 Executing VM operation: Cleanup
Event: 78.920 Executing VM operation: Cleanup done
Event: 79.523 Executing VM operation: HandshakeAllThreads
Event: 79.523 Executing VM operation: HandshakeAllThreads done
Event: 80.535 Executing VM operation: Cleanup
Event: 80.535 Executing VM operation: Cleanup done
Event: 80.606 Executing VM operation: G1TryInitiateConcMark
Event: 80.609 Executing VM operation: G1TryInitiateConcMark done
Event: 80.609 Executing VM operation: G1TryInitiateConcMark
Event: 80.612 Executing VM operation: G1TryInitiateConcMark done
Event: 80.938 Executing VM operation: G1TryInitiateConcMark
Event: 80.940 Executing VM operation: G1TryInitiateConcMark done
Event: 80.940 Executing VM operation: G1TryInitiateConcMark
Event: 80.942 Executing VM operation: G1TryInitiateConcMark done
Event: 81.005 Executing VM operation: G1TryInitiateConcMark
Event: 81.007 Executing VM operation: G1TryInitiateConcMark done
Event: 81.008 Executing VM operation: G1TryInitiateConcMark
Event: 81.010 Executing VM operation: G1TryInitiateConcMark done
Event: 81.242 Executing VM operation: G1TryInitiateConcMark

Events (20 events):
Event: 12.763 Thread 0x000002782c58e300 Thread exited: 0x000002782c58e300
Event: 13.432 Thread 0x000002782ca6fc80 Thread added: 0x000002782ca6fc80
Event: 13.620 Thread 0x000002782ca6fc80 Thread exited: 0x000002782ca6fc80
Event: 13.630 Thread 0x000002782ca6fc80 Thread added: 0x000002782ca6fc80
Event: 13.983 Thread 0x000002782ca6fc80 Thread exited: 0x000002782ca6fc80
Event: 13.987 Thread 0x000002782ca6fc80 Thread added: 0x000002782ca6fc80
Event: 14.179 loading class java/lang/Math$RandomNumberGeneratorHolder
Event: 14.181 loading class java/lang/Math$RandomNumberGeneratorHolder done
Event: 14.183 Thread 0x000002782ca6fc80 Thread exited: 0x000002782ca6fc80
Event: 14.194 Thread 0x000002782ccdc020 Thread exited: 0x000002782ccdc020
Event: 14.250 Thread 0x000002782ca6fc80 Thread added: 0x000002782ca6fc80
Event: 14.431 Thread 0x000002782ca6fc80 Thread exited: 0x000002782ca6fc80
Event: 14.434 Thread 0x000002782ca6fc80 Thread added: 0x000002782ca6fc80
Event: 14.486 loading class javax/swing/RowSorter
Event: 14.489 loading class javax/swing/RowSorter done
Event: 14.895 Thread 0x000002782ca6fc80 Thread exited: 0x000002782ca6fc80
Event: 79.523 loading class sun/java2d/loops/MaskBlit$General
Event: 79.523 loading class sun/java2d/loops/GraphicsPrimitive$GeneralBinaryOp
Event: 79.523 loading class sun/java2d/loops/GraphicsPrimitive$GeneralBinaryOp done
Event: 79.523 loading class sun/java2d/loops/MaskBlit$General done


Dynamic libraries:
0x00007ff63c760000 - 0x00007ff63c770000 	C:\Program Files\Java\jdk-17.0.1\bin\java.exe
0x00007ffc0aeb0000 - 0x00007ffc0b0c6000 	C:\WINDOWS\SYSTEM32\ntdll.dll
0x00007ffc09600000 - 0x00007ffc096c4000 	C:\WINDOWS\System32\KERNEL32.DLL
0x00007ffc081d0000 - 0x00007ffc08577000 	C:\WINDOWS\System32\KERNELBASE.dll
0x00007ffc08ac0000 - 0x00007ffc08bd1000 	C:\WINDOWS\System32\ucrtbase.dll
0x00007ffbfcba0000 - 0x00007ffbfcbba000 	C:\Program Files\Java\jdk-17.0.1\bin\VCRUNTIME140.dll
0x00007ffbfcb80000 - 0x00007ffbfcb98000 	C:\Program Files\Java\jdk-17.0.1\bin\jli.dll
0x00007ffc0a850000 - 0x00007ffc0a902000 	C:\WINDOWS\System32\ADVAPI32.dll
0x00007ffc09330000 - 0x00007ffc093d7000 	C:\WINDOWS\System32\msvcrt.dll
0x00007ffc09040000 - 0x00007ffc090e8000 	C:\WINDOWS\System32\sechost.dll
0x00007ffc089f0000 - 0x00007ffc08a18000 	C:\WINDOWS\System32\bcrypt.dll
0x00007ffc08c50000 - 0x00007ffc08d65000 	C:\WINDOWS\System32\RPCRT4.dll
0x00007ffc09180000 - 0x00007ffc0932e000 	C:\WINDOWS\System32\USER32.dll
0x00007ffc08890000 - 0x00007ffc088b6000 	C:\WINDOWS\System32\win32u.dll
0x00007ffc090f0000 - 0x00007ffc09119000 	C:\WINDOWS\System32\GDI32.dll
0x00007ffc08580000 - 0x00007ffc08699000 	C:\WINDOWS\System32\gdi32full.dll
0x00007ffbe5830000 - 0x00007ffbe5ac3000 	C:\WINDOWS\WinSxS\amd64_microsoft.windows.common-controls_6595b64144ccf1df_6.0.22621.3235_none_270f74e173860f98\COMCTL32.dll
0x00007ffc08a20000 - 0x00007ffc08aba000 	C:\WINDOWS\System32\msvcp_win.dll
0x00007ffbfe0b0000 - 0x00007ffbfe0ba000 	C:\WINDOWS\SYSTEM32\VERSION.dll
0x00007ffc0ae30000 - 0x00007ffc0ae61000 	C:\WINDOWS\System32\IMM32.DLL
0x00007ffbff0f0000 - 0x00007ffbff0fc000 	C:\Program Files\Java\jdk-17.0.1\bin\vcruntime140_1.dll
0x00007ffbe4a00000 - 0x00007ffbe4a8d000 	C:\Program Files\Java\jdk-17.0.1\bin\msvcp140.dll
0x00007ffb90030000 - 0x00007ffb90bee000 	C:\Program Files\Java\jdk-17.0.1\bin\server\jvm.dll
0x00007ffc09030000 - 0x00007ffc09038000 	C:\WINDOWS\System32\PSAPI.DLL
0x00007ffbfe0c0000 - 0x00007ffbfe0f4000 	C:\WINDOWS\SYSTEM32\WINMM.dll
0x00007ffbfc670000 - 0x00007ffbfc679000 	C:\WINDOWS\SYSTEM32\WSOCK32.dll
0x00007ffc096d0000 - 0x00007ffc09741000 	C:\WINDOWS\System32\WS2_32.dll
0x00007ffc07210000 - 0x00007ffc07228000 	C:\WINDOWS\SYSTEM32\kernel.appcore.dll
0x00007ffc00ee0000 - 0x00007ffc00eea000 	C:\Program Files\Java\jdk-17.0.1\bin\jimage.dll
0x00007ffc05af0000 - 0x00007ffc05d23000 	C:\WINDOWS\SYSTEM32\DBGHELP.DLL
0x00007ffc099e0000 - 0x00007ffc09d68000 	C:\WINDOWS\System32\combase.dll
0x00007ffc0a5f0000 - 0x00007ffc0a6c7000 	C:\WINDOWS\System32\OLEAUT32.dll
0x00007ffbfccd0000 - 0x00007ffbfcd02000 	C:\WINDOWS\SYSTEM32\dbgcore.DLL
0x00007ffc086a0000 - 0x00007ffc08719000 	C:\WINDOWS\System32\bcryptPrimitives.dll
0x00007ffbfefb0000 - 0x00007ffbfefbe000 	C:\Program Files\Java\jdk-17.0.1\bin\instrument.dll
0x00007ffbfc2c0000 - 0x00007ffbfc2e5000 	C:\Program Files\Java\jdk-17.0.1\bin\java.dll
0x00007ffbcf3a0000 - 0x00007ffbcf476000 	C:\Program Files\Java\jdk-17.0.1\bin\svml.dll
0x00007ffc09d70000 - 0x00007ffc0a5cc000 	C:\WINDOWS\System32\SHELL32.dll
0x00007ffc06130000 - 0x00007ffc06a29000 	C:\WINDOWS\SYSTEM32\windows.storage.dll
0x00007ffc05ff0000 - 0x00007ffc0612e000 	C:\WINDOWS\SYSTEM32\wintypes.dll
0x00007ffc09750000 - 0x00007ffc09843000 	C:\WINDOWS\System32\SHCORE.dll
0x00007ffc09120000 - 0x00007ffc0917e000 	C:\WINDOWS\System32\shlwapi.dll
0x00007ffc08100000 - 0x00007ffc08121000 	C:\WINDOWS\SYSTEM32\profapi.dll
0x00007ffbfc0a0000 - 0x00007ffbfc0b8000 	C:\Program Files\Java\jdk-17.0.1\bin\zip.dll
0x00007ffbfc2a0000 - 0x00007ffbfc2b9000 	C:\Program Files\Java\jdk-17.0.1\bin\net.dll
0x00007ffbff850000 - 0x00007ffbff986000 	C:\WINDOWS\SYSTEM32\WINHTTP.dll
0x00007ffc07680000 - 0x00007ffc076e9000 	C:\WINDOWS\system32\mswsock.dll
0x00007ffbfc1b0000 - 0x00007ffbfc1c5000 	C:\Program Files\Java\jdk-17.0.1\bin\nio.dll
0x00007ffbfc080000 - 0x00007ffbfc09a000 	C:\Program Files\JetBrains\IntelliJ IDEA Community Edition 2021.2.3\bin\breakgen64.dll
0x00007ffbc5c30000 - 0x00007ffbc5dbf000 	C:\Program Files\Java\jdk-17.0.1\bin\awt.dll
0x00007ffc029c0000 - 0x00007ffc02a57000 	C:\WINDOWS\SYSTEM32\apphelp.dll
0x00007ffc05110000 - 0x00007ffc051bb000 	C:\WINDOWS\system32\uxtheme.dll
0x00007ffc0a6f0000 - 0x00007ffc0a843000 	C:\WINDOWS\System32\MSCTF.dll
0x00007ffc09450000 - 0x00007ffc095f5000 	C:\WINDOWS\System32\ole32.dll
0x00007ffc05380000 - 0x00007ffc053ab000 	C:\WINDOWS\system32\DWMAPI.DLL
0x00007ffbbf060000 - 0x00007ffbbf160000 	C:\WINDOWS\system32\opengl32.dll
0x00007ffbfc230000 - 0x00007ffbfc25d000 	C:\WINDOWS\SYSTEM32\GLU32.dll
0x00007ffc05220000 - 0x00007ffc05259000 	C:\WINDOWS\SYSTEM32\dxcore.dll
0x00007ffbd8a80000 - 0x00007ffbd8b09000 	C:\Program Files\Java\jdk-17.0.1\bin\freetype.dll
0x00007ffbc2cb0000 - 0x00007ffbc2d58000 	C:\Program Files\Java\jdk-17.0.1\bin\fontmanager.dll
0x00007ffbf5d90000 - 0x00007ffbf5eda000 	C:\WINDOWS\SYSTEM32\textinputframework.dll
0x00007ffc026c0000 - 0x00007ffc027f4000 	C:\WINDOWS\SYSTEM32\CoreMessaging.dll
0x00007ffbf48f0000 - 0x00007ffbf4c5c000 	C:\WINDOWS\SYSTEM32\CoreUIComponents.dll
0x00007ffc07900000 - 0x00007ffc0790c000 	C:\WINDOWS\SYSTEM32\CRYPTBASE.DLL
0x00007ffc09930000 - 0x00007ffc099e0000 	C:\WINDOWS\System32\clbcatq.dll
0x00007ffc013d0000 - 0x00007ffc01580000 	C:\WINDOWS\SYSTEM32\WindowsCodecs.dll
0x00007ffbde6b0000 - 0x00007ffbde70e000 	C:\WINDOWS\system32\dataexchange.dll
0x00007ffbf2680000 - 0x00007ffbf290e000 	C:\WINDOWS\system32\twinapi.appcore.dll

dbghelp: loaded successfully - version: 4.0.5 - missing functions: none
symbol engine: initialized successfully - sym options: 0x614 - pdb path: .;C:\Program Files\Java\jdk-17.0.1\bin;C:\WINDOWS\SYSTEM32;C:\WINDOWS\WinSxS\amd64_microsoft.windows.common-controls_6595b64144ccf1df_6.0.22621.3235_none_270f74e173860f98;C:\Program Files\Java\jdk-17.0.1\bin\server;C:\Program Files\JetBrains\IntelliJ IDEA Community Edition 2021.2.3\bin

VM Arguments:
jvm_args: -javaagent:C:\Program Files\JetBrains\IntelliJ IDEA Community Edition 2021.2.3\lib\idea_rt.jar=54758:C:\Program Files\JetBrains\IntelliJ IDEA Community Edition 2021.2.3\bin -Dfile.encoding=windows-1251 
java_command: Pacman
java_class_path (initial): G:\IntellijProjects\GUI_DZ_2223L_PRO2_GR14c_s28610_INTELLIJ\Pacman\out\production\Pacman
Launcher Type: SUN_STANDARD

[Global flags]
     intx CICompilerCount                          = 4                                         {product} {ergonomic}
     uint ConcGCThreads                            = 2                                         {product} {ergonomic}
     uint G1ConcRefinementThreads                  = 8                                         {product} {ergonomic}
   size_t G1HeapRegionSize                         = 1048576                                   {product} {ergonomic}
    uintx GCDrainStackTargetSize                   = 64                                        {product} {ergonomic}
   size_t InitialHeapSize                          = 132120576                                 {product} {ergonomic}
   size_t MarkStackSize                            = 4194304                                   {product} {ergonomic}
   size_t MaxHeapSize                              = 2086666240                                {product} {ergonomic}
   size_t MaxNewSize                               = 1251999744                                {product} {ergonomic}
   size_t MinHeapDeltaBytes                        = 1048576                                   {product} {ergonomic}
   size_t MinHeapSize                              = 8388608                                   {product} {ergonomic}
    uintx NonNMethodCodeHeapSize                   = 5839372                                {pd product} {ergonomic}
    uintx NonProfiledCodeHeapSize                  = 122909434                              {pd product} {ergonomic}
    uintx ProfiledCodeHeapSize                     = 122909434                              {pd product} {ergonomic}
    uintx ReservedCodeCacheSize                    = 251658240                              {pd product} {ergonomic}
     bool SegmentedCodeCache                       = true                                      {product} {ergonomic}
   size_t SoftMaxHeapSize                          = 2086666240                             {manageable} {ergonomic}
     bool UseCompressedClassPointers               = true                           {product lp64_product} {ergonomic}
     bool UseCompressedOops                        = true                           {product lp64_product} {ergonomic}
     bool UseG1GC                                  = true                                      {product} {ergonomic}
     bool UseLargePagesIndividualAllocation        = false                                  {pd product} {ergonomic}

Logging:
Log output configuration:
 #0: stdout all=warning uptime,level,tags
 #1: stderr all=off uptime,level,tags

Environment Variables:
JAVA_HOME=C:\Program Files\Java\jdk-17.0.1
PATH=C:\Program Files\Common Files\Oracle\Java\javapath;C:\Windows\system32;C:\Windows;C:\Windows\System32\Wbem;C:\Windows\System32\WindowsPowerShell\v1.0\;C:\Windows\System32\OpenSSH\;C:\Program Files\Java\jdk-17.0.1\bin;C:\WINDOWS\system32;C:\WINDOWS;C:\WINDOWS\System32\Wbem;C:\WINDOWS\System32\WindowsPowerShell\v1.0\;C:\WINDOWS\System32\OpenSSH\;C:\Program Files\Git\cmd;C:\Program Files\PuTTY\;C:\Program Files\nodejs\;C:\Program Files\dotnet\;C:\Users\HP\AppData\Local\Programs\Python\Launcher\;C:\Users\HP\AppData\Local\Microsoft\WindowsApps;;C:\Users\HP\AppData\Local\Programs\Microsoft VS Code\bin;C:\Program Files\JetBrains\CLion 2022.3.2\bin;;C:\Program Files\JetBrains\DataGrip 2023.1.2\bin;;C:\Users\HP\AppData\Roaming\npm;C:\Program Files\JetBrains\PyCharm 2023.3.4\bin;;C:\Program Files\JetBrains\JetBrains Rider 2023.3.4\bin;
USERNAME=HP
OS=Windows_NT
PROCESSOR_IDENTIFIER=Intel64 Family 6 Model 140 Stepping 1, GenuineIntel



---------------  S Y S T E M  ---------------

OS:
 Windows 10 , 64 bit Build 22621 (10.0.22621.3374)
OS uptime: 20 days 11:40 hours

CPU: total 8 (initial active 8) (4 cores per cpu, 2 threads per core) family 6 model 140 stepping 1 microcode 0xac, cx8, cmov, fxsr, ht, mmx, 3dnowpref, sse, sse2, sse3, ssse3, sse4.1, sse4.2, popcnt, lzcnt, tsc, tscinvbit, avx, avx2, aes, erms, clmul, bmi1, bmi2, adx, avx512f, avx512dq, avx512cd, avx512bw, avx512vl, sha, fma, vzeroupper, avx512_vpopcntdq, avx512_vpclmulqdq, avx512_vaes, avx512_vnni, clflush, clflushopt, clwb, avx512_vbmi2, avx512_vbmi

Memory: 4k page, system-wide physical 7957M (359M free)
TotalPageFile size 21300M (AvailPageFile size 85M)
current process WorkingSet (physical memory assigned to process): 265M, peak: 270M
current process commit charge ("private bytes"): 308M, peak: 636M

vm_info: Java HotSpot(TM) 64-Bit Server VM (17.0.1+12-LTS-39) for windows-amd64 JRE (17.0.1+12-LTS-39), built on Sep 27 2021 18:41:35 by "mach5one" with MS VC++ 16.8 (VS2019)

END.
