#
# There is insufficient memory for the Java Runtime Environment to continue.
# Native memory allocation (mmap) failed to map 65536 bytes for Failed to commit metaspace.
# Possible reasons:
#   The system is out of physical RAM or swap space
#   The process is running with CompressedOops enabled, and the Java Heap may be blocking the growth of the native heap
# Possible solutions:
#   Reduce memory load on the system
#   Increase physical memory or swap space
#   Check if swap backing store is full
#   Decrease Java heap size (-Xmx/-Xms)
#   Decrease number of Java threads
#   Decrease Java thread stack sizes (-Xss)
#   Set larger code cache with -XX:ReservedCodeCacheSize=
#   JVM is running with Unscaled Compressed Oops mode in which the Java heap is
#     placed in the first 4GB address space. The Java Heap base address is the
#     maximum limit for the native heap growth. Please use -XX:HeapBaseMinAddress
#     to set the Java Heap base and to place the Java Heap above 4GB virtual address.
# This output file may be truncated or incomplete.
#
#  Out of Memory Error (virtualSpaceNode.cpp:110), pid=9524, tid=23048
#
# JRE version: Java(TM) SE Runtime Environment (17.0.1+12) (build 17.0.1+12-LTS-39)
# Java VM: Java HotSpot(TM) 64-Bit Server VM (17.0.1+12-LTS-39, mixed mode, tiered, compressed oops, compressed class ptrs, g1 gc, windows-amd64)
# No core dump will be written. Minidumps are not enabled by default on client versions of Windows
#

---------------  S U M M A R Y ------------

Command Line: -javaagent:C:\Program Files\JetBrains\IntelliJ IDEA Community Edition 2021.2.3\lib\idea_rt.jar=64329:C:\Program Files\JetBrains\IntelliJ IDEA Community Edition 2021.2.3\bin -Dfile.encoding=UTF-8 Menu

Host: 11th Gen Intel(R) Core(TM) i5-1135G7 @ 2.40GHz, 8 cores, 7G,  Windows 10 , 64 bit Build 22621 (10.0.22621.1635)
Time: Sat May 13 00:11:49 2023  Windows 10 , 64 bit Build 22621 (10.0.22621.1635) elapsed time: 0.183489 seconds (0d 0h 0m 0s)

---------------  T H R E A D  ---------------

Current thread (0x0000016a99b0d720):  JavaThread "Monitor Ctrl-Break" daemon [_thread_in_vm, id=23048, stack(0x000000252b200000,0x000000252b300000)]

Stack: [0x000000252b200000,0x000000252b300000]
Native frames: (J=compiled Java code, j=interpreted, Vv=VM code, C=native code)
V  [jvm.dll+0x66fa1a]
V  [jvm.dll+0x7ce5a4]
V  [jvm.dll+0x7cfd4e]
V  [jvm.dll+0x7d03b3]
V  [jvm.dll+0x242b05]
V  [jvm.dll+0x7ca54b]
V  [jvm.dll+0x615b76]
V  [jvm.dll+0x615bda]
V  [jvm.dll+0x6183ea]
V  [jvm.dll+0x616516]
V  [jvm.dll+0x2384e0]
V  [jvm.dll+0x1e87ad]
V  [jvm.dll+0x1de1f1]
V  [jvm.dll+0x537690]
V  [jvm.dll+0x1ee9d7]
V  [jvm.dll+0x748afb]
V  [jvm.dll+0x749ea2]
V  [jvm.dll+0x74a1d8]
V  [jvm.dll+0x23ae5e]
V  [jvm.dll+0x23b0af]
V  [jvm.dll+0x5554e8]
V  [jvm.dll+0x558350]
V  [jvm.dll+0x37f027]
V  [jvm.dll+0x37e67f]
C  0x0000016a8774a582

Java frames: (J=compiled Java code, j=interpreted, Vv=VM code)
j  java.lang.invoke.MethodHandles$Lookup.getFieldVarHandleCommon(BBLjava/lang/Class;Ljava/lang/invoke/MemberName;Ljava/lang/invoke/MemberName;Z)Ljava/lang/invoke/VarHandle;+270 java.base@17.0.1
j  java.lang.invoke.MethodHandles$Lookup.getFieldVarHandle(BBLjava/lang/Class;Ljava/lang/invoke/MemberName;Ljava/lang/invoke/MemberName;)Ljava/lang/invoke/VarHandle;+12 java.base@17.0.1
j  java.lang.invoke.MethodHandles$Lookup.findVarHandle(Ljava/lang/Class;Ljava/lang/String;Ljava/lang/Class;)Ljava/lang/invoke/VarHandle;+28 java.base@17.0.1
j  java.net.Socket.<clinit>()V+13 java.base@17.0.1
v  ~StubRoutines::call_stub
j  com.intellij.rt.execution.application.AppMainV2$1.run()V+0
v  ~StubRoutines::call_stub

---------------  P R O C E S S  ---------------

Threads class SMR info:
_java_thread_list=0x0000016a99a4f950, length=13, elements={
0x0000016af8f08420, 0x0000016a99826260, 0x0000016a98f5da00, 0x0000016a9984f290,
0x0000016a99848360, 0x0000016a98f87ee0, 0x0000016a98f887a0, 0x0000016a98f89530,
0x0000016a98f89fd0, 0x0000016a99843b40, 0x0000016a98f00e00, 0x0000016a99b0d720,
0x0000016a99d24950
}

Java Threads: ( => current thread )
  0x0000016af8f08420 JavaThread "main" [_thread_in_vm, id=5992, stack(0x000000252a100000,0x000000252a200000)]
  0x0000016a99826260 JavaThread "Reference Handler" daemon [_thread_blocked, id=1916, stack(0x000000252a800000,0x000000252a900000)]
  0x0000016a98f5da00 JavaThread "Finalizer" daemon [_thread_blocked, id=14940, stack(0x000000252a900000,0x000000252aa00000)]
  0x0000016a9984f290 JavaThread "Signal Dispatcher" daemon [_thread_blocked, id=24116, stack(0x000000252aa00000,0x000000252ab00000)]
  0x0000016a99848360 JavaThread "Attach Listener" daemon [_thread_blocked, id=21444, stack(0x000000252ab00000,0x000000252ac00000)]
  0x0000016a98f87ee0 JavaThread "Service Thread" daemon [_thread_blocked, id=24992, stack(0x000000252ac00000,0x000000252ad00000)]
  0x0000016a98f887a0 JavaThread "Monitor Deflation Thread" daemon [_thread_blocked, id=16992, stack(0x000000252ad00000,0x000000252ae00000)]
  0x0000016a98f89530 JavaThread "C2 CompilerThread0" daemon [_thread_blocked, id=620, stack(0x000000252ae00000,0x000000252af00000)]
  0x0000016a98f89fd0 JavaThread "C1 CompilerThread0" daemon [_thread_blocked, id=15096, stack(0x000000252af00000,0x000000252b000000)]
  0x0000016a99843b40 JavaThread "Sweeper thread" daemon [_thread_blocked, id=6084, stack(0x000000252b000000,0x000000252b100000)]
  0x0000016a98f00e00 JavaThread "Common-Cleaner" daemon [_thread_blocked, id=27544, stack(0x000000252b100000,0x000000252b200000)]
=>0x0000016a99b0d720 JavaThread "Monitor Ctrl-Break" daemon [_thread_in_vm, id=23048, stack(0x000000252b200000,0x000000252b300000)]
  0x0000016a99d24950 JavaThread "Notification Thread" daemon [_thread_blocked, id=24156, stack(0x000000252b300000,0x000000252b400000)]

Other Threads:
  0x0000016a98f1b260 VMThread "VM Thread" [stack: 0x000000252a700000,0x000000252a800000] [id=16380]
  0x0000016af8f45ec0 GCTaskThread "GC Thread#0" [stack: 0x000000252a200000,0x000000252a300000] [id=14936]
  0x0000016af8f57830 ConcurrentGCThread "G1 Main Marker" [stack: 0x000000252a300000,0x000000252a400000] [id=23256]
  0x0000016af8f599f0 ConcurrentGCThread "G1 Conc#0" [stack: 0x000000252a400000,0x000000252a500000] [id=8528]
  0x0000016af8fde470 ConcurrentGCThread "G1 Refine#0" [stack: 0x000000252a500000,0x000000252a600000] [id=13648]
  0x0000016a98dc9100 ConcurrentGCThread "G1 Service" [stack: 0x000000252a600000,0x000000252a700000] [id=13280]

Threads with active compile tasks:

VM state: not at safepoint (normal execution)

VM Mutex/Monitor currently owned by a thread:  ([mutex/lock_event])
[0x0000016af8ef97b0] Metaspace_lock - owner thread: 0x0000016a99b0d720

Heap address: 0x0000000083a00000, size: 1990 MB, Compressed Oops mode: 32-bit

CDS archive(s) not mapped
Compressed class space mapped at: 0x0000000100000000-0x0000000140000000, reserved size: 1073741824
Narrow klass base: 0x0000000000000000, Narrow klass shift: 3, Narrow klass range: 0x140000000

GC Precious Log:
 CPUs: 8 total, 8 available
 Memory: 7957M
 Large Page Support: Disabled
 NUMA Support: Disabled
 Compressed Oops: Enabled (32-bit)
 Heap Region Size: 1M
 Heap Min Capacity: 8M
 Heap Initial Capacity: 126M
 Heap Max Capacity: 1990M
 Pre-touch: Disabled
 Parallel Workers: 8
 Concurrent Workers: 2
 Concurrent Refinement Workers: 8
 Periodic GC: Disabled

Heap:
 garbage-first heap   total 129024K, used 1024K [0x0000000083a00000, 0x0000000100000000)
  region size 1024K, 2 young (2048K), 0 survivors (0K)
 Metaspace       used 6086K, committed 6208K, reserved 1056768K
  class space    used 511K, committed 576K, reserved 1048576K

Heap Regions: E=young(eden), S=young(survivor), O=old, HS=humongous(starts), HC=humongous(continues), CS=collection set, F=free, OA=open archive, CA=closed archive, TAMS=top-at-mark-start (previous, next)
|   0|0x0000000083a00000, 0x0000000083a00000, 0x0000000083b00000|  0%| F|  |TAMS 0x0000000083a00000, 0x0000000083a00000| Untracked 
|   1|0x0000000083b00000, 0x0000000083b00000, 0x0000000083c00000|  0%| F|  |TAMS 0x0000000083b00000, 0x0000000083b00000| Untracked 
|   2|0x0000000083c00000, 0x0000000083c00000, 0x0000000083d00000|  0%| F|  |TAMS 0x0000000083c00000, 0x0000000083c00000| Untracked 
|   3|0x0000000083d00000, 0x0000000083d00000, 0x0000000083e00000|  0%| F|  |TAMS 0x0000000083d00000, 0x0000000083d00000| Untracked 
|   4|0x0000000083e00000, 0x0000000083e00000, 0x0000000083f00000|  0%| F|  |TAMS 0x0000000083e00000, 0x0000000083e00000| Untracked 
|   5|0x0000000083f00000, 0x0000000083f00000, 0x0000000084000000|  0%| F|  |TAMS 0x0000000083f00000, 0x0000000083f00000| Untracked 
|   6|0x0000000084000000, 0x0000000084000000, 0x0000000084100000|  0%| F|  |TAMS 0x0000000084000000, 0x0000000084000000| Untracked 
|   7|0x0000000084100000, 0x0000000084100000, 0x0000000084200000|  0%| F|  |TAMS 0x0000000084100000, 0x0000000084100000| Untracked 
|   8|0x0000000084200000, 0x0000000084200000, 0x0000000084300000|  0%| F|  |TAMS 0x0000000084200000, 0x0000000084200000| Untracked 
|   9|0x0000000084300000, 0x0000000084300000, 0x0000000084400000|  0%| F|  |TAMS 0x0000000084300000, 0x0000000084300000| Untracked 
|  10|0x0000000084400000, 0x0000000084400000, 0x0000000084500000|  0%| F|  |TAMS 0x0000000084400000, 0x0000000084400000| Untracked 
|  11|0x0000000084500000, 0x0000000084500000, 0x0000000084600000|  0%| F|  |TAMS 0x0000000084500000, 0x0000000084500000| Untracked 
|  12|0x0000000084600000, 0x0000000084600000, 0x0000000084700000|  0%| F|  |TAMS 0x0000000084600000, 0x0000000084600000| Untracked 
|  13|0x0000000084700000, 0x0000000084700000, 0x0000000084800000|  0%| F|  |TAMS 0x0000000084700000, 0x0000000084700000| Untracked 
|  14|0x0000000084800000, 0x0000000084800000, 0x0000000084900000|  0%| F|  |TAMS 0x0000000084800000, 0x0000000084800000| Untracked 
|  15|0x0000000084900000, 0x0000000084900000, 0x0000000084a00000|  0%| F|  |TAMS 0x0000000084900000, 0x0000000084900000| Untracked 
|  16|0x0000000084a00000, 0x0000000084a00000, 0x0000000084b00000|  0%| F|  |TAMS 0x0000000084a00000, 0x0000000084a00000| Untracked 
|  17|0x0000000084b00000, 0x0000000084b00000, 0x0000000084c00000|  0%| F|  |TAMS 0x0000000084b00000, 0x0000000084b00000| Untracked 
|  18|0x0000000084c00000, 0x0000000084c00000, 0x0000000084d00000|  0%| F|  |TAMS 0x0000000084c00000, 0x0000000084c00000| Untracked 
|  19|0x0000000084d00000, 0x0000000084d00000, 0x0000000084e00000|  0%| F|  |TAMS 0x0000000084d00000, 0x0000000084d00000| Untracked 
|  20|0x0000000084e00000, 0x0000000084e00000, 0x0000000084f00000|  0%| F|  |TAMS 0x0000000084e00000, 0x0000000084e00000| Untracked 
|  21|0x0000000084f00000, 0x0000000084f00000, 0x0000000085000000|  0%| F|  |TAMS 0x0000000084f00000, 0x0000000084f00000| Untracked 
|  22|0x0000000085000000, 0x0000000085000000, 0x0000000085100000|  0%| F|  |TAMS 0x0000000085000000, 0x0000000085000000| Untracked 
|  23|0x0000000085100000, 0x0000000085100000, 0x0000000085200000|  0%| F|  |TAMS 0x0000000085100000, 0x0000000085100000| Untracked 
|  24|0x0000000085200000, 0x0000000085200000, 0x0000000085300000|  0%| F|  |TAMS 0x0000000085200000, 0x0000000085200000| Untracked 
|  25|0x0000000085300000, 0x0000000085300000, 0x0000000085400000|  0%| F|  |TAMS 0x0000000085300000, 0x0000000085300000| Untracked 
|  26|0x0000000085400000, 0x0000000085400000, 0x0000000085500000|  0%| F|  |TAMS 0x0000000085400000, 0x0000000085400000| Untracked 
|  27|0x0000000085500000, 0x0000000085500000, 0x0000000085600000|  0%| F|  |TAMS 0x0000000085500000, 0x0000000085500000| Untracked 
|  28|0x0000000085600000, 0x0000000085600000, 0x0000000085700000|  0%| F|  |TAMS 0x0000000085600000, 0x0000000085600000| Untracked 
|  29|0x0000000085700000, 0x0000000085700000, 0x0000000085800000|  0%| F|  |TAMS 0x0000000085700000, 0x0000000085700000| Untracked 
|  30|0x0000000085800000, 0x0000000085800000, 0x0000000085900000|  0%| F|  |TAMS 0x0000000085800000, 0x0000000085800000| Untracked 
|  31|0x0000000085900000, 0x0000000085900000, 0x0000000085a00000|  0%| F|  |TAMS 0x0000000085900000, 0x0000000085900000| Untracked 
|  32|0x0000000085a00000, 0x0000000085a00000, 0x0000000085b00000|  0%| F|  |TAMS 0x0000000085a00000, 0x0000000085a00000| Untracked 
|  33|0x0000000085b00000, 0x0000000085b00000, 0x0000000085c00000|  0%| F|  |TAMS 0x0000000085b00000, 0x0000000085b00000| Untracked 
|  34|0x0000000085c00000, 0x0000000085c00000, 0x0000000085d00000|  0%| F|  |TAMS 0x0000000085c00000, 0x0000000085c00000| Untracked 
|  35|0x0000000085d00000, 0x0000000085d00000, 0x0000000085e00000|  0%| F|  |TAMS 0x0000000085d00000, 0x0000000085d00000| Untracked 
|  36|0x0000000085e00000, 0x0000000085e00000, 0x0000000085f00000|  0%| F|  |TAMS 0x0000000085e00000, 0x0000000085e00000| Untracked 
|  37|0x0000000085f00000, 0x0000000085f00000, 0x0000000086000000|  0%| F|  |TAMS 0x0000000085f00000, 0x0000000085f00000| Untracked 
|  38|0x0000000086000000, 0x0000000086000000, 0x0000000086100000|  0%| F|  |TAMS 0x0000000086000000, 0x0000000086000000| Untracked 
|  39|0x0000000086100000, 0x0000000086100000, 0x0000000086200000|  0%| F|  |TAMS 0x0000000086100000, 0x0000000086100000| Untracked 
|  40|0x0000000086200000, 0x0000000086200000, 0x0000000086300000|  0%| F|  |TAMS 0x0000000086200000, 0x0000000086200000| Untracked 
|  41|0x0000000086300000, 0x0000000086300000, 0x0000000086400000|  0%| F|  |TAMS 0x0000000086300000, 0x0000000086300000| Untracked 
|  42|0x0000000086400000, 0x0000000086400000, 0x0000000086500000|  0%| F|  |TAMS 0x0000000086400000, 0x0000000086400000| Untracked 
|  43|0x0000000086500000, 0x0000000086500000, 0x0000000086600000|  0%| F|  |TAMS 0x0000000086500000, 0x0000000086500000| Untracked 
|  44|0x0000000086600000, 0x0000000086600000, 0x0000000086700000|  0%| F|  |TAMS 0x0000000086600000, 0x0000000086600000| Untracked 
|  45|0x0000000086700000, 0x0000000086700000, 0x0000000086800000|  0%| F|  |TAMS 0x0000000086700000, 0x0000000086700000| Untracked 
|  46|0x0000000086800000, 0x0000000086800000, 0x0000000086900000|  0%| F|  |TAMS 0x0000000086800000, 0x0000000086800000| Untracked 
|  47|0x0000000086900000, 0x0000000086900000, 0x0000000086a00000|  0%| F|  |TAMS 0x0000000086900000, 0x0000000086900000| Untracked 
|  48|0x0000000086a00000, 0x0000000086a00000, 0x0000000086b00000|  0%| F|  |TAMS 0x0000000086a00000, 0x0000000086a00000| Untracked 
|  49|0x0000000086b00000, 0x0000000086b00000, 0x0000000086c00000|  0%| F|  |TAMS 0x0000000086b00000, 0x0000000086b00000| Untracked 
|  50|0x0000000086c00000, 0x0000000086c00000, 0x0000000086d00000|  0%| F|  |TAMS 0x0000000086c00000, 0x0000000086c00000| Untracked 
|  51|0x0000000086d00000, 0x0000000086d00000, 0x0000000086e00000|  0%| F|  |TAMS 0x0000000086d00000, 0x0000000086d00000| Untracked 
|  52|0x0000000086e00000, 0x0000000086e00000, 0x0000000086f00000|  0%| F|  |TAMS 0x0000000086e00000, 0x0000000086e00000| Untracked 
|  53|0x0000000086f00000, 0x0000000086f00000, 0x0000000087000000|  0%| F|  |TAMS 0x0000000086f00000, 0x0000000086f00000| Untracked 
|  54|0x0000000087000000, 0x0000000087000000, 0x0000000087100000|  0%| F|  |TAMS 0x0000000087000000, 0x0000000087000000| Untracked 
|  55|0x0000000087100000, 0x0000000087100000, 0x0000000087200000|  0%| F|  |TAMS 0x0000000087100000, 0x0000000087100000| Untracked 
|  56|0x0000000087200000, 0x0000000087200000, 0x0000000087300000|  0%| F|  |TAMS 0x0000000087200000, 0x0000000087200000| Untracked 
|  57|0x0000000087300000, 0x0000000087300000, 0x0000000087400000|  0%| F|  |TAMS 0x0000000087300000, 0x0000000087300000| Untracked 
|  58|0x0000000087400000, 0x0000000087400000, 0x0000000087500000|  0%| F|  |TAMS 0x0000000087400000, 0x0000000087400000| Untracked 
|  59|0x0000000087500000, 0x0000000087500000, 0x0000000087600000|  0%| F|  |TAMS 0x0000000087500000, 0x0000000087500000| Untracked 
|  60|0x0000000087600000, 0x0000000087600000, 0x0000000087700000|  0%| F|  |TAMS 0x0000000087600000, 0x0000000087600000| Untracked 
|  61|0x0000000087700000, 0x0000000087700000, 0x0000000087800000|  0%| F|  |TAMS 0x0000000087700000, 0x0000000087700000| Untracked 
|  62|0x0000000087800000, 0x0000000087800000, 0x0000000087900000|  0%| F|  |TAMS 0x0000000087800000, 0x0000000087800000| Untracked 
|  63|0x0000000087900000, 0x0000000087900000, 0x0000000087a00000|  0%| F|  |TAMS 0x0000000087900000, 0x0000000087900000| Untracked 
|  64|0x0000000087a00000, 0x0000000087a00000, 0x0000000087b00000|  0%| F|  |TAMS 0x0000000087a00000, 0x0000000087a00000| Untracked 
|  65|0x0000000087b00000, 0x0000000087b00000, 0x0000000087c00000|  0%| F|  |TAMS 0x0000000087b00000, 0x0000000087b00000| Untracked 
|  66|0x0000000087c00000, 0x0000000087c00000, 0x0000000087d00000|  0%| F|  |TAMS 0x0000000087c00000, 0x0000000087c00000| Untracked 
|  67|0x0000000087d00000, 0x0000000087d00000, 0x0000000087e00000|  0%| F|  |TAMS 0x0000000087d00000, 0x0000000087d00000| Untracked 
|  68|0x0000000087e00000, 0x0000000087e00000, 0x0000000087f00000|  0%| F|  |TAMS 0x0000000087e00000, 0x0000000087e00000| Untracked 
|  69|0x0000000087f00000, 0x0000000087f00000, 0x0000000088000000|  0%| F|  |TAMS 0x0000000087f00000, 0x0000000087f00000| Untracked 
|  70|0x0000000088000000, 0x0000000088000000, 0x0000000088100000|  0%| F|  |TAMS 0x0000000088000000, 0x0000000088000000| Untracked 
|  71|0x0000000088100000, 0x0000000088100000, 0x0000000088200000|  0%| F|  |TAMS 0x0000000088100000, 0x0000000088100000| Untracked 
|  72|0x0000000088200000, 0x0000000088200000, 0x0000000088300000|  0%| F|  |TAMS 0x0000000088200000, 0x0000000088200000| Untracked 
|  73|0x0000000088300000, 0x0000000088300000, 0x0000000088400000|  0%| F|  |TAMS 0x0000000088300000, 0x0000000088300000| Untracked 
|  74|0x0000000088400000, 0x0000000088400000, 0x0000000088500000|  0%| F|  |TAMS 0x0000000088400000, 0x0000000088400000| Untracked 
|  75|0x0000000088500000, 0x0000000088500000, 0x0000000088600000|  0%| F|  |TAMS 0x0000000088500000, 0x0000000088500000| Untracked 
|  76|0x0000000088600000, 0x0000000088600000, 0x0000000088700000|  0%| F|  |TAMS 0x0000000088600000, 0x0000000088600000| Untracked 
|  77|0x0000000088700000, 0x0000000088700000, 0x0000000088800000|  0%| F|  |TAMS 0x0000000088700000, 0x0000000088700000| Untracked 
|  78|0x0000000088800000, 0x0000000088800000, 0x0000000088900000|  0%| F|  |TAMS 0x0000000088800000, 0x0000000088800000| Untracked 
|  79|0x0000000088900000, 0x0000000088900000, 0x0000000088a00000|  0%| F|  |TAMS 0x0000000088900000, 0x0000000088900000| Untracked 
|  80|0x0000000088a00000, 0x0000000088a00000, 0x0000000088b00000|  0%| F|  |TAMS 0x0000000088a00000, 0x0000000088a00000| Untracked 
|  81|0x0000000088b00000, 0x0000000088b00000, 0x0000000088c00000|  0%| F|  |TAMS 0x0000000088b00000, 0x0000000088b00000| Untracked 
|  82|0x0000000088c00000, 0x0000000088c00000, 0x0000000088d00000|  0%| F|  |TAMS 0x0000000088c00000, 0x0000000088c00000| Untracked 
|  83|0x0000000088d00000, 0x0000000088d00000, 0x0000000088e00000|  0%| F|  |TAMS 0x0000000088d00000, 0x0000000088d00000| Untracked 
|  84|0x0000000088e00000, 0x0000000088e00000, 0x0000000088f00000|  0%| F|  |TAMS 0x0000000088e00000, 0x0000000088e00000| Untracked 
|  85|0x0000000088f00000, 0x0000000088f00000, 0x0000000089000000|  0%| F|  |TAMS 0x0000000088f00000, 0x0000000088f00000| Untracked 
|  86|0x0000000089000000, 0x0000000089000000, 0x0000000089100000|  0%| F|  |TAMS 0x0000000089000000, 0x0000000089000000| Untracked 
|  87|0x0000000089100000, 0x0000000089100000, 0x0000000089200000|  0%| F|  |TAMS 0x0000000089100000, 0x0000000089100000| Untracked 
|  88|0x0000000089200000, 0x0000000089200000, 0x0000000089300000|  0%| F|  |TAMS 0x0000000089200000, 0x0000000089200000| Untracked 
|  89|0x0000000089300000, 0x0000000089300000, 0x0000000089400000|  0%| F|  |TAMS 0x0000000089300000, 0x0000000089300000| Untracked 
|  90|0x0000000089400000, 0x0000000089400000, 0x0000000089500000|  0%| F|  |TAMS 0x0000000089400000, 0x0000000089400000| Untracked 
|  91|0x0000000089500000, 0x0000000089500000, 0x0000000089600000|  0%| F|  |TAMS 0x0000000089500000, 0x0000000089500000| Untracked 
|  92|0x0000000089600000, 0x0000000089600000, 0x0000000089700000|  0%| F|  |TAMS 0x0000000089600000, 0x0000000089600000| Untracked 
|  93|0x0000000089700000, 0x0000000089700000, 0x0000000089800000|  0%| F|  |TAMS 0x0000000089700000, 0x0000000089700000| Untracked 
|  94|0x0000000089800000, 0x0000000089800000, 0x0000000089900000|  0%| F|  |TAMS 0x0000000089800000, 0x0000000089800000| Untracked 
|  95|0x0000000089900000, 0x0000000089900000, 0x0000000089a00000|  0%| F|  |TAMS 0x0000000089900000, 0x0000000089900000| Untracked 
|  96|0x0000000089a00000, 0x0000000089a00000, 0x0000000089b00000|  0%| F|  |TAMS 0x0000000089a00000, 0x0000000089a00000| Untracked 
|  97|0x0000000089b00000, 0x0000000089b00000, 0x0000000089c00000|  0%| F|  |TAMS 0x0000000089b00000, 0x0000000089b00000| Untracked 
|  98|0x0000000089c00000, 0x0000000089c00000, 0x0000000089d00000|  0%| F|  |TAMS 0x0000000089c00000, 0x0000000089c00000| Untracked 
|  99|0x0000000089d00000, 0x0000000089d00000, 0x0000000089e00000|  0%| F|  |TAMS 0x0000000089d00000, 0x0000000089d00000| Untracked 
| 100|0x0000000089e00000, 0x0000000089e00000, 0x0000000089f00000|  0%| F|  |TAMS 0x0000000089e00000, 0x0000000089e00000| Untracked 
| 101|0x0000000089f00000, 0x0000000089f00000, 0x000000008a000000|  0%| F|  |TAMS 0x0000000089f00000, 0x0000000089f00000| Untracked 
| 102|0x000000008a000000, 0x000000008a000000, 0x000000008a100000|  0%| F|  |TAMS 0x000000008a000000, 0x000000008a000000| Untracked 
| 103|0x000000008a100000, 0x000000008a100000, 0x000000008a200000|  0%| F|  |TAMS 0x000000008a100000, 0x000000008a100000| Untracked 
| 104|0x000000008a200000, 0x000000008a200000, 0x000000008a300000|  0%| F|  |TAMS 0x000000008a200000, 0x000000008a200000| Untracked 
| 105|0x000000008a300000, 0x000000008a300000, 0x000000008a400000|  0%| F|  |TAMS 0x000000008a300000, 0x000000008a300000| Untracked 
| 106|0x000000008a400000, 0x000000008a400000, 0x000000008a500000|  0%| F|  |TAMS 0x000000008a400000, 0x000000008a400000| Untracked 
| 107|0x000000008a500000, 0x000000008a500000, 0x000000008a600000|  0%| F|  |TAMS 0x000000008a500000, 0x000000008a500000| Untracked 
| 108|0x000000008a600000, 0x000000008a600000, 0x000000008a700000|  0%| F|  |TAMS 0x000000008a600000, 0x000000008a600000| Untracked 
| 109|0x000000008a700000, 0x000000008a700000, 0x000000008a800000|  0%| F|  |TAMS 0x000000008a700000, 0x000000008a700000| Untracked 
| 110|0x000000008a800000, 0x000000008a800000, 0x000000008a900000|  0%| F|  |TAMS 0x000000008a800000, 0x000000008a800000| Untracked 
| 111|0x000000008a900000, 0x000000008a900000, 0x000000008aa00000|  0%| F|  |TAMS 0x000000008a900000, 0x000000008a900000| Untracked 
| 112|0x000000008aa00000, 0x000000008aa00000, 0x000000008ab00000|  0%| F|  |TAMS 0x000000008aa00000, 0x000000008aa00000| Untracked 
| 113|0x000000008ab00000, 0x000000008ab00000, 0x000000008ac00000|  0%| F|  |TAMS 0x000000008ab00000, 0x000000008ab00000| Untracked 
| 114|0x000000008ac00000, 0x000000008ac00000, 0x000000008ad00000|  0%| F|  |TAMS 0x000000008ac00000, 0x000000008ac00000| Untracked 
| 115|0x000000008ad00000, 0x000000008ad00000, 0x000000008ae00000|  0%| F|  |TAMS 0x000000008ad00000, 0x000000008ad00000| Untracked 
| 116|0x000000008ae00000, 0x000000008ae00000, 0x000000008af00000|  0%| F|  |TAMS 0x000000008ae00000, 0x000000008ae00000| Untracked 
| 117|0x000000008af00000, 0x000000008af00000, 0x000000008b000000|  0%| F|  |TAMS 0x000000008af00000, 0x000000008af00000| Untracked 
| 118|0x000000008b000000, 0x000000008b000000, 0x000000008b100000|  0%| F|  |TAMS 0x000000008b000000, 0x000000008b000000| Untracked 
| 119|0x000000008b100000, 0x000000008b100000, 0x000000008b200000|  0%| F|  |TAMS 0x000000008b100000, 0x000000008b100000| Untracked 
| 120|0x000000008b200000, 0x000000008b200000, 0x000000008b300000|  0%| F|  |TAMS 0x000000008b200000, 0x000000008b200000| Untracked 
| 121|0x000000008b300000, 0x000000008b300000, 0x000000008b400000|  0%| F|  |TAMS 0x000000008b300000, 0x000000008b300000| Untracked 
| 122|0x000000008b400000, 0x000000008b400000, 0x000000008b500000|  0%| F|  |TAMS 0x000000008b400000, 0x000000008b400000| Untracked 
| 123|0x000000008b500000, 0x000000008b500000, 0x000000008b600000|  0%| F|  |TAMS 0x000000008b500000, 0x000000008b500000| Untracked 
| 124|0x000000008b600000, 0x000000008b700000, 0x000000008b700000|100%| E|  |TAMS 0x000000008b600000, 0x000000008b600000| Complete 
| 125|0x000000008b700000, 0x000000008b800000, 0x000000008b800000|100%| E|CS|TAMS 0x000000008b700000, 0x000000008b700000| Complete 

Card table byte_map: [0x0000016afb630000,0x0000016afba20000] _byte_map_base: 0x0000016afb213000

Marking Bits (Prev, Next): (CMBitMap*) 0x0000016af8f464d0, (CMBitMap*) 0x0000016af8f46510
 Prev Bits: [0x0000016afbe10000, 0x0000016afdd28000)
 Next Bits: [0x0000016afdd30000, 0x0000016affc48000)

Polling page: 0x0000016af8fe0000

Metaspace:

Usage:
  Non-class:      5.44 MB used.
      Class:    511.71 KB used.
       Both:      5.94 MB used.

Virtual space:
  Non-class space:        8.00 MB reserved,       5.50 MB ( 69%) committed,  1 nodes.
      Class space:        1.00 GB reserved,     576.00 KB ( <1%) committed,  1 nodes.
             Both:        1.01 GB reserved,       6.06 MB ( <1%) committed. 

Chunk freelists:
   Non-Class:  2.49 MB
       Class:  3.25 MB
        Both:  5.74 MB

MaxMetaspaceSize: unlimited
CompressedClassSpaceSize: 1.00 GB
Initial GC threshold: 21.00 MB
Current GC threshold: 21.00 MB
CDS: off
MetaspaceReclaimPolicy: balanced
 - commit_granule_bytes: 65536.
 - commit_granule_words: 8192.
 - virtual_space_node_default_size: 1048576.
 - enlarge_chunks_in_place: 1.
 - new_chunks_are_fully_committed: 0.
 - uncommit_free_chunks: 1.
 - use_allocation_guard: 0.
 - handle_deallocations: 1.


Internal statistics:

num_allocs_failed_limit: 0.
num_arena_births: 6.
num_arena_deaths: 0.
num_vsnodes_births: 2.
num_vsnodes_deaths: 0.
num_space_committed: 97.
num_space_uncommitted: 0.
num_chunks_returned_to_freelist: 0.
num_chunks_taken_from_freelist: 18.
num_chunk_merges: 0.
num_chunk_splits: 5.
num_chunks_enlarged: 1.
num_purges: 0.
num_inconsistent_stats: 0.

CodeHeap 'non-profiled nmethods': size=120000Kb used=55Kb max_used=55Kb free=119944Kb
 bounds [0x0000016a8f200000, 0x0000016a8f470000, 0x0000016a96730000]
CodeHeap 'profiled nmethods': size=120000Kb used=193Kb max_used=193Kb free=119806Kb
 bounds [0x0000016a87cd0000, 0x0000016a87f40000, 0x0000016a8f200000]
CodeHeap 'non-nmethods': size=5760Kb used=1105Kb max_used=1119Kb free=4654Kb
 bounds [0x0000016a87730000, 0x0000016a879a0000, 0x0000016a87cd0000]
 total_blobs=539 nmethods=173 adapters=279
 compilation: enabled
              stopped_count=0, restarted_count=0
 full_count=0

Compilation events (20 events):
Event: 0.156 Thread 0x0000016a98f89fd0  164       3       java.lang.StringBuilder::append (8 bytes)
Event: 0.156 Thread 0x0000016a98f89fd0 nmethod 164 0x0000016a87cfdc10 code [0x0000016a87cfdda0, 0x0000016a87cfdee8]
Event: 0.156 Thread 0x0000016a98f89fd0  165       3       java.lang.AbstractStringBuilder::append (77 bytes)
Event: 0.156 Thread 0x0000016a98f89fd0 nmethod 165 0x0000016a87cfdf90 code [0x0000016a87cfe1a0, 0x0000016a87cfe828]
Event: 0.160 Thread 0x0000016a98f89fd0  166       3       java.lang.StringLatin1::newString (24 bytes)
Event: 0.161 Thread 0x0000016a98f89fd0 nmethod 166 0x0000016a87cfea90 code [0x0000016a87cfec60, 0x0000016a87cfef88]
Event: 0.164 Thread 0x0000016a98f89fd0  167       3       java.lang.String::indexOf (7 bytes)
Event: 0.164 Thread 0x0000016a98f89fd0 nmethod 167 0x0000016a87cff090 code [0x0000016a87cff260, 0x0000016a87cff578]
Event: 0.165 Thread 0x0000016a98f89fd0  168       3       java.lang.StringLatin1::indexOf (36 bytes)
Event: 0.165 Thread 0x0000016a98f89fd0 nmethod 168 0x0000016a87cff690 code [0x0000016a87cff860, 0x0000016a87cffc98]
Event: 0.173 Thread 0x0000016a98f89fd0  169       3       java.util.zip.ZipUtils::SH (21 bytes)
Event: 0.173 Thread 0x0000016a98f89fd0 nmethod 169 0x0000016a87cffe10 code [0x0000016a87cfffa0, 0x0000016a87d000f8]
Event: 0.175 Thread 0x0000016a98f89fd0  170       3       java.lang.Math::max (11 bytes)
Event: 0.175 Thread 0x0000016a98f89fd0 nmethod 170 0x0000016a87d00210 code [0x0000016a87d003a0, 0x0000016a87d004d8]
Event: 0.176 Thread 0x0000016a98f89530  171       4       java.lang.String::charAt (25 bytes)
Event: 0.176 Thread 0x0000016a98f89fd0  172       1       java.util.HashMap$Node::getKey (5 bytes)
Event: 0.176 Thread 0x0000016a98f89fd0 nmethod 172 0x0000016a8f20d310 code [0x0000016a8f20d4a0, 0x0000016a8f20d578]
Event: 0.176 Thread 0x0000016a98f89fd0  173       1       java.util.HashMap$Node::getValue (5 bytes)
Event: 0.176 Thread 0x0000016a98f89fd0 nmethod 173 0x0000016a8f20d610 code [0x0000016a8f20d7a0, 0x0000016a8f20d878]
Event: 0.176 Thread 0x0000016a98f89530 nmethod 171 0x0000016a8f20d910 code [0x0000016a8f20daa0, 0x0000016a8f20db88]

GC Heap History (0 events):
No events

Deoptimization events (4 events):
Event: 0.176 Thread 0x0000016af8f08420 Uncommon trap: trap_request=0xffffffde fr.pc=0x0000016a8f20c618 relative=0x00000000000007b8
Event: 0.176 Thread 0x0000016af8f08420 Uncommon trap: reason=class_check action=maybe_recompile pc=0x0000016a8f20c618 method=java.util.HashMap.putVal(ILjava/lang/Object;Ljava/lang/Object;ZZ)Ljava/lang/Object; @ 152 c2
Event: 0.176 Thread 0x0000016af8f08420 DEOPT PACKING pc=0x0000016a8f20c618 sp=0x000000252a1fe720
Event: 0.176 Thread 0x0000016af8f08420 DEOPT UNPACKING pc=0x0000016a87785c23 sp=0x000000252a1fe6a0 mode 2

Classes unloaded (0 events):
No events

Classes redefined (0 events):
No events

Internal exceptions (0 events):
No events

VM Operations (2 events):
Event: 0.134 Executing VM operation: HandshakeAllThreads
Event: 0.134 Executing VM operation: HandshakeAllThreads done

Events (20 events):
Event: 0.177 loading class java/security/UnresolvedPermission done
Event: 0.177 loading class java/security/SecureClassLoader$DebugHolder
Event: 0.177 loading class java/security/SecureClassLoader$DebugHolder done
Event: 0.177 loading class sun/security/util/Debug
Event: 0.177 loading class sun/security/util/Debug done
Event: 0.179 loading class java/lang/reflect/InvocationTargetException
Event: 0.179 loading class java/lang/reflect/InvocationTargetException done
Event: 0.179 loading class java/util/concurrent/ConcurrentHashMap$ForwardingNode
Event: 0.179 loading class java/util/concurrent/ConcurrentHashMap$ForwardingNode done
Event: 0.182 Loaded shared library C:\Program Files\JetBrains\IntelliJ IDEA Community Edition 2021.2.3\bin\breakgen64.dll
Event: 0.182 loading class java/io/Reader
Event: 0.182 loading class java/io/Reader done
Event: 0.182 loading class java/io/InputStreamReader
Event: 0.182 loading class java/io/InputStreamReader done
Event: 0.182 Thread 0x0000016a99b0d720 Thread added: 0x0000016a99b0d720
Event: 0.182 loading class java/net/Socket
Event: 0.182 loading class java/net/Socket done
Event: 0.183 Thread 0x0000016a99d24950 Thread added: 0x0000016a99d24950
Event: 0.183 loading class jdk/internal/vm/PostVMInitHook
Event: 0.183 loading class java/lang/invoke/VarHandles


Dynamic libraries:
0x00007ff7a49d0000 - 0x00007ff7a49e0000 	C:\Program Files\Java\jdk-17.0.1\bin\java.exe
0x00007fff48c10000 - 0x00007fff48e24000 	C:\WINDOWS\SYSTEM32\ntdll.dll
0x00007fff48130000 - 0x00007fff481f2000 	C:\WINDOWS\System32\KERNEL32.DLL
0x00007fff46660000 - 0x00007fff46a03000 	C:\WINDOWS\System32\KERNELBASE.dll
0x00007fff46030000 - 0x00007fff46141000 	C:\WINDOWS\System32\ucrtbase.dll
0x00007fff3db70000 - 0x00007fff3db8a000 	C:\Program Files\Java\jdk-17.0.1\bin\VCRUNTIME140.dll
0x00007fff3dae0000 - 0x00007fff3daf8000 	C:\Program Files\Java\jdk-17.0.1\bin\jli.dll
0x00007fff47600000 - 0x00007fff476ae000 	C:\WINDOWS\System32\ADVAPI32.dll
0x00007fff48a70000 - 0x00007fff48b17000 	C:\WINDOWS\System32\msvcrt.dll
0x00007fff48b20000 - 0x00007fff48bc4000 	C:\WINDOWS\System32\sechost.dll
0x00007fff476b0000 - 0x00007fff477c7000 	C:\WINDOWS\System32\RPCRT4.dll
0x00007fff485a0000 - 0x00007fff4874b000 	C:\WINDOWS\System32\USER32.dll
0x00007fff29950000 - 0x00007fff29bde000 	C:\WINDOWS\WinSxS\amd64_microsoft.windows.common-controls_6595b64144ccf1df_6.0.22621.1635_none_270f70857386168e\COMCTL32.dll
0x00007fff46630000 - 0x00007fff46656000 	C:\WINDOWS\System32\win32u.dll
0x00007fff47f60000 - 0x00007fff47f89000 	C:\WINDOWS\System32\GDI32.dll
0x00007fff46150000 - 0x00007fff46268000 	C:\WINDOWS\System32\gdi32full.dll
0x00007fff46270000 - 0x00007fff4630a000 	C:\WINDOWS\System32\msvcp_win.dll
0x00007fff3d970000 - 0x00007fff3d97a000 	C:\WINDOWS\SYSTEM32\VERSION.dll
0x00007fff473b0000 - 0x00007fff473e1000 	C:\WINDOWS\System32\IMM32.DLL
0x00007fff3dad0000 - 0x00007fff3dadc000 	C:\Program Files\Java\jdk-17.0.1\bin\vcruntime140_1.dll
0x00007fff37af0000 - 0x00007fff37b7d000 	C:\Program Files\Java\jdk-17.0.1\bin\msvcp140.dll
0x00007ffeef320000 - 0x00007ffeefede000 	C:\Program Files\Java\jdk-17.0.1\bin\server\jvm.dll
0x00007fff48200000 - 0x00007fff48208000 	C:\WINDOWS\System32\PSAPI.DLL
0x00007fff3d980000 - 0x00007fff3d9b4000 	C:\WINDOWS\SYSTEM32\WINMM.dll
0x00007fff23e70000 - 0x00007fff23e79000 	C:\WINDOWS\SYSTEM32\WSOCK32.dll
0x00007fff477d0000 - 0x00007fff47841000 	C:\WINDOWS\System32\WS2_32.dll
0x00007fff45170000 - 0x00007fff45188000 	C:\WINDOWS\SYSTEM32\kernel.appcore.dll
0x00007fff3dac0000 - 0x00007fff3daca000 	C:\Program Files\Java\jdk-17.0.1\bin\jimage.dll
0x00007fff43840000 - 0x00007fff43a6e000 	C:\WINDOWS\SYSTEM32\DBGHELP.DLL
0x00007fff48210000 - 0x00007fff48599000 	C:\WINDOWS\System32\combase.dll
0x00007fff48800000 - 0x00007fff488d7000 	C:\WINDOWS\System32\OLEAUT32.dll
0x00007fff33f20000 - 0x00007fff33f52000 	C:\WINDOWS\SYSTEM32\dbgcore.DLL
0x00007fff464f0000 - 0x00007fff4656b000 	C:\WINDOWS\System32\bcryptPrimitives.dll
0x00007fff3dab0000 - 0x00007fff3dabe000 	C:\Program Files\Java\jdk-17.0.1\bin\instrument.dll
0x00007fff37a70000 - 0x00007fff37a95000 	C:\Program Files\Java\jdk-17.0.1\bin\java.dll
0x00007fff2c6e0000 - 0x00007fff2c7b6000 	C:\Program Files\Java\jdk-17.0.1\bin\svml.dll
0x00007fff46a90000 - 0x00007fff4728a000 	C:\WINDOWS\System32\SHELL32.dll
0x00007fff44040000 - 0x00007fff4490e000 	C:\WINDOWS\SYSTEM32\windows.storage.dll
0x00007fff43f00000 - 0x00007fff4403e000 	C:\WINDOWS\SYSTEM32\wintypes.dll
0x00007fff47f90000 - 0x00007fff48081000 	C:\WINDOWS\System32\SHCORE.dll
0x00007fff47d60000 - 0x00007fff47dbe000 	C:\WINDOWS\System32\shlwapi.dll
0x00007fff45f60000 - 0x00007fff45f81000 	C:\WINDOWS\SYSTEM32\profapi.dll
0x00007fff35570000 - 0x00007fff35588000 	C:\Program Files\Java\jdk-17.0.1\bin\zip.dll
0x00007fff355b0000 - 0x00007fff355c9000 	C:\Program Files\Java\jdk-17.0.1\bin\net.dll
0x00007fff3eff0000 - 0x00007fff3f127000 	C:\WINDOWS\SYSTEM32\WINHTTP.dll
0x00007fff35590000 - 0x00007fff355a5000 	C:\Program Files\Java\jdk-17.0.1\bin\nio.dll
0x00007fff455e0000 - 0x00007fff45649000 	C:\WINDOWS\SYSTEM32\MSWSOCK.dll
0x00007fff35550000 - 0x00007fff3556a000 	C:\Program Files\JetBrains\IntelliJ IDEA Community Edition 2021.2.3\bin\breakgen64.dll

dbghelp: loaded successfully - version: 4.0.5 - missing functions: none
symbol engine: initialized successfully - sym options: 0x614 - pdb path: .;C:\Program Files\Java\jdk-17.0.1\bin;C:\WINDOWS\SYSTEM32;C:\WINDOWS\WinSxS\amd64_microsoft.windows.common-controls_6595b64144ccf1df_6.0.22621.1635_none_270f70857386168e;C:\Program Files\Java\jdk-17.0.1\bin\server;C:\Program Files\JetBrains\IntelliJ IDEA Community Edition 2021.2.3\bin

VM Arguments:
jvm_args: -javaagent:C:\Program Files\JetBrains\IntelliJ IDEA Community Edition 2021.2.3\lib\idea_rt.jar=64329:C:\Program Files\JetBrains\IntelliJ IDEA Community Edition 2021.2.3\bin -Dfile.encoding=UTF-8 
java_command: Menu
java_class_path (initial): G:\IntellijProjects\Pacman\out\production\Pacman
Launcher Type: SUN_STANDARD

[Global flags]
     intx CICompilerCount                          = 4                                         {product} {ergonomic}
     uint ConcGCThreads                            = 2                                         {product} {ergonomic}
     uint G1ConcRefinementThreads                  = 8                                         {product} {ergonomic}
   size_t G1HeapRegionSize                         = 1048576                                   {product} {ergonomic}
    uintx GCDrainStackTargetSize                   = 64                                        {product} {ergonomic}
   size_t InitialHeapSize                          = 132120576                                 {product} {ergonomic}
   size_t MarkStackSize                            = 4194304                                   {product} {ergonomic}
   size_t MaxHeapSize                              = 2086666240                                {product} {ergonomic}
   size_t MaxNewSize                               = 1251999744                                {product} {ergonomic}
   size_t MinHeapDeltaBytes                        = 1048576                                   {product} {ergonomic}
   size_t MinHeapSize                              = 8388608                                   {product} {ergonomic}
    uintx NonNMethodCodeHeapSize                   = 5839372                                {pd product} {ergonomic}
    uintx NonProfiledCodeHeapSize                  = 122909434                              {pd product} {ergonomic}
    uintx ProfiledCodeHeapSize                     = 122909434                              {pd product} {ergonomic}
    uintx ReservedCodeCacheSize                    = 251658240                              {pd product} {ergonomic}
     bool SegmentedCodeCache                       = true                                      {product} {ergonomic}
   size_t SoftMaxHeapSize                          = 2086666240                             {manageable} {ergonomic}
     bool UseCompressedClassPointers               = true                           {product lp64_product} {ergonomic}
     bool UseCompressedOops                        = true                           {product lp64_product} {ergonomic}
     bool UseG1GC                                  = true                                      {product} {ergonomic}
     bool UseLargePagesIndividualAllocation        = false                                  {pd product} {ergonomic}

Logging:
Log output configuration:
 #0: stdout all=warning uptime,level,tags
 #1: stderr all=off uptime,level,tags

Environment Variables:
JAVA_HOME=C:\Program Files\Java\jdk-17.0.1
PATH=C:\Program Files\Common Files\Oracle\Java\javapath;C:\Windows\system32;C:\Windows;C:\Windows\System32\Wbem;C:\Windows\System32\WindowsPowerShell\v1.0\;C:\Windows\System32\OpenSSH\;C:\Program Files\Java\jdk-17.0.1\bin;C:\WINDOWS\system32;C:\WINDOWS;C:\WINDOWS\System32\Wbem;C:\WINDOWS\System32\WindowsPowerShell\v1.0\;C:\WINDOWS\System32\OpenSSH\;C:\Program Files\Git\cmd;C:\Program Files\PuTTY\;C:\Users\HP\AppData\Local\Microsoft\WindowsApps;;C:\Users\HP\AppData\Local\Programs\Microsoft VS Code\bin;C:\Program Files\JetBrains\CLion 2022.3.2\bin;
USERNAME=HP
OS=Windows_NT
PROCESSOR_IDENTIFIER=Intel64 Family 6 Model 140 Stepping 1, GenuineIntel



---------------  S Y S T E M  ---------------

OS:
 Windows 10 , 64 bit Build 22621 (10.0.22621.1635)
OS uptime: 2 days 17:30 hours

CPU: total 8 (initial active 8) (4 cores per cpu, 2 threads per core) family 6 model 140 stepping 1 microcode 0x86, cx8, cmov, fxsr, ht, mmx, 3dnowpref, sse, sse2, sse3, ssse3, sse4.1, sse4.2, popcnt, lzcnt, tsc, tscinvbit, avx, avx2, aes, erms, clmul, bmi1, bmi2, adx, avx512f, avx512dq, avx512cd, avx512bw, avx512vl, sha, fma, vzeroupper, avx512_vpopcntdq, avx512_vpclmulqdq, avx512_vaes, avx512_vnni, clflush, clflushopt, clwb, avx512_vbmi2, avx512_vbmi

Memory: 4k page, system-wide physical 7957M (750M free)
TotalPageFile size 21300M (AvailPageFile size 0M)
current process WorkingSet (physical memory assigned to process): 32M, peak: 32M
current process commit charge ("private bytes"): 203M, peak: 204M

vm_info: Java HotSpot(TM) 64-Bit Server VM (17.0.1+12-LTS-39) for windows-amd64 JRE (17.0.1+12-LTS-39), built on Sep 27 2021 18:41:35 by "mach5one" with MS VC++ 16.8 (VS2019)

END.
