#
# There is insufficient memory for the Java Runtime Environment to continue.
# Native memory allocation (malloc) failed to allocate 1318608 bytes for Chunk::new
# Possible reasons:
#   The system is out of physical RAM or swap space
#   The process is running with CompressedOops enabled, and the Java Heap may be blocking the growth of the native heap
# Possible solutions:
#   Reduce memory load on the system
#   Increase physical memory or swap space
#   Check if swap backing store is full
#   Decrease Java heap size (-Xmx/-Xms)
#   Decrease number of Java threads
#   Decrease Java thread stack sizes (-Xss)
#   Set larger code cache with -XX:ReservedCodeCacheSize=
#   JVM is running with Unscaled Compressed Oops mode in which the Java heap is
#     placed in the first 4GB address space. The Java Heap base address is the
#     maximum limit for the native heap growth. Please use -XX:HeapBaseMinAddress
#     to set the Java Heap base and to place the Java Heap above 4GB virtual address.
# This output file may be truncated or incomplete.
#
#  Out of Memory Error (arena.cpp:189), pid=41384, tid=12532
#
# JRE version: Java(TM) SE Runtime Environment (17.0.1+12) (build 17.0.1+12-LTS-39)
# Java VM: Java HotSpot(TM) 64-Bit Server VM (17.0.1+12-LTS-39, mixed mode, sharing, tiered, compressed oops, compressed class ptrs, g1 gc, windows-amd64)
# No core dump will be written. Minidumps are not enabled by default on client versions of Windows
#

---------------  S U M M A R Y ------------

Command Line: -javaagent:C:\Program Files\JetBrains\IntelliJ IDEA Community Edition 2021.2.3\lib\idea_rt.jar=54361:C:\Program Files\JetBrains\IntelliJ IDEA Community Edition 2021.2.3\bin -Dfile.encoding=windows-1251 Pacman

Host: 11th Gen Intel(R) Core(TM) i5-1135G7 @ 2.40GHz, 8 cores, 7G,  Windows 10 , 64 bit Build 22621 (10.0.22621.3374)
Time: Tue Apr 30 15:40:40 2024  Windows 10 , 64 bit Build 22621 (10.0.22621.3374) elapsed time: 45.128081 seconds (0d 0h 0m 45s)

---------------  T H R E A D  ---------------

Current thread (0x0000017fffdee290):  JavaThread "C2 CompilerThread0" daemon [_thread_in_native, id=12532, stack(0x0000006ab8b00000,0x0000006ab8c00000)]


Current CompileTask:
C2:  45128 2325   !   4       sun.awt.PostEventQueue::flush (168 bytes)

Stack: [0x0000006ab8b00000,0x0000006ab8c00000]
Native frames: (J=compiled Java code, j=interpreted, Vv=VM code, C=native code)
V  [jvm.dll+0x66fa1a]
V  [jvm.dll+0x7ce5a4]
V  [jvm.dll+0x7cfd4e]
V  [jvm.dll+0x7d03b3]
V  [jvm.dll+0x242b05]
V  [jvm.dll+0xaa05b]
V  [jvm.dll+0xaa5ec]
V  [jvm.dll+0x35fa07]
V  [jvm.dll+0x329f51]
V  [jvm.dll+0x3293fa]
V  [jvm.dll+0x215bf1]
V  [jvm.dll+0x215011]
V  [jvm.dll+0x1a168d]
V  [jvm.dll+0x224848]
V  [jvm.dll+0x2229ac]
V  [jvm.dll+0x78435b]
V  [jvm.dll+0x77e91a]
V  [jvm.dll+0x66e845]
C  [ucrtbase.dll+0x29333]
C  [KERNEL32.DLL+0x1257d]
C  [ntdll.dll+0x5aa48]


---------------  P R O C E S S  ---------------

Threads class SMR info:
_java_thread_list=0x0000017f968ccd80, length=22, elements={
0x0000017fffdcb9a0, 0x0000017fffdcc550, 0x0000017fffde6fd0, 0x0000017fffde7b80,
0x0000017fffdea740, 0x0000017fffded500, 0x0000017fffdee290, 0x0000017fffdf0e90,
0x0000017fffe03b80, 0x0000017f9397a3c0, 0x0000017f93a1b900, 0x0000017f93a21460,
0x0000017f93bacc80, 0x0000017f93bd3a20, 0x0000017f93bd4370, 0x0000017f93bf0670,
0x0000017ff4dd2150, 0x0000017f94c3a7f0, 0x0000017f94c3bb30, 0x0000017f94c39e50,
0x0000017f94c3b190, 0x0000017f94c3d340
}

Java Threads: ( => current thread )
  0x0000017fffdcb9a0 JavaThread "Reference Handler" daemon [_thread_blocked, id=36152, stack(0x0000006ab8500000,0x0000006ab8600000)]
  0x0000017fffdcc550 JavaThread "Finalizer" daemon [_thread_blocked, id=14224, stack(0x0000006ab8600000,0x0000006ab8700000)]
  0x0000017fffde6fd0 JavaThread "Signal Dispatcher" daemon [_thread_blocked, id=33352, stack(0x0000006ab8700000,0x0000006ab8800000)]
  0x0000017fffde7b80 JavaThread "Attach Listener" daemon [_thread_blocked, id=46036, stack(0x0000006ab8800000,0x0000006ab8900000)]
  0x0000017fffdea740 JavaThread "Service Thread" daemon [_thread_blocked, id=20200, stack(0x0000006ab8900000,0x0000006ab8a00000)]
  0x0000017fffded500 JavaThread "Monitor Deflation Thread" daemon [_thread_blocked, id=14132, stack(0x0000006ab8a00000,0x0000006ab8b00000)]
=>0x0000017fffdee290 JavaThread "C2 CompilerThread0" daemon [_thread_in_native, id=12532, stack(0x0000006ab8b00000,0x0000006ab8c00000)]
  0x0000017fffdf0e90 JavaThread "C1 CompilerThread0" daemon [_thread_blocked, id=3560, stack(0x0000006ab8c00000,0x0000006ab8d00000)]
  0x0000017fffe03b80 JavaThread "Sweeper thread" daemon [_thread_blocked, id=38688, stack(0x0000006ab8d00000,0x0000006ab8e00000)]
  0x0000017f9397a3c0 JavaThread "Common-Cleaner" daemon [_thread_blocked, id=47252, stack(0x0000006ab8e00000,0x0000006ab8f00000)]
  0x0000017f93a1b900 JavaThread "Monitor Ctrl-Break" daemon [_thread_in_native, id=8608, stack(0x0000006ab8f00000,0x0000006ab9000000)]
  0x0000017f93a21460 JavaThread "Notification Thread" daemon [_thread_blocked, id=13828, stack(0x0000006ab9000000,0x0000006ab9100000)]
  0x0000017f93bacc80 JavaThread "Java2D Disposer" daemon [_thread_blocked, id=50984, stack(0x0000006ab9200000,0x0000006ab9300000)]
  0x0000017f93bd3a20 JavaThread "AWT-Shutdown" [_thread_blocked, id=31324, stack(0x0000006ab9300000,0x0000006ab9400000)]
  0x0000017f93bd4370 JavaThread "AWT-Windows" daemon [_thread_in_native, id=43868, stack(0x0000006ab9400000,0x0000006ab9500000)]
  0x0000017f93bf0670 JavaThread "AWT-EventQueue-0" [_thread_blocked, id=39512, stack(0x0000006ab9500000,0x0000006ab9600000)]
  0x0000017ff4dd2150 JavaThread "DestroyJavaVM" [_thread_blocked, id=48220, stack(0x0000006ab7e00000,0x0000006ab7f00000)]
  0x0000017f94c3a7f0 JavaThread "TimerQueue" daemon [_thread_blocked, id=50640, stack(0x0000006ab9a00000,0x0000006ab9b00000)]
  0x0000017f94c3bb30 JavaThread "Thread-0" [_thread_in_Java, id=41904, stack(0x0000006aba300000,0x0000006aba400000)]
  0x0000017f94c39e50 JavaThread "Thread-1" [_thread_blocked, id=580, stack(0x0000006aba400000,0x0000006aba500000)]
  0x0000017f94c3b190 JavaThread "Thread-2" [_thread_blocked, id=3900, stack(0x0000006ab9600000,0x0000006ab9700000)]
  0x0000017f94c3d340 JavaThread "Thread-3" [_thread_blocked, id=9220, stack(0x0000006aba200000,0x0000006aba300000)]

Other Threads:
  0x0000017fffdc8ef0 VMThread "VM Thread" [stack: 0x0000006ab8400000,0x0000006ab8500000] [id=20648]
  0x0000017ff4e38850 WatcherThread [stack: 0x0000006ab9100000,0x0000006ab9200000] [id=24348]
  0x0000017ff4e106d0 GCTaskThread "GC Thread#0" [stack: 0x0000006ab7f00000,0x0000006ab8000000] [id=55436]
  0x0000017f94c3f050 GCTaskThread "GC Thread#1" [stack: 0x0000006ab9b00000,0x0000006ab9c00000] [id=8644]
  0x0000017f94a31c10 GCTaskThread "GC Thread#2" [stack: 0x0000006ab9c00000,0x0000006ab9d00000] [id=52656]
  0x0000017f94c39a20 GCTaskThread "GC Thread#3" [stack: 0x0000006ab9d00000,0x0000006ab9e00000] [id=54064]
  0x0000017f94d3f3e0 GCTaskThread "GC Thread#4" [stack: 0x0000006ab9e00000,0x0000006ab9f00000] [id=26696]
  0x0000017f94d3f690 GCTaskThread "GC Thread#5" [stack: 0x0000006ab9f00000,0x0000006aba000000] [id=29788]
  0x0000017f94951b40 GCTaskThread "GC Thread#6" [stack: 0x0000006aba000000,0x0000006aba100000] [id=29364]
  0x0000017f949f59f0 GCTaskThread "GC Thread#7" [stack: 0x0000006aba100000,0x0000006aba200000] [id=46516]
  0x0000017ff4e23710 ConcurrentGCThread "G1 Main Marker" [stack: 0x0000006ab8000000,0x0000006ab8100000] [id=27180]
  0x0000017ff4e24130 ConcurrentGCThread "G1 Conc#0" [stack: 0x0000006ab8100000,0x0000006ab8200000] [id=57028]
  0x0000017ff4e92ba0 ConcurrentGCThread "G1 Refine#0" [stack: 0x0000006ab8200000,0x0000006ab8300000] [id=37872]
  0x0000017ff4e935c0 ConcurrentGCThread "G1 Service" [stack: 0x0000006ab8300000,0x0000006ab8400000] [id=24628]

Threads with active compile tasks:
C2 CompilerThread0    45154 2325   !   4       sun.awt.PostEventQueue::flush (168 bytes)

VM state: not at safepoint (normal execution)

VM Mutex/Monitor currently owned by a thread: None

Heap address: 0x0000000083a00000, size: 1990 MB, Compressed Oops mode: 32-bit

CDS archive(s) mapped at: [0x0000000800000000-0x0000000800bc0000-0x0000000800bc0000), size 12320768, SharedBaseAddress: 0x0000000800000000, ArchiveRelocationMode: 0.
Compressed class space mapped at: 0x0000000800c00000-0x0000000840c00000, reserved size: 1073741824
Narrow klass base: 0x0000000800000000, Narrow klass shift: 0, Narrow klass range: 0x100000000

GC Precious Log:
 CPUs: 8 total, 8 available
 Memory: 7957M
 Large Page Support: Disabled
 NUMA Support: Disabled
 Compressed Oops: Enabled (32-bit)
 Heap Region Size: 1M
 Heap Min Capacity: 8M
 Heap Initial Capacity: 126M
 Heap Max Capacity: 1990M
 Pre-touch: Disabled
 Parallel Workers: 8
 Concurrent Workers: 2
 Concurrent Refinement Workers: 8
 Periodic GC: Disabled

Heap:
 garbage-first heap   total 129024K, used 81788K [0x0000000083a00000, 0x0000000100000000)
  region size 1024K, 24 young (24576K), 1 survivors (1024K)
 Metaspace       used 11870K, committed 12096K, reserved 1064960K
  class space    used 1293K, committed 1408K, reserved 1048576K

Heap Regions: E=young(eden), S=young(survivor), O=old, HS=humongous(starts), HC=humongous(continues), CS=collection set, F=free, OA=open archive, CA=closed archive, TAMS=top-at-mark-start (previous, next)
|   0|0x0000000083a00000, 0x0000000083b00000, 0x0000000083b00000|100%|HS|  |TAMS 0x0000000083a00000, 0x0000000083b00000| Complete 
|   1|0x0000000083b00000, 0x0000000083c00000, 0x0000000083c00000|100%|HC|  |TAMS 0x0000000083b00000, 0x0000000083c00000| Complete 
|   2|0x0000000083c00000, 0x0000000083d00000, 0x0000000083d00000|100%|HS|  |TAMS 0x0000000083c00000, 0x0000000083d00000| Complete 
|   3|0x0000000083d00000, 0x0000000083e00000, 0x0000000083e00000|100%|HC|  |TAMS 0x0000000083d00000, 0x0000000083e00000| Complete 
|   4|0x0000000083e00000, 0x0000000083f00000, 0x0000000083f00000|100%|HC|  |TAMS 0x0000000083e00000, 0x0000000083f00000| Complete 
|   5|0x0000000083f00000, 0x0000000084000000, 0x0000000084000000|100%|HC|  |TAMS 0x0000000083f00000, 0x0000000084000000| Complete 
|   6|0x0000000084000000, 0x0000000084100000, 0x0000000084100000|100%|HS|  |TAMS 0x0000000084000000, 0x0000000084100000| Complete 
|   7|0x0000000084100000, 0x0000000084200000, 0x0000000084200000|100%|HC|  |TAMS 0x0000000084100000, 0x0000000084200000| Complete 
|   8|0x0000000084200000, 0x0000000084300000, 0x0000000084300000|100%|HS|  |TAMS 0x0000000084200000, 0x0000000084300000| Complete 
|   9|0x0000000084300000, 0x0000000084400000, 0x0000000084400000|100%|HS|  |TAMS 0x0000000084300000, 0x0000000084400000| Complete 
|  10|0x0000000084400000, 0x0000000084500000, 0x0000000084500000|100%|HC|  |TAMS 0x0000000084400000, 0x0000000084500000| Complete 
|  11|0x0000000084500000, 0x0000000084600000, 0x0000000084600000|100%|HC|  |TAMS 0x0000000084500000, 0x0000000084600000| Complete 
|  12|0x0000000084600000, 0x0000000084700000, 0x0000000084700000|100%|HC|  |TAMS 0x0000000084600000, 0x0000000084700000| Complete 
|  13|0x0000000084700000, 0x0000000084800000, 0x0000000084800000|100%|HC|  |TAMS 0x0000000084700000, 0x0000000084800000| Complete 
|  14|0x0000000084800000, 0x0000000084900000, 0x0000000084900000|100%|HC|  |TAMS 0x0000000084800000, 0x0000000084900000| Complete 
|  15|0x0000000084900000, 0x0000000084a00000, 0x0000000084a00000|100%|HC|  |TAMS 0x0000000084900000, 0x0000000084a00000| Complete 
|  16|0x0000000084a00000, 0x0000000084b00000, 0x0000000084b00000|100%|HC|  |TAMS 0x0000000084a00000, 0x0000000084b00000| Complete 
|  17|0x0000000084b00000, 0x0000000084c00000, 0x0000000084c00000|100%|HC|  |TAMS 0x0000000084b00000, 0x0000000084c00000| Complete 
|  18|0x0000000084c00000, 0x0000000084d00000, 0x0000000084d00000|100%|HC|  |TAMS 0x0000000084c00000, 0x0000000084d00000| Complete 
|  19|0x0000000084d00000, 0x0000000084e00000, 0x0000000084e00000|100%|HC|  |TAMS 0x0000000084d00000, 0x0000000084e00000| Complete 
|  20|0x0000000084e00000, 0x0000000084f00000, 0x0000000084f00000|100%|HC|  |TAMS 0x0000000084e00000, 0x0000000084f00000| Complete 
|  21|0x0000000084f00000, 0x0000000085000000, 0x0000000085000000|100%|HC|  |TAMS 0x0000000084f00000, 0x0000000085000000| Complete 
|  22|0x0000000085000000, 0x0000000085100000, 0x0000000085100000|100%|HC|  |TAMS 0x0000000085000000, 0x0000000085100000| Complete 
|  23|0x0000000085100000, 0x0000000085200000, 0x0000000085200000|100%|HC|  |TAMS 0x0000000085100000, 0x0000000085200000| Complete 
|  24|0x0000000085200000, 0x0000000085300000, 0x0000000085300000|100%|HC|  |TAMS 0x0000000085200000, 0x0000000085300000| Complete 
|  25|0x0000000085300000, 0x0000000085400000, 0x0000000085400000|100%|HC|  |TAMS 0x0000000085300000, 0x0000000085400000| Complete 
|  26|0x0000000085400000, 0x0000000085500000, 0x0000000085500000|100%| O|  |TAMS 0x0000000085400000, 0x0000000085500000| Untracked 
|  27|0x0000000085500000, 0x0000000085600000, 0x0000000085600000|100%| O|  |TAMS 0x0000000085500000, 0x0000000085600000| Untracked 
|  28|0x0000000085600000, 0x0000000085700000, 0x0000000085700000|100%|HS|  |TAMS 0x0000000085600000, 0x0000000085700000| Complete 
|  29|0x0000000085700000, 0x0000000085800000, 0x0000000085800000|100%|HS|  |TAMS 0x0000000085700000, 0x0000000085800000| Complete 
|  30|0x0000000085800000, 0x0000000085900000, 0x0000000085900000|100%|HC|  |TAMS 0x0000000085800000, 0x0000000085900000| Complete 
|  31|0x0000000085900000, 0x0000000085a00000, 0x0000000085a00000|100%| O|  |TAMS 0x0000000085900000, 0x0000000085a00000| Untracked 
|  32|0x0000000085a00000, 0x0000000085b00000, 0x0000000085b00000|100%| O|  |TAMS 0x0000000085a00000, 0x0000000085b00000| Untracked 
|  33|0x0000000085b00000, 0x0000000085b2ea00, 0x0000000085c00000| 18%| O|  |TAMS 0x0000000085b00000, 0x0000000085b2ea00| Untracked 
|  34|0x0000000085c00000, 0x0000000085d00000, 0x0000000085d00000|100%|HS|  |TAMS 0x0000000085c00000, 0x0000000085d00000| Complete 
|  35|0x0000000085d00000, 0x0000000085e00000, 0x0000000085e00000|100%|HC|  |TAMS 0x0000000085d00000, 0x0000000085e00000| Complete 
|  36|0x0000000085e00000, 0x0000000085f00000, 0x0000000085f00000|100%|HC|  |TAMS 0x0000000085e00000, 0x0000000085f00000| Complete 
|  37|0x0000000085f00000, 0x0000000086000000, 0x0000000086000000|100%|HS|  |TAMS 0x0000000085f00000, 0x0000000086000000| Complete 
|  38|0x0000000086000000, 0x0000000086100000, 0x0000000086100000|100%|HS|  |TAMS 0x0000000086000000, 0x0000000086100000| Complete 
|  39|0x0000000086100000, 0x0000000086200000, 0x0000000086200000|100%|HC|  |TAMS 0x0000000086100000, 0x0000000086200000| Complete 
|  40|0x0000000086200000, 0x0000000086300000, 0x0000000086300000|100%|HC|  |TAMS 0x0000000086200000, 0x0000000086300000| Complete 
|  41|0x0000000086300000, 0x0000000086400000, 0x0000000086400000|100%|HC|  |TAMS 0x0000000086300000, 0x0000000086400000| Complete 
|  42|0x0000000086400000, 0x0000000086500000, 0x0000000086500000|100%|HC|  |TAMS 0x0000000086400000, 0x0000000086500000| Complete 
|  43|0x0000000086500000, 0x0000000086600000, 0x0000000086600000|100%|HS|  |TAMS 0x0000000086500000, 0x0000000086600000| Complete 
|  44|0x0000000086600000, 0x0000000086700000, 0x0000000086700000|100%|HC|  |TAMS 0x0000000086600000, 0x0000000086700000| Complete 
|  45|0x0000000086700000, 0x0000000086800000, 0x0000000086800000|100%|HC|  |TAMS 0x0000000086700000, 0x0000000086800000| Complete 
|  46|0x0000000086800000, 0x0000000086900000, 0x0000000086900000|100%|HC|  |TAMS 0x0000000086800000, 0x0000000086900000| Complete 
|  47|0x0000000086900000, 0x0000000086a00000, 0x0000000086a00000|100%|HC|  |TAMS 0x0000000086900000, 0x0000000086a00000| Complete 
|  48|0x0000000086a00000, 0x0000000086b00000, 0x0000000086b00000|100%|HS|  |TAMS 0x0000000086a00000, 0x0000000086b00000| Complete 
|  49|0x0000000086b00000, 0x0000000086c00000, 0x0000000086c00000|100%|HC|  |TAMS 0x0000000086b00000, 0x0000000086c00000| Complete 
|  50|0x0000000086c00000, 0x0000000086d00000, 0x0000000086d00000|100%|HC|  |TAMS 0x0000000086c00000, 0x0000000086d00000| Complete 
|  51|0x0000000086d00000, 0x0000000086e00000, 0x0000000086e00000|100%|HC|  |TAMS 0x0000000086d00000, 0x0000000086e00000| Complete 
|  52|0x0000000086e00000, 0x0000000086f00000, 0x0000000086f00000|100%|HC|  |TAMS 0x0000000086e00000, 0x0000000086f00000| Complete 
|  53|0x0000000086f00000, 0x0000000087000000, 0x0000000087000000|100%|HS|  |TAMS 0x0000000086f00000, 0x0000000086f00000| Complete 
|  54|0x0000000087000000, 0x0000000087100000, 0x0000000087100000|100%|HC|  |TAMS 0x0000000087000000, 0x0000000087000000| Complete 
|  55|0x0000000087100000, 0x0000000087200000, 0x0000000087200000|100%|HC|  |TAMS 0x0000000087100000, 0x0000000087100000| Complete 
|  56|0x0000000087200000, 0x0000000087300000, 0x0000000087300000|100%|HC|  |TAMS 0x0000000087200000, 0x0000000087200000| Complete 
|  57|0x0000000087300000, 0x0000000087400000, 0x0000000087400000|100%|HC|  |TAMS 0x0000000087300000, 0x0000000087300000| Complete 
|  58|0x0000000087400000, 0x0000000087400000, 0x0000000087500000|  0%| F|  |TAMS 0x0000000087400000, 0x0000000087400000| Untracked 
|  59|0x0000000087500000, 0x0000000087500000, 0x0000000087600000|  0%| F|  |TAMS 0x0000000087500000, 0x0000000087500000| Untracked 
|  60|0x0000000087600000, 0x0000000087600000, 0x0000000087700000|  0%| F|  |TAMS 0x0000000087600000, 0x0000000087600000| Untracked 
|  61|0x0000000087700000, 0x0000000087700000, 0x0000000087800000|  0%| F|  |TAMS 0x0000000087700000, 0x0000000087700000| Untracked 
|  62|0x0000000087800000, 0x0000000087800000, 0x0000000087900000|  0%| F|  |TAMS 0x0000000087800000, 0x0000000087800000| Untracked 
|  63|0x0000000087900000, 0x0000000087900000, 0x0000000087a00000|  0%| F|  |TAMS 0x0000000087900000, 0x0000000087900000| Untracked 
|  64|0x0000000087a00000, 0x0000000087a00000, 0x0000000087b00000|  0%| F|  |TAMS 0x0000000087a00000, 0x0000000087a00000| Untracked 
|  65|0x0000000087b00000, 0x0000000087b00000, 0x0000000087c00000|  0%| F|  |TAMS 0x0000000087b00000, 0x0000000087b00000| Untracked 
|  66|0x0000000087c00000, 0x0000000087c00000, 0x0000000087d00000|  0%| F|  |TAMS 0x0000000087c00000, 0x0000000087c00000| Untracked 
|  67|0x0000000087d00000, 0x0000000087d00000, 0x0000000087e00000|  0%| F|  |TAMS 0x0000000087d00000, 0x0000000087d00000| Untracked 
|  68|0x0000000087e00000, 0x0000000087e00000, 0x0000000087f00000|  0%| F|  |TAMS 0x0000000087e00000, 0x0000000087e00000| Untracked 
|  69|0x0000000087f00000, 0x0000000087f00000, 0x0000000088000000|  0%| F|  |TAMS 0x0000000087f00000, 0x0000000087f00000| Untracked 
|  70|0x0000000088000000, 0x0000000088000000, 0x0000000088100000|  0%| F|  |TAMS 0x0000000088000000, 0x0000000088000000| Untracked 
|  71|0x0000000088100000, 0x0000000088100000, 0x0000000088200000|  0%| F|  |TAMS 0x0000000088100000, 0x0000000088100000| Untracked 
|  72|0x0000000088200000, 0x0000000088200000, 0x0000000088300000|  0%| F|  |TAMS 0x0000000088200000, 0x0000000088200000| Untracked 
|  73|0x0000000088300000, 0x0000000088300000, 0x0000000088400000|  0%| F|  |TAMS 0x0000000088300000, 0x0000000088300000| Untracked 
|  74|0x0000000088400000, 0x0000000088400000, 0x0000000088500000|  0%| F|  |TAMS 0x0000000088400000, 0x0000000088400000| Untracked 
|  75|0x0000000088500000, 0x0000000088500000, 0x0000000088600000|  0%| F|  |TAMS 0x0000000088500000, 0x0000000088500000| Untracked 
|  76|0x0000000088600000, 0x0000000088600000, 0x0000000088700000|  0%| F|  |TAMS 0x0000000088600000, 0x0000000088600000| Untracked 
|  77|0x0000000088700000, 0x0000000088700000, 0x0000000088800000|  0%| F|  |TAMS 0x0000000088700000, 0x0000000088700000| Untracked 
|  78|0x0000000088800000, 0x0000000088800000, 0x0000000088900000|  0%| F|  |TAMS 0x0000000088800000, 0x0000000088800000| Untracked 
|  79|0x0000000088900000, 0x0000000088900000, 0x0000000088a00000|  0%| F|  |TAMS 0x0000000088900000, 0x0000000088900000| Untracked 
|  80|0x0000000088a00000, 0x0000000088a00000, 0x0000000088b00000|  0%| F|  |TAMS 0x0000000088a00000, 0x0000000088a00000| Untracked 
|  81|0x0000000088b00000, 0x0000000088b00000, 0x0000000088c00000|  0%| F|  |TAMS 0x0000000088b00000, 0x0000000088b00000| Untracked 
|  82|0x0000000088c00000, 0x0000000088c00000, 0x0000000088d00000|  0%| F|  |TAMS 0x0000000088c00000, 0x0000000088c00000| Untracked 
|  83|0x0000000088d00000, 0x0000000088d00000, 0x0000000088e00000|  0%| F|  |TAMS 0x0000000088d00000, 0x0000000088d00000| Untracked 
|  84|0x0000000088e00000, 0x0000000088e00000, 0x0000000088f00000|  0%| F|  |TAMS 0x0000000088e00000, 0x0000000088e00000| Untracked 
|  85|0x0000000088f00000, 0x0000000088f00000, 0x0000000089000000|  0%| F|  |TAMS 0x0000000088f00000, 0x0000000088f00000| Untracked 
|  86|0x0000000089000000, 0x0000000089000000, 0x0000000089100000|  0%| F|  |TAMS 0x0000000089000000, 0x0000000089000000| Untracked 
|  87|0x0000000089100000, 0x0000000089100000, 0x0000000089200000|  0%| F|  |TAMS 0x0000000089100000, 0x0000000089100000| Untracked 
|  88|0x0000000089200000, 0x0000000089200000, 0x0000000089300000|  0%| F|  |TAMS 0x0000000089200000, 0x0000000089200000| Untracked 
|  89|0x0000000089300000, 0x0000000089300000, 0x0000000089400000|  0%| F|  |TAMS 0x0000000089300000, 0x0000000089300000| Untracked 
|  90|0x0000000089400000, 0x0000000089400000, 0x0000000089500000|  0%| F|  |TAMS 0x0000000089400000, 0x0000000089400000| Untracked 
|  91|0x0000000089500000, 0x0000000089500000, 0x0000000089600000|  0%| F|  |TAMS 0x0000000089500000, 0x0000000089500000| Untracked 
|  92|0x0000000089600000, 0x0000000089600000, 0x0000000089700000|  0%| F|  |TAMS 0x0000000089600000, 0x0000000089600000| Untracked 
|  93|0x0000000089700000, 0x0000000089700000, 0x0000000089800000|  0%| F|  |TAMS 0x0000000089700000, 0x0000000089700000| Untracked 
|  94|0x0000000089800000, 0x0000000089800000, 0x0000000089900000|  0%| F|  |TAMS 0x0000000089800000, 0x0000000089800000| Untracked 
|  95|0x0000000089900000, 0x0000000089900000, 0x0000000089a00000|  0%| F|  |TAMS 0x0000000089900000, 0x0000000089900000| Untracked 
|  96|0x0000000089a00000, 0x0000000089ab09d8, 0x0000000089b00000| 68%| S|CS|TAMS 0x0000000089a00000, 0x0000000089a00000| Complete 
|  97|0x0000000089b00000, 0x0000000089b00000, 0x0000000089c00000|  0%| F|  |TAMS 0x0000000089b00000, 0x0000000089b00000| Untracked 
|  98|0x0000000089c00000, 0x0000000089c00000, 0x0000000089d00000|  0%| F|  |TAMS 0x0000000089c00000, 0x0000000089c00000| Untracked 
|  99|0x0000000089d00000, 0x0000000089d00000, 0x0000000089e00000|  0%| F|  |TAMS 0x0000000089d00000, 0x0000000089d00000| Untracked 
| 100|0x0000000089e00000, 0x0000000089e00000, 0x0000000089f00000|  0%| F|  |TAMS 0x0000000089e00000, 0x0000000089e00000| Untracked 
| 101|0x0000000089f00000, 0x0000000089f00000, 0x000000008a000000|  0%| F|  |TAMS 0x0000000089f00000, 0x0000000089f00000| Untracked 
| 102|0x000000008a000000, 0x000000008a000000, 0x000000008a100000|  0%| F|  |TAMS 0x000000008a000000, 0x000000008a000000| Untracked 
| 103|0x000000008a100000, 0x000000008a173440, 0x000000008a200000| 45%| E|  |TAMS 0x000000008a100000, 0x000000008a100000| Complete 
| 104|0x000000008a200000, 0x000000008a300000, 0x000000008a300000|100%| E|CS|TAMS 0x000000008a200000, 0x000000008a200000| Complete 
| 105|0x000000008a300000, 0x000000008a400000, 0x000000008a400000|100%| E|CS|TAMS 0x000000008a300000, 0x000000008a300000| Complete 
| 106|0x000000008a400000, 0x000000008a500000, 0x000000008a500000|100%| E|CS|TAMS 0x000000008a400000, 0x000000008a400000| Complete 
| 107|0x000000008a500000, 0x000000008a600000, 0x000000008a600000|100%| E|CS|TAMS 0x000000008a500000, 0x000000008a500000| Complete 
| 108|0x000000008a600000, 0x000000008a700000, 0x000000008a700000|100%| E|CS|TAMS 0x000000008a600000, 0x000000008a600000| Complete 
| 109|0x000000008a700000, 0x000000008a800000, 0x000000008a800000|100%| E|CS|TAMS 0x000000008a700000, 0x000000008a700000| Complete 
| 110|0x000000008a800000, 0x000000008a900000, 0x000000008a900000|100%| E|CS|TAMS 0x000000008a800000, 0x000000008a800000| Complete 
| 111|0x000000008a900000, 0x000000008aa00000, 0x000000008aa00000|100%| E|CS|TAMS 0x000000008a900000, 0x000000008a900000| Complete 
| 112|0x000000008aa00000, 0x000000008ab00000, 0x000000008ab00000|100%| E|CS|TAMS 0x000000008aa00000, 0x000000008aa00000| Complete 
| 113|0x000000008ab00000, 0x000000008ac00000, 0x000000008ac00000|100%| E|CS|TAMS 0x000000008ab00000, 0x000000008ab00000| Complete 
| 114|0x000000008ac00000, 0x000000008ad00000, 0x000000008ad00000|100%| E|CS|TAMS 0x000000008ac00000, 0x000000008ac00000| Complete 
| 115|0x000000008ad00000, 0x000000008ae00000, 0x000000008ae00000|100%| E|CS|TAMS 0x000000008ad00000, 0x000000008ad00000| Complete 
| 116|0x000000008ae00000, 0x000000008af00000, 0x000000008af00000|100%| E|CS|TAMS 0x000000008ae00000, 0x000000008ae00000| Complete 
| 117|0x000000008af00000, 0x000000008b000000, 0x000000008b000000|100%| E|CS|TAMS 0x000000008af00000, 0x000000008af00000| Complete 
| 118|0x000000008b000000, 0x000000008b100000, 0x000000008b100000|100%| E|CS|TAMS 0x000000008b000000, 0x000000008b000000| Complete 
| 119|0x000000008b100000, 0x000000008b200000, 0x000000008b200000|100%| E|CS|TAMS 0x000000008b100000, 0x000000008b100000| Complete 
| 120|0x000000008b200000, 0x000000008b300000, 0x000000008b300000|100%| E|CS|TAMS 0x000000008b200000, 0x000000008b200000| Complete 
| 121|0x000000008b300000, 0x000000008b400000, 0x000000008b400000|100%| E|CS|TAMS 0x000000008b300000, 0x000000008b300000| Complete 
| 122|0x000000008b400000, 0x000000008b500000, 0x000000008b500000|100%| E|CS|TAMS 0x000000008b400000, 0x000000008b400000| Complete 
| 123|0x000000008b500000, 0x000000008b600000, 0x000000008b600000|100%| E|CS|TAMS 0x000000008b500000, 0x000000008b500000| Complete 
| 124|0x000000008b600000, 0x000000008b700000, 0x000000008b700000|100%| E|CS|TAMS 0x000000008b600000, 0x000000008b600000| Complete 
| 125|0x000000008b700000, 0x000000008b800000, 0x000000008b800000|100%| E|CS|TAMS 0x000000008b700000, 0x000000008b700000| Complete 

Card table byte_map: [0x0000017ffccf0000,0x0000017ffd0e0000] _byte_map_base: 0x0000017ffc8d3000

Marking Bits (Prev, Next): (CMBitMap*) 0x0000017ff4e10ce0, (CMBitMap*) 0x0000017ff4e10d20
 Prev Bits: [0x0000017ffd4d0000, 0x0000017fff3e8000)
 Next Bits: [0x0000017f8f000000, 0x0000017f90f18000)

Polling page: 0x0000017ff2d40000

Metaspace:

Usage:
  Non-class:     10.33 MB used.
      Class:      1.26 MB used.
       Both:     11.59 MB used.

Virtual space:
  Non-class space:       16.00 MB reserved,      10.44 MB ( 65%) committed,  2 nodes.
      Class space:        1.00 GB reserved,       1.38 MB ( <1%) committed,  1 nodes.
             Both:        1.02 GB reserved,      11.81 MB (  1%) committed. 

Chunk freelists:
   Non-Class:  997.00 KB
       Class:  2.61 MB
        Both:  3.59 MB

MaxMetaspaceSize: unlimited
CompressedClassSpaceSize: 1.00 GB
Initial GC threshold: 21.00 MB
Current GC threshold: 21.00 MB
CDS: on
MetaspaceReclaimPolicy: balanced
 - commit_granule_bytes: 65536.
 - commit_granule_words: 8192.
 - virtual_space_node_default_size: 1048576.
 - enlarge_chunks_in_place: 1.
 - new_chunks_are_fully_committed: 0.
 - uncommit_free_chunks: 1.
 - use_allocation_guard: 0.
 - handle_deallocations: 1.


Internal statistics:

num_allocs_failed_limit: 0.
num_arena_births: 152.
num_arena_deaths: 0.
num_vsnodes_births: 3.
num_vsnodes_deaths: 0.
num_space_committed: 189.
num_space_uncommitted: 0.
num_chunks_returned_to_freelist: 0.
num_chunks_taken_from_freelist: 247.
num_chunk_merges: 0.
num_chunk_splits: 125.
num_chunks_enlarged: 28.
num_purges: 0.
num_inconsistent_stats: 0.

CodeHeap 'non-profiled nmethods': size=120000Kb used=1242Kb max_used=1242Kb free=118757Kb
 bounds [0x0000017f87ad0000, 0x0000017f87d40000, 0x0000017f8f000000]
CodeHeap 'profiled nmethods': size=120000Kb used=4338Kb max_used=4338Kb free=115661Kb
 bounds [0x0000017f805a0000, 0x0000017f809e0000, 0x0000017f87ad0000]
CodeHeap 'non-nmethods': size=5760Kb used=1312Kb max_used=1354Kb free=4447Kb
 bounds [0x0000017f80000000, 0x0000017f80270000, 0x0000017f805a0000]
 total_blobs=2953 nmethods=2323 adapters=542
 compilation: enabled
              stopped_count=0, restarted_count=0
 full_count=0

Compilation events (20 events):
Event: 44.619 Thread 0x0000017fffdee290 nmethod 2317 0x0000017f87bf1610 code [0x0000017f87bf1d20, 0x0000017f87bfab40]
Event: 44.620 Thread 0x0000017fffdee290 2318       4       java.awt.geom.AffineTransform::getScaleInstance (19 bytes)
Event: 44.621 Thread 0x0000017fffdee290 nmethod 2318 0x0000017f87c01510 code [0x0000017f87c016c0, 0x0000017f87c017f8]
Event: 44.991 Thread 0x0000017fffdf0e90 2319       3       java.lang.String::toLowerCase (29 bytes)
Event: 44.992 Thread 0x0000017fffdf0e90 nmethod 2319 0x0000017f809d8b90 code [0x0000017f809d8d60, 0x0000017f809d9018]
Event: 44.992 Thread 0x0000017fffdf0e90 2320       3       sun.font.CompositeStrike::getStrikeForSlot (50 bytes)
Event: 44.992 Thread 0x0000017fffdf0e90 nmethod 2320 0x0000017f809d9110 code [0x0000017f809d9300, 0x0000017f809d98d8]
Event: 44.992 Thread 0x0000017fffdf0e90 2321       3       javax.swing.table.JTableHeader::columnMarginChanged (5 bytes)
Event: 44.992 Thread 0x0000017fffdf0e90 nmethod 2321 0x0000017f809d9b10 code [0x0000017f809d9cc0, 0x0000017f809d9fb8]
Event: 44.992 Thread 0x0000017fffdf0e90 2322       3       javax.swing.JTable::columnMarginChanged (57 bytes)
Event: 44.993 Thread 0x0000017fffdf0e90 nmethod 2322 0x0000017f809da090 code [0x0000017f809da2c0, 0x0000017f809daaa8]
Event: 44.994 Thread 0x0000017fffdee290 2323       4       java.beans.PropertyChangeSupport::firePropertyChange (35 bytes)
Event: 45.042 Thread 0x0000017fffdee290 nmethod 2323 0x0000017f87c01890 code [0x0000017f87c01b00, 0x0000017f87c03e38]
Event: 45.042 Thread 0x0000017fffdee290 2324   !   4       javax.swing.plaf.basic.BasicHTML::updateRenderer (200 bytes)
Event: 45.052 Thread 0x0000017fffdee290 nmethod 2324 0x0000017f87c04e90 code [0x0000017f87c05100, 0x0000017f87c06258]
Event: 45.066 Thread 0x0000017fffdee290 2325   !   4       sun.awt.PostEventQueue::flush (168 bytes)
Event: 45.066 Thread 0x0000017fffdf0e90 2326       3       javax.swing.JComponent::unregisterWithKeyboardManager (63 bytes)
Event: 45.067 Thread 0x0000017fffdf0e90 nmethod 2326 0x0000017f809dad10 code [0x0000017f809daf40, 0x0000017f809db828]
Event: 45.067 Thread 0x0000017fffdf0e90 2327       3       javax.swing.JComponent::deregisterNextFocusableComponent (53 bytes)
Event: 45.068 Thread 0x0000017fffdf0e90 nmethod 2327 0x0000017f809dba90 code [0x0000017f809dbcc0, 0x0000017f809dc7f8]

GC Heap History (6 events):
Event: 11.118 GC heap before
{Heap before GC invocations=0 (full 0):
 garbage-first heap   total 129024K, used 49152K [0x0000000083a00000, 0x0000000100000000)
  region size 1024K, 23 young (23552K), 0 survivors (0K)
 Metaspace       used 10641K, committed 10880K, reserved 1064960K
  class space    used 1220K, committed 1344K, reserved 1048576K
}
Event: 11.122 GC heap after
{Heap after GC invocations=1 (full 0):
 garbage-first heap   total 129024K, used 30805K [0x0000000083a00000, 0x0000000100000000)
  region size 1024K, 3 young (3072K), 3 survivors (3072K)
 Metaspace       used 10641K, committed 10880K, reserved 1064960K
  class space    used 1220K, committed 1344K, reserved 1048576K
}
Event: 11.213 GC heap before
{Heap before GC invocations=1 (full 0):
 garbage-first heap   total 129024K, used 63573K [0x0000000083a00000, 0x0000000100000000)
  region size 1024K, 32 young (32768K), 3 survivors (3072K)
 Metaspace       used 10700K, committed 10944K, reserved 1064960K
  class space    used 1224K, committed 1344K, reserved 1048576K
}
Event: 11.216 GC heap after
{Heap after GC invocations=2 (full 0):
 garbage-first heap   total 129024K, used 34583K [0x0000000083a00000, 0x0000000100000000)
  region size 1024K, 1 young (1024K), 1 survivors (1024K)
 Metaspace       used 10700K, committed 10944K, reserved 1064960K
  class space    used 1224K, committed 1344K, reserved 1048576K
}
Event: 11.350 GC heap before
{Heap before GC invocations=2 (full 0):
 garbage-first heap   total 129024K, used 82711K [0x0000000083a00000, 0x0000000100000000)
  region size 1024K, 30 young (30720K), 1 survivors (1024K)
 Metaspace       used 10751K, committed 11008K, reserved 1064960K
  class space    used 1226K, committed 1344K, reserved 1048576K
}
Event: 11.351 GC heap after
{Heap after GC invocations=3 (full 0):
 garbage-first heap   total 129024K, used 54140K [0x0000000083a00000, 0x0000000100000000)
  region size 1024K, 1 young (1024K), 1 survivors (1024K)
 Metaspace       used 10751K, committed 11008K, reserved 1064960K
  class space    used 1226K, committed 1344K, reserved 1048576K
}

Deoptimization events (20 events):
Event: 33.850 Thread 0x0000017f94c3c9a0 Uncommon trap: trap_request=0xffffffbe fr.pc=0x0000017f87bd5af4 relative=0x0000000000001c74
Event: 33.850 Thread 0x0000017f94c3c9a0 Uncommon trap: reason=profile_predicate action=maybe_recompile pc=0x0000017f87bd5af4 method=java.awt.image.AreaAveragingScaleFilter.accumPixels(IIIILjava/awt/image/ColorModel;Ljava/lang/Object;II)V @ 164 c2
Event: 33.850 Thread 0x0000017f94c3c9a0 DEOPT PACKING pc=0x0000017f87bd5af4 sp=0x0000006ab96ff400
Event: 33.850 Thread 0x0000017f94c3c9a0 DEOPT UNPACKING pc=0x0000017f80055c23 sp=0x0000006ab96ff348 mode 2
Event: 33.902 Thread 0x0000017f93bf0670 Uncommon trap: trap_request=0xffffffc6 fr.pc=0x0000017f87bb8460 relative=0x0000000000000440
Event: 33.902 Thread 0x0000017f93bf0670 Uncommon trap: reason=bimorphic_or_optimized_type_check action=maybe_recompile pc=0x0000017f87bb8460 method=sun.java2d.SunGraphics2D.transformShape(Ljava/awt/geom/AffineTransform;Ljava/awt/Shape;)Ljava/awt/Shape; @ 35 c2
Event: 33.902 Thread 0x0000017f93bf0670 DEOPT PACKING pc=0x0000017f87bb8460 sp=0x0000006ab95fd470
Event: 33.902 Thread 0x0000017f93bf0670 DEOPT UNPACKING pc=0x0000017f80055c23 sp=0x0000006ab95fd400 mode 2
Event: 41.379 Thread 0x0000017f93bf0670 Uncommon trap: trap_request=0xffffffc6 fr.pc=0x0000017f87bb8460 relative=0x0000000000000440
Event: 41.379 Thread 0x0000017f93bf0670 Uncommon trap: reason=bimorphic_or_optimized_type_check action=maybe_recompile pc=0x0000017f87bb8460 method=sun.java2d.SunGraphics2D.transformShape(Ljava/awt/geom/AffineTransform;Ljava/awt/Shape;)Ljava/awt/Shape; @ 35 c2
Event: 41.379 Thread 0x0000017f93bf0670 DEOPT PACKING pc=0x0000017f87bb8460 sp=0x0000006ab95fe810
Event: 41.379 Thread 0x0000017f93bf0670 DEOPT UNPACKING pc=0x0000017f80055c23 sp=0x0000006ab95fe7a0 mode 2
Event: 41.400 Thread 0x0000017f93bf0670 Uncommon trap: trap_request=0xffffff45 fr.pc=0x0000017f87bb43b8 relative=0x0000000000000118
Event: 41.400 Thread 0x0000017f93bf0670 Uncommon trap: reason=unstable_if action=reinterpret pc=0x0000017f87bb43b8 method=GameBoard$GameBoardCellRenderer.chooseImage(S)Ljava/awt/Image; @ 1 c2
Event: 41.400 Thread 0x0000017f93bf0670 DEOPT PACKING pc=0x0000017f87bb43b8 sp=0x0000006ab95fdbc0
Event: 41.400 Thread 0x0000017f93bf0670 DEOPT UNPACKING pc=0x0000017f80055c23 sp=0x0000006ab95fdb50 mode 2
Event: 41.445 Thread 0x0000017f94c3b190 DEOPT PACKING pc=0x0000017f80894735 sp=0x0000006ab96ff6b0
Event: 41.445 Thread 0x0000017f94c3b190 DEOPT UNPACKING pc=0x0000017f80056763 sp=0x0000006ab96feb98 mode 0
Event: 41.453 Thread 0x0000017f93bf0670 DEOPT PACKING pc=0x0000017f80871481 sp=0x0000006ab95fcfd0
Event: 41.453 Thread 0x0000017f93bf0670 DEOPT UNPACKING pc=0x0000017f80056763 sp=0x0000006ab95fc4b0 mode 0

Classes unloaded (0 events):
No events

Classes redefined (0 events):
No events

Internal exceptions (16 events):
Event: 0.096 Thread 0x0000017f93a1b900 Exception <a 'java/lang/NoSuchMethodError'{0x000000008b6f0878}: 'java.lang.Object java.lang.invoke.DirectMethodHandle$Holder.invokeStaticInit(java.lang.Object)'> (0x000000008b6f0878) 
thrown [t:\workspace\open\src\hotspot\share\interpreter\linkResolver.cpp, line 766]
Event: 0.100 Thread 0x0000017ff4dd2150 Exception <a 'java/lang/ClassNotFoundException'{0x000000008b6b96c8}: sun/awt/resources/spi/awtProvider> (0x000000008b6b96c8) 
thrown [t:\workspace\open\src\hotspot\share\classfile\systemDictionary.cpp, line 256]
Event: 0.105 Thread 0x0000017f93a1b900 Exception <a 'java/lang/NoSuchMethodError'{0x000000008b6fdfc0}: 'void java.lang.invoke.DirectMethodHandle$Holder.invokeStatic(java.lang.Object, java.lang.Object)'> (0x000000008b6fdfc0) 
thrown [t:\workspace\open\src\hotspot\share\interpreter\linkResolver.cpp, line 766]
Event: 0.134 Thread 0x0000017ff4dd2150 Exception <a 'java/io/FileNotFoundException'{0x000000008b599778}> (0x000000008b599778) 
thrown [t:\workspace\open\src\hotspot\share\prims\jni.cpp, line 516]
Event: 0.143 Thread 0x0000017ff4dd2150 Exception <a 'java/io/FileNotFoundException'{0x000000008b5c6960}> (0x000000008b5c6960) 
thrown [t:\workspace\open\src\hotspot\share\prims\jni.cpp, line 516]
Event: 0.293 Thread 0x0000017f93bf0670 Exception <a 'java/lang/NoSuchMethodError'{0x000000008b33e668}: 'void java.lang.invoke.DirectMethodHandle$Holder.invokeSpecial(java.lang.Object, java.lang.Object, java.lang.Object)'> (0x000000008b33e668) 
thrown [t:\workspace\open\src\hotspot\share\interpreter\linkResolver.cpp, line 766]
Event: 0.303 Thread 0x0000017f93bf0670 Exception <a 'java/lang/NoSuchMethodError'{0x000000008b368840}: 'java.lang.Object java.lang.invoke.DirectMethodHandle$Holder.newInvokeSpecial(java.lang.Object, java.lang.Object, java.lang.Object, java.lang.Object, java.lang.Object)'> (0x000000008b368840) 
thrown [t:\workspace\open\src\hotspot\share\interpreter\linkResolver.cpp, line 766]
Event: 0.304 Thread 0x0000017f93bf0670 Exception <a 'java/lang/NoSuchMethodError'{0x000000008b374208}: 'java.lang.Object java.lang.invoke.DirectMethodHandle$Holder.invokeStatic(java.lang.Object, int, java.lang.Object, java.lang.Object, java.lang.Object, java.lang.Object)'> (0x000000008b374208) 
thrown [t:\workspace\open\src\hotspot\share\interpreter\linkResolver.cpp, line 766]
Event: 0.309 Thread 0x0000017f93bf0670 Exception <a 'java/lang/NoSuchMethodError'{0x000000008b20fd88}: 'java.lang.Object java.lang.invoke.DirectMethodHandle$Holder.invokeStatic(java.lang.Object, int, java.lang.Object)'> (0x000000008b20fd88) 
thrown [t:\workspace\open\src\hotspot\share\interpreter\linkResolver.cpp, line 766]
Event: 0.329 Thread 0x0000017f93bf0670 Exception <a 'java/lang/ClassNotFoundException'{0x000000008b2c79a0}: com/sun/swing/internal/plaf/metal/resources/spi/metalProvider> (0x000000008b2c79a0) 
thrown [t:\workspace\open\src\hotspot\share\classfile\systemDictionary.cpp, line 256]
Event: 0.330 Thread 0x0000017f93bf0670 Exception <a 'java/lang/ClassNotFoundException'{0x000000008b2cb7a8}: com/sun/swing/internal/plaf/basic/resources/spi/basicProvider> (0x000000008b2cb7a8) 
thrown [t:\workspace\open\src\hotspot\share\classfile\systemDictionary.cpp, line 256]
Event: 0.355 Thread 0x0000017f93c6e260 Exception <a 'java/lang/NoSuchMethodError'{0x000000008b2fbc08}: 'java.lang.Object java.lang.invoke.DirectMethodHandle$Holder.newInvokeSpecial(java.lang.Object, java.lang.Object, java.lang.Object, int, int, int, int, int)'> (0x000000008b2fbc08) 
thrown [t:\workspace\open\src\hotspot\share\interpreter\linkResolver.cpp, line 766]
Event: 0.411 Thread 0x0000017f93bd4370 Exception <a 'java/lang/NoSuchMethodError'{0x000000008b485a28}: 'void java.lang.invoke.DirectMethodHandle$Holder.invokeVirtual(java.lang.Object, java.lang.Object)'> (0x000000008b485a28) 
thrown [t:\workspace\open\src\hotspot\share\interpreter\linkResolver.cpp, line 766]
Event: 0.444 Thread 0x0000017f93bf0670 Exception <a 'java/lang/NoSuchMethodError'{0x000000008af09960}: 'void java.lang.invoke.DirectMethodHandle$Holder.invokeStaticInit(java.lang.Object)'> (0x000000008af09960) 
thrown [t:\workspace\open\src\hotspot\share\interpreter\linkResolver.cpp, line 766]
Event: 0.702 Thread 0x0000017f93bf0670 Exception <a 'java/lang/NoSuchMethodError'{0x000000008afbfcc0}: static LScore;.<clinit>()V> (0x000000008afbfcc0) 
thrown [t:\workspace\open\src\hotspot\share\prims\jni.cpp, line 1107]
Event: 5.926 Thread 0x0000017f93bf0670 Exception <a 'java/lang/NoSuchMethodError'{0x000000008a70a5c8}: 'int java.lang.invoke.DirectMethodHandle$Holder.invokeStatic(java.lang.Object)'> (0x000000008a70a5c8) 
thrown [t:\workspace\open\src\hotspot\share\interpreter\linkResolver.cpp, line 766]

VM Operations (20 events):
Event: 41.349 Executing VM operation: ICBufferFull
Event: 41.349 Executing VM operation: ICBufferFull done
Event: 41.350 Executing VM operation: ICBufferFull
Event: 41.350 Executing VM operation: ICBufferFull done
Event: 41.351 Executing VM operation: ICBufferFull
Event: 41.352 Executing VM operation: ICBufferFull done
Event: 41.352 Executing VM operation: ICBufferFull
Event: 41.352 Executing VM operation: ICBufferFull done
Event: 41.353 Executing VM operation: ICBufferFull
Event: 41.353 Executing VM operation: ICBufferFull done
Event: 41.354 Executing VM operation: ICBufferFull
Event: 41.354 Executing VM operation: ICBufferFull done
Event: 41.355 Executing VM operation: ICBufferFull
Event: 41.355 Executing VM operation: ICBufferFull done
Event: 41.356 Executing VM operation: ICBufferFull
Event: 41.356 Executing VM operation: ICBufferFull done
Event: 42.364 Executing VM operation: Cleanup
Event: 42.364 Executing VM operation: Cleanup done
Event: 44.394 Executing VM operation: Cleanup
Event: 44.394 Executing VM operation: Cleanup done

Events (20 events):
Event: 32.251 loading class java/io/ObjectOutputStream$ReplaceTable
Event: 32.251 loading class java/io/ObjectOutputStream$ReplaceTable done
Event: 32.252 loading class jdk/internal/reflect/UnsafeQualifiedStaticLongFieldAccessorImpl
Event: 32.252 loading class jdk/internal/reflect/UnsafeQualifiedStaticLongFieldAccessorImpl done
Event: 32.252 loading class jdk/internal/reflect/UnsafeQualifiedStaticObjectFieldAccessorImpl
Event: 32.252 loading class jdk/internal/reflect/UnsafeQualifiedStaticObjectFieldAccessorImpl done
Event: 32.252 loading class java/io/UnsupportedEncodingException
Event: 32.252 loading class java/io/UnsupportedEncodingException done
Event: 32.252 loading class java/nio/charset/CharacterCodingException
Event: 32.252 loading class java/nio/charset/CharacterCodingException done
Event: 32.253 loading class java/io/FileOutputStream$1
Event: 32.253 loading class java/io/FileOutputStream$1 done
Event: 33.806 Thread 0x0000017f94c3c9a0 Thread added: 0x0000017f94c3c9a0
Event: 36.758 loading class javax/swing/text/GapContent$RemoveUndo
Event: 36.758 loading class javax/swing/text/GapContent$RemoveUndo done
Event: 36.941 loading class javax/swing/text/GapContent$UndoPosRef
Event: 36.941 loading class javax/swing/text/GapContent$UndoPosRef done
Event: 38.884 Thread 0x0000017f94c3c9a0 Thread exited: 0x0000017f94c3c9a0
Event: 41.357 Thread 0x0000017f94c3b190 Thread added: 0x0000017f94c3b190
Event: 41.357 Thread 0x0000017f94c3d340 Thread added: 0x0000017f94c3d340


Dynamic libraries:
0x00007ff63c760000 - 0x00007ff63c770000 	C:\Program Files\Java\jdk-17.0.1\bin\java.exe
0x00007ffc0aeb0000 - 0x00007ffc0b0c6000 	C:\WINDOWS\SYSTEM32\ntdll.dll
0x00007ffc09600000 - 0x00007ffc096c4000 	C:\WINDOWS\System32\KERNEL32.DLL
0x00007ffc081d0000 - 0x00007ffc08577000 	C:\WINDOWS\System32\KERNELBASE.dll
0x00007ffc08ac0000 - 0x00007ffc08bd1000 	C:\WINDOWS\System32\ucrtbase.dll
0x00007ffbfcba0000 - 0x00007ffbfcbb8000 	C:\Program Files\Java\jdk-17.0.1\bin\jli.dll
0x00007ffbfcb80000 - 0x00007ffbfcb9a000 	C:\Program Files\Java\jdk-17.0.1\bin\VCRUNTIME140.dll
0x00007ffc0a850000 - 0x00007ffc0a902000 	C:\WINDOWS\System32\ADVAPI32.dll
0x00007ffc09330000 - 0x00007ffc093d7000 	C:\WINDOWS\System32\msvcrt.dll
0x00007ffc09040000 - 0x00007ffc090e8000 	C:\WINDOWS\System32\sechost.dll
0x00007ffc089f0000 - 0x00007ffc08a18000 	C:\WINDOWS\System32\bcrypt.dll
0x00007ffc08c50000 - 0x00007ffc08d65000 	C:\WINDOWS\System32\RPCRT4.dll
0x00007ffc09180000 - 0x00007ffc0932e000 	C:\WINDOWS\System32\USER32.dll
0x00007ffc08890000 - 0x00007ffc088b6000 	C:\WINDOWS\System32\win32u.dll
0x00007ffbe5830000 - 0x00007ffbe5ac3000 	C:\WINDOWS\WinSxS\amd64_microsoft.windows.common-controls_6595b64144ccf1df_6.0.22621.3235_none_270f74e173860f98\COMCTL32.dll
0x00007ffc090f0000 - 0x00007ffc09119000 	C:\WINDOWS\System32\GDI32.dll
0x00007ffc08580000 - 0x00007ffc08699000 	C:\WINDOWS\System32\gdi32full.dll
0x00007ffc08a20000 - 0x00007ffc08aba000 	C:\WINDOWS\System32\msvcp_win.dll
0x00007ffbfe0b0000 - 0x00007ffbfe0ba000 	C:\WINDOWS\SYSTEM32\VERSION.dll
0x00007ffc0ae30000 - 0x00007ffc0ae61000 	C:\WINDOWS\System32\IMM32.DLL
0x00007ffc00ee0000 - 0x00007ffc00eec000 	C:\Program Files\Java\jdk-17.0.1\bin\vcruntime140_1.dll
0x00007ffbd8a80000 - 0x00007ffbd8b0d000 	C:\Program Files\Java\jdk-17.0.1\bin\msvcp140.dll
0x00007ffb90030000 - 0x00007ffb90bee000 	C:\Program Files\Java\jdk-17.0.1\bin\server\jvm.dll
0x00007ffc09030000 - 0x00007ffc09038000 	C:\WINDOWS\System32\PSAPI.DLL
0x00007ffbfc670000 - 0x00007ffbfc679000 	C:\WINDOWS\SYSTEM32\WSOCK32.dll
0x00007ffbfe0c0000 - 0x00007ffbfe0f4000 	C:\WINDOWS\SYSTEM32\WINMM.dll
0x00007ffc096d0000 - 0x00007ffc09741000 	C:\WINDOWS\System32\WS2_32.dll
0x00007ffc07210000 - 0x00007ffc07228000 	C:\WINDOWS\SYSTEM32\kernel.appcore.dll
0x00007ffbff0f0000 - 0x00007ffbff0fa000 	C:\Program Files\Java\jdk-17.0.1\bin\jimage.dll
0x00007ffc05af0000 - 0x00007ffc05d23000 	C:\WINDOWS\SYSTEM32\DBGHELP.DLL
0x00007ffc099e0000 - 0x00007ffc09d68000 	C:\WINDOWS\System32\combase.dll
0x00007ffc0a5f0000 - 0x00007ffc0a6c7000 	C:\WINDOWS\System32\OLEAUT32.dll
0x00007ffbfccd0000 - 0x00007ffbfcd02000 	C:\WINDOWS\SYSTEM32\dbgcore.DLL
0x00007ffc086a0000 - 0x00007ffc08719000 	C:\WINDOWS\System32\bcryptPrimitives.dll
0x00007ffbfefb0000 - 0x00007ffbfefbe000 	C:\Program Files\Java\jdk-17.0.1\bin\instrument.dll
0x00007ffbfc2c0000 - 0x00007ffbfc2e5000 	C:\Program Files\Java\jdk-17.0.1\bin\java.dll
0x00007ffbcf3a0000 - 0x00007ffbcf476000 	C:\Program Files\Java\jdk-17.0.1\bin\svml.dll
0x00007ffc09d70000 - 0x00007ffc0a5cc000 	C:\WINDOWS\System32\SHELL32.dll
0x00007ffc06130000 - 0x00007ffc06a29000 	C:\WINDOWS\SYSTEM32\windows.storage.dll
0x00007ffc05ff0000 - 0x00007ffc0612e000 	C:\WINDOWS\SYSTEM32\wintypes.dll
0x00007ffc09750000 - 0x00007ffc09843000 	C:\WINDOWS\System32\SHCORE.dll
0x00007ffc09120000 - 0x00007ffc0917e000 	C:\WINDOWS\System32\shlwapi.dll
0x00007ffc08100000 - 0x00007ffc08121000 	C:\WINDOWS\SYSTEM32\profapi.dll
0x00007ffbfc0a0000 - 0x00007ffbfc0b8000 	C:\Program Files\Java\jdk-17.0.1\bin\zip.dll
0x00007ffbfc2a0000 - 0x00007ffbfc2b9000 	C:\Program Files\Java\jdk-17.0.1\bin\net.dll
0x00007ffbff850000 - 0x00007ffbff986000 	C:\WINDOWS\SYSTEM32\WINHTTP.dll
0x00007ffc07680000 - 0x00007ffc076e9000 	C:\WINDOWS\system32\mswsock.dll
0x00007ffbfc1b0000 - 0x00007ffbfc1c5000 	C:\Program Files\Java\jdk-17.0.1\bin\nio.dll
0x00007ffbfc080000 - 0x00007ffbfc09a000 	C:\Program Files\JetBrains\IntelliJ IDEA Community Edition 2021.2.3\bin\breakgen64.dll
0x00007ffbbebd0000 - 0x00007ffbbed5f000 	C:\Program Files\Java\jdk-17.0.1\bin\awt.dll
0x00007ffc029c0000 - 0x00007ffc02a57000 	C:\WINDOWS\SYSTEM32\apphelp.dll
0x00007ffc05110000 - 0x00007ffc051bb000 	C:\WINDOWS\system32\uxtheme.dll
0x00007ffc0a6f0000 - 0x00007ffc0a843000 	C:\WINDOWS\System32\MSCTF.dll
0x00007ffc09450000 - 0x00007ffc095f5000 	C:\WINDOWS\System32\ole32.dll
0x00007ffc05380000 - 0x00007ffc053ab000 	C:\WINDOWS\system32\DWMAPI.DLL
0x00007ffbbf060000 - 0x00007ffbbf160000 	C:\WINDOWS\system32\opengl32.dll
0x00007ffbfc230000 - 0x00007ffbfc25d000 	C:\WINDOWS\SYSTEM32\GLU32.dll
0x00007ffc05220000 - 0x00007ffc05259000 	C:\WINDOWS\SYSTEM32\dxcore.dll
0x00007ffbc82b0000 - 0x00007ffbc8339000 	C:\Program Files\Java\jdk-17.0.1\bin\freetype.dll
0x00007ffbc5bd0000 - 0x00007ffbc5c78000 	C:\Program Files\Java\jdk-17.0.1\bin\fontmanager.dll
0x00007ffbf5d90000 - 0x00007ffbf5eda000 	C:\WINDOWS\SYSTEM32\textinputframework.dll
0x00007ffc026c0000 - 0x00007ffc027f4000 	C:\WINDOWS\SYSTEM32\CoreMessaging.dll
0x00007ffbf48f0000 - 0x00007ffbf4c5c000 	C:\WINDOWS\SYSTEM32\CoreUIComponents.dll
0x00007ffc07900000 - 0x00007ffc0790c000 	C:\WINDOWS\SYSTEM32\CRYPTBASE.DLL
0x00007ffc09930000 - 0x00007ffc099e0000 	C:\WINDOWS\System32\clbcatq.dll
0x00007ffc013d0000 - 0x00007ffc01580000 	C:\WINDOWS\SYSTEM32\WindowsCodecs.dll
0x00007ffbde6b0000 - 0x00007ffbde70e000 	C:\WINDOWS\system32\dataexchange.dll
0x00007ffbf2680000 - 0x00007ffbf290e000 	C:\WINDOWS\system32\twinapi.appcore.dll

dbghelp: loaded successfully - version: 4.0.5 - missing functions: none
symbol engine: initialized successfully - sym options: 0x614 - pdb path: .;C:\Program Files\Java\jdk-17.0.1\bin;C:\WINDOWS\SYSTEM32;C:\WINDOWS\WinSxS\amd64_microsoft.windows.common-controls_6595b64144ccf1df_6.0.22621.3235_none_270f74e173860f98;C:\Program Files\Java\jdk-17.0.1\bin\server;C:\Program Files\JetBrains\IntelliJ IDEA Community Edition 2021.2.3\bin

VM Arguments:
jvm_args: -javaagent:C:\Program Files\JetBrains\IntelliJ IDEA Community Edition 2021.2.3\lib\idea_rt.jar=54361:C:\Program Files\JetBrains\IntelliJ IDEA Community Edition 2021.2.3\bin -Dfile.encoding=windows-1251 
java_command: Pacman
java_class_path (initial): G:\IntellijProjects\GUI_DZ_2223L_PRO2_GR14c_s28610_INTELLIJ\Pacman\out\production\Pacman
Launcher Type: SUN_STANDARD

[Global flags]
     intx CICompilerCount                          = 4                                         {product} {ergonomic}
     uint ConcGCThreads                            = 2                                         {product} {ergonomic}
     uint G1ConcRefinementThreads                  = 8                                         {product} {ergonomic}
   size_t G1HeapRegionSize                         = 1048576                                   {product} {ergonomic}
    uintx GCDrainStackTargetSize                   = 64                                        {product} {ergonomic}
   size_t InitialHeapSize                          = 132120576                                 {product} {ergonomic}
   size_t MarkStackSize                            = 4194304                                   {product} {ergonomic}
   size_t MaxHeapSize                              = 2086666240                                {product} {ergonomic}
   size_t MaxNewSize                               = 1251999744                                {product} {ergonomic}
   size_t MinHeapDeltaBytes                        = 1048576                                   {product} {ergonomic}
   size_t MinHeapSize                              = 8388608                                   {product} {ergonomic}
    uintx NonNMethodCodeHeapSize                   = 5839372                                {pd product} {ergonomic}
    uintx NonProfiledCodeHeapSize                  = 122909434                              {pd product} {ergonomic}
    uintx ProfiledCodeHeapSize                     = 122909434                              {pd product} {ergonomic}
    uintx ReservedCodeCacheSize                    = 251658240                              {pd product} {ergonomic}
     bool SegmentedCodeCache                       = true                                      {product} {ergonomic}
   size_t SoftMaxHeapSize                          = 2086666240                             {manageable} {ergonomic}
     bool UseCompressedClassPointers               = true                           {product lp64_product} {ergonomic}
     bool UseCompressedOops                        = true                           {product lp64_product} {ergonomic}
     bool UseG1GC                                  = true                                      {product} {ergonomic}
     bool UseLargePagesIndividualAllocation        = false                                  {pd product} {ergonomic}

Logging:
Log output configuration:
 #0: stdout all=warning uptime,level,tags
 #1: stderr all=off uptime,level,tags

Environment Variables:
JAVA_HOME=C:\Program Files\Java\jdk-17.0.1
PATH=C:\Program Files\Common Files\Oracle\Java\javapath;C:\Windows\system32;C:\Windows;C:\Windows\System32\Wbem;C:\Windows\System32\WindowsPowerShell\v1.0\;C:\Windows\System32\OpenSSH\;C:\Program Files\Java\jdk-17.0.1\bin;C:\WINDOWS\system32;C:\WINDOWS;C:\WINDOWS\System32\Wbem;C:\WINDOWS\System32\WindowsPowerShell\v1.0\;C:\WINDOWS\System32\OpenSSH\;C:\Program Files\Git\cmd;C:\Program Files\PuTTY\;C:\Program Files\nodejs\;C:\Program Files\dotnet\;C:\Users\HP\AppData\Local\Programs\Python\Launcher\;C:\Users\HP\AppData\Local\Microsoft\WindowsApps;;C:\Users\HP\AppData\Local\Programs\Microsoft VS Code\bin;C:\Program Files\JetBrains\CLion 2022.3.2\bin;;C:\Program Files\JetBrains\DataGrip 2023.1.2\bin;;C:\Users\HP\AppData\Roaming\npm;C:\Program Files\JetBrains\PyCharm 2023.3.4\bin;;C:\Program Files\JetBrains\JetBrains Rider 2023.3.4\bin;
USERNAME=HP
OS=Windows_NT
PROCESSOR_IDENTIFIER=Intel64 Family 6 Model 140 Stepping 1, GenuineIntel



---------------  S Y S T E M  ---------------

OS:
 Windows 10 , 64 bit Build 22621 (10.0.22621.3374)
OS uptime: 20 days 11:33 hours

CPU: total 8 (initial active 8) (4 cores per cpu, 2 threads per core) family 6 model 140 stepping 1 microcode 0xac, cx8, cmov, fxsr, ht, mmx, 3dnowpref, sse, sse2, sse3, ssse3, sse4.1, sse4.2, popcnt, lzcnt, tsc, tscinvbit, avx, avx2, aes, erms, clmul, bmi1, bmi2, adx, avx512f, avx512dq, avx512cd, avx512bw, avx512vl, sha, fma, vzeroupper, avx512_vpopcntdq, avx512_vpclmulqdq, avx512_vaes, avx512_vnni, clflush, clflushopt, clwb, avx512_vbmi2, avx512_vbmi

Memory: 4k page, system-wide physical 7957M (382M free)
TotalPageFile size 21300M (AvailPageFile size 6M)
current process WorkingSet (physical memory assigned to process): 182M, peak: 184M
current process commit charge ("private bytes"): 263M, peak: 264M

vm_info: Java HotSpot(TM) 64-Bit Server VM (17.0.1+12-LTS-39) for windows-amd64 JRE (17.0.1+12-LTS-39), built on Sep 27 2021 18:41:35 by "mach5one" with MS VC++ 16.8 (VS2019)

END.
